1000987
1005091
1031197
1038166
1041358
1045239
1051281
1059298
1067046
1097141
1101098
1102319
1107360
1120042
1120861
1147604
1153402
1167128
1167529
1181463
1192498
1193677
1217975
1238579
1239196
1247282
1255195
1284105
1286697
1290908
1295275
1315357
1316606
1337613
1346208
1349572
1351961
1356898
1362491
1374621
1414786
1416420
1420162
1429746
1445647
1448098
1454933
1465116
1465328
1469701
1480853
1485905
1510522
1514936
1519213
1519298
1526821
1527880
1540063
1548133
1594854
1600703
1604005
1609641
1612456
1613272
1628387
1647174
1657116
1678139
1690562
1692705
1696761
1697165
1700010
1705873
1708351
1717049
1721041
1730089
1734833
1745780
1751240
1763394
1776931
1785818
1814160
1824087
1831692
1832242
1841170
1847638
1847980
1850322
1851700
1854178
1865054
1866972
1867065
1890387
1891007
1926014
1926716
1929808
1937982
1943585
1957369
1961182
1962575
1967688
1988455
1999431
2020267
2030205
2054414
2070116
2070636
2111809
2144673
2145387
2146862
2150484
2158845
2161054
2173034
2175528
2176163
2178125
2185948
2195034
2208099
2224497
2227318
2237519
2280239
2292716
2307517
2314290
2316669
2322754
2324855
2334842
2350321
2363834
2376184
2391881
2395414
2396071
2435074
2446011
2461812
2481076
2490673
2498930
2504671
2521887
2538338
2542635
2556791
2561401
2571632
2617026
2621544
2633059
2660742
2661521
2667261
2671807
2683123
2723316
2726640
2731855
2732227
2736971
2740260
2757866
2797122
2801055
2802463
2834516
2841827
2847828
2852387
2862375
2877163
2879193
2881339
2888212
2892117
2893477
2901731
2908889
2911345
2915809
2936678
2951091
2965776
2976873
2985426
2989566
2995924
3001032
3014713
3020077
3023732
3030005
3030527
3075519
3076217
3084474
3088844
3093127
3099579
3117264
3117540
3128779
3149085
3157585
3172078
3188169
3202113
3203557
3225311
3225640
3241944
3249656
3278178
3279509
3290774
3293521
3297241
3318384
3348141
3351163
3358948
3365598
3379308
3385271
3392816
3422180
3456050
3463170
3487926
3492801
3492974
3505107
3510229
3542188
3548925
3561325
3575181
3582009
3585401
3587583
3596881
3600104
3600489
3612189
3635664
3640278
3640451
3640691
3643919
3650305
3654986
3656780
3657547
3683343
3692020
3712924
3721724
3727252
3739890
3743740
3748761
3776589
3790548
3791526
3792625
3815709
3835905
3838338
3850553
3857997
3859532
3868191
3887212
3892899
3909649
3914356
3915912
3916066
3921572
3926644
3933675
3945788
3959476
3959478
3962673
3962940
3983261
3985197
4013069
4013240
4023091
4024888
4046933
4074393
4085044
4085079
4102725
4104211
4108830
4114336
4125407
4128735
4136859
4162026
4164617
4174393
4182531
4183973
4184347
4191013
4194848
4199385
4199731
4227167
4236504
4243140
4284091
4291851
4295449
4318061
4338981
4339310
4345700
4351247
4355068
4356426
4364323
4382210
4389834
4400697
4406118
4416112
4417458
4418995
4419869
4421258
4426217
4430783
4430989
4431860
4458591
4459067
4462038
4477898
4485897
4490634
4512288
4523143
4523700
4526257
4528341
4532326
4567869
4570410
4575019
4575968
4579391
4595685
4611548
4620411
4622764
4636775
4643307
4644047
4654228
4686162
4690782
4692321
4719819
4721855
4724867
4725709
4730423
4746126
4750789
4757691
4760674
4779372
4810854
4818473
4825948
4827791
4828022
4833912
4835329
4840439
4857681
4889256
4892039
4894838
4907455
4910985
4929680
4943239
4948088
4959092
4974290
4975196
4984976
4985067
4989084
4999804
5032278
5035735
5039198
5043424
5057657
5058037
5063291
5063773
5068078
5073406
5078086
5089760
5090148
5095217
5097022
5122462
5137459
5146274
5157415
5161572
5174795
5191476
5205554
5215693
5216475
5232279
5246154
5262804
5263617
5272516
5278147
5285149
5285954
5297361
5299034
5303625
5315973
5324924
5327831
5330570
5335884
5340739
5343088
5349046
5362016
5377090
5395309
5395604
5410943
5411913
5412344
5415100
5431812
5438062
5446442
5467884
5482614
5501992
5515488
5536265
5536321
5550163
5561816
5579819
5593335
5601182
5606729
5630003
5633027
5647350
5651362
5654591
5669795
5670875
5674157
5676099
5682481
5689607
5693420
5703820
5711616
5719732
5719755
5719785
5719863
5720092
5723425
5735547
5753191
5765879
5769936
5773525
5778025
5783980
5788487
5791390
5809209
5810032
5825264
5830440
5841571
5857740
5860947
5872593
5878108
5879541
5879681
5880993
5885730
5886352
5891687
5898496
5904399
5918154
5922711
5934443
5934687
5949581
5971198
5985283
5996720
6002493
6024811
6047260
6050328
6056442
6059049
6065162
6073635
6097965
6102705
6107591
6113580
6132263
6140501
6141268
6143259
6149961
6179233
6186189
6190486
6219699
6264924
6271000
6271655
6279733
6284252
6288159
6310184
6324521
6327050
6339349
6365641
6377931
6381915
6449157
6449711
6478279
6520666
6522776
6554069
6557346
6562159
6570013
6572538
6574371
6597203
6601824
6605355
6625484
6639448
6650583
6660232
6674506
6694306
6699937
6724098
6737756
6764015
6765234
6772489
6806785
6825996
6831524
6835109
6840763
6851771
6852187
6856144
6865098
6871085
6900595
6902576
6913603
6916122
6922047
6926998
6931697
6931878
6933309
6935309
6940692
6960438
6967231
6974547
6981360
6985191
6987750
6987920
6990202
7005908
7026112
7045510
7051956
7062651
7070321
7072511
7083778
7100115
7102211
7110625
7125616
7130419
7145103
7150650
7171972
7181458
7195005
7198882
7204201
7212011
7217625
7260929
7303765
7326225
7332340
7335106
7336919
7339505
7344899
7346086
7349540
7357363
7358309
7359381
7368565
7369836
7372796
7390152
7393207
7429233
7434475
7460143
7464786
7466559
7490053
7504134
7513001
7513388
7525523
7534729
7536426
7540602
7546514
7551580
7557689
7565755
7584041
7596156
7601485
7609421
7609569
7609623
7610008
7617103
7619283
7622647
7632565
7659423
7666631
7666921
7693879
7697775
7706097
7713558
7734922
7736794
7738584
7769410
7770662
7801845
7817402
7819196
7834714
7858285
7871104
7876558
7878274
7890070
7923261
7935610
7974266
7978927
7979719
7981001
7990464
8047153
8064914
8065169
8069445
8072688
8100694
8108367
8120570
8123168
8129967
8155070
8163633
8183877
8188622
8189953
8190243
8193113
8196554
8202567
8229676
8236765
8251644
8267552
8269211
8270530
8273175
8282947
8285105
8290180
8297168
8303048
8306210
8312104
8316280
8316772
8329263
8347300
8347682
8354856
8370482
8375703
8400102
8401307
8406399
8427775
8433898
8435219
8449295
8449927
8456275
8478733
8493127
8512683
8548170
8549286
8553043
8555927
8568911
8571217
8577110
8582973
8584485
8589908
8591246
8593531
8601794
8611284
8630565
8655382
8665531
8703158
8703856
8743544
8755843
8776276
8782506
8784403
8786845
8795880
8801693
8824894
8838486
8840095
8858723
8885824
8887122
8893750
8909130
8914971
8920133
8926329
8936782
8939540
8946711
8956183
8960827
8967080
8991985
8995953
9010570
9011461
9014519
9016322
9047215
9047354
9047756
9056207
9057105
9064102
9065253
9065261
9065918
9069542
9079004
9095733
9096247
9124986
9128185
9129910
9158282
9159505
9160817
9167069
9197034
9201295
9207187
9214346
9218003
9230142
9248265
9249700
9255195
9256078
9256789
9285663
9290666
9293200
9296122
9302790
9323205
9326279
9328844
9341633
9345073
9347595
9348170
9377318
9393514
9417461
9420620
9445325
9456126
9457212
9477362
9499979
9507624
9533192
9557488
9573346
9577457
9608690
9627763
9637288
9652674
9659142
9660518
9683109
9715313
9722939
9727643
9741112
9744706
9746096
9746353
9750660
9757457
9762781
9765701
9768380
9773089
9773381
9774928
9777917
9783967
9786852
9795596
9811282
9815592
9824922
9828329
9831330
9857376
9866235
9878790
9879889
9897199
9903761
9903877
9913762
9916835
9920091
9927070
9956603
9975885
9979263
9992785
10002101
10026619
10032068
10060527
10063078
10094776
10105020
10107844
10118665
10131462
10135580
10151046
10161317
10163341
10178322
10179751
10182666
10185752
10216545
10221140
10246606
10251572
10252275
10252459
10255146
10261852
10261961
10269377
10287246
10289691
10291320
10294763
10296087
10297144
10298187
10320376
10332264
10345904
10358387
10366431
10367313
10379820
10395499
10400729
10447024
10449485
10449599
10451844
10471343
10477802
10484950
10510885
10528530
10530745
10534844
10546594
10554336
10570009
10577073
10580640
10616864
10630056
10643686
10651806
10652930
10663232
10681525
10684217
10689950
10692795
10694286
10695105
10700015
10702155
10702647
10718948
10745500
10765317
10795597
10795727
10797590
10804315
10805461
10811902
10812589
10820256
10835062
10863264
10865527
10893199
10894590
10900165
10911442
10927243
10957866
10962113
10978624
11002628
11025933
11029520
11043154
11060102
11073690
11075866
11077029
11100774
11111971
11114251
11139502
11142863
11150357
11155266
11160400
11169259
11184830
11188349
11209007
11212210
11222489
11230870
11230971
11255218
11264728
11284145
11296304
11311254
11330110
11333818
11345041
11360983
11362832
11364354
11376417
11377575
11380222
11381479
11384991
11385093
11402291
11402776
11406560
11415950
11420550
11449836
11456258
11457053
11461896
11471859
11473098
11480468
11492998
11493724
11513511
11534561
11540046
11551064
11554613
11556190
11558668
11561059
11565729
11570407
11572376
11582261
11587997
11594462
11602955
11605974
11617604
11630920
11632810
11633345
11649819
11693393
11693851
11695304
11701685
11716200
11723514
11725336
11735470
11750797
11764621
11775492
11780092
11783661
11786757
11795584
11796373
11798078
11808036
11809590
11828375
11831366
11838800
11852803
11861069
11863819
11872199
11899979
11904602
11907481
11915545
11943016
11947382
11952429
11962732
11970350
11993716
12023171
12037395
12056126
12085020
12090342
12119826
12135545
12149029
12163372
12171596
12181729
12184504
12191741
12192629
12221390
12229001
12241417
12244835
12244989
12257889
12293355
12307148
12330168
12333846
12356243
12358149
12359737
12368832
12404624
12405166
12408256
12415971
12416067
12441767
12454186
12456822
12471656
12502398
12504024
12506241
12520128
12545679
12553538
12557287
12562683
12565118
12574064
12580180
12582488
12582846
12591906
12609860
12639828
12648410
12654321
12658367
12665016
12665103
12668725
12674029
12684252
12694876
12717038
12721590
12733259
12745967
12779752
12782149
12794591
12797688
12804985
12817520
12820138
12826987
12831265
12844376
12848277
12858362
12863467
12869865
12874086
12894057
12900519
12913369
12915579
12929371
12934344
12941720
12941772
12974242
12986898
12988019
12993192
12995984
12998599
13005900
13011621
13016224
13022079
13025651
13031123
13035650
13043318
13044491
13059235
13063818
13083177
13086403
13092559
13093597
13094577
13097140
13103615
13115022
13124305
13132768
13151069
13161912
13168772
13179432
13183249
13186317
13188970
13212956
13216017
13217270
13222015
13224703
13242491
13251275
13268427
13272546
13274298
13285739
13298049
13307731
13309636
13317772
13341515
13347629
13365795
13411862
13412445
13432780
13435145
13442446
13445001
13478157
13503591
13516092
13529256
13531824
13538597
13570941
13572759
13580391
13590313
13591290
13595834
13612183
13639257
13645204
13647591
13659344
13661402
13686223
13687077
13693317
13694651
13705274
13712082
13727359
13729452
13732893
13746081
13759480
13760334
13767511
13770020
13774230
13796361
13826263
13839266
13843122
13849908
13868426
13871639
13886237
13907965
13909861
13912794
13913957
13919051
13929254
13942160
13942388
13950883
13973756
13978186
13978856
13982703
13986189
13997457
14005323
14011880
14036621
14078552
14106072
14114708
14121871
14145768
14149384
14150639
14164866
14167326
14187568
14192077
14202104
14209964
14223557
14229646
14232531
14236079
14241632
14260510
14261808
14276895
14279845
14280202
14297473
14309381
14309633
14321486
14322183
14339376
14366286
14369958
14374683
14378997
14390883
14397280
14400096
14409402
14414494
14424019
14426680
14428490
14446196
14451258
14459438
14464812
14465238
14469061
14494991
14500706
14502312
14531157
14533171
14535949
14542771
14555576
14576795
14580952
14584958
14600849
14611019
14632688
14633764
14645736
14659663
14660966
14662613
14668642
14675037
14694157
14706677
14708308
14711834
14714456
14739010
14746334
14747175
14767011
14768785
14772621
14785701
14789341
14793207
14805207
14814876
14829248
14846681
14847295
14856977
14886084
14902769
14904619
14905760
14914929
14939339
14951175
14961536
14965417
14967388
14970253
14970799
15008283
15013136
15020212
15051831
15053713
15053773
15064452
15065802
15097198
15101027
15111919
15113055
15113706
15114683
15123606
15126167
15145850
15165696
15176266
15208723
15213126
15235420
15243141
15247622
15262147
15262961
15267307
15273976
15276994
15277959
15301173
15315002
15319714
15322275
15339966
15350824
15356076
15363330
15371927
15372178
15383959
15396379
15396546
15405080
15411754
15436365
15443136
15455587
15464485
15465511
15469784
15494344
15500840
15502965
15523193
15524374
15534804
15538756
15541178
15543546
15553640
15558495
15574831
15584264
15584666
15614701
15618912
15621202
15625254
15637774
15639082
15650530
15653826
15681413
15713119
15713142
15768802
15769234
15773742
15781490
15794114
15797520
15805128
15805895
15817060
15818563
15823081
15848082
15858039
15862376
15863476
15872437
15872637
15873998
15878026
15905822
15913504
15922214
15940622
15977340
15979120
15985208
15996131
15997185
16004732
16010425
16012050
16014481
16032420
16032434
16076584
16090535
16105874
16106794
16112486
16126001
16131357
16138256
16144833
16163151
16172586
16194386
16194597
16214469
16218650
16227128
16233215
16243322
16245491
16287446
16305956
16311533
16313311
16318485
16323452
16325368
16329532
16359256
16386917
16391996
16440932
16451874
16452558
16466056
16473033
16479598
16482820
16489503
16490505
16495874
16500286
16518579
16526084
16528960
16547623
16548345
16549012
16551402
16567699
16580706
16593572
16594207
16613768
16623971
16636153
16655113
16664007
16684157
16699784
16700082
16700872
16706243
16716960
16718201
16720953
16724851
16732618
16733782
16744259
16752377
16752679
16753782
16755368
16761051
16761583
16766831
16777818
16779094
16780652
16789747
16805138
16820655
16826180
16843686
16853570
16868609
16883386
16887896
16894807
16899096
16919196
16933631
16936333
16938946
16939572
16949578
16950214
16953950
16966783
16968514
16976963
16987256
16998026
17000519
17013705
17017869
17025551
17027506
17034790
17050069
17058764
17064283
17083205
17088605
17094348
17100998
17128573
17130207
17142424
17147866
17157848
17161224
17187488
17200756
17202783
17208638
17215633
17225356
17237852
17246583
17251491
17261318
17273068
17275435
17283503
17290178
17294712
17310950
17331807
17360537
17373693
17373904
17396809
17409061
17442175
17447424
17449032
17459228
17459925
17460556
17462924
17463093
17481471
17490176
17491764
17502464
17505533
17506190
17511822
17514223
17529065
17550771
17557943
17574474
17577271
17598441
17598503
17614671
17620004
17633060
17665752
17675345
17676744
17691556
17696495
17702419
17709451
17711451
17713158
17714821
17725948
17733643
17733862
17760709
17761888
17770700
17780204
17796609
17809253
17818396
17821206
17822448
17824764
17835751
17862936
17887276
17905940
17907105
17928654
17940810
17960614
17995757
18001289
18013989
18015998
18018275
18024209
18035679
18044951
18046516
18049703
18059800
18060814
18062010
18068946
18073027
18081961
18094186
18121924
18135193
18136230
18144393
18151608
18153760
18168717
18185433
18192613
18204253
18250033
18255790
18265662
18266495
18269887
18270898
18283367
18292396
18303363
18311096
18320981
18342485
18343434
18348870
18352626
18356137
18362211
18373553
18381264
18385500
18396745
18404664
18415302
18431578
18474976
18479243
18491278
18501093
18515575
18522884
18547722
18573632
18589201
18600486
18602933
18603679
18615662
18633071
18642080
18642614
18645462
18655437
18719967
18724975
18730483
18740893
18778184
18787310
18793072
18794495
18805726
18819264
18825818
18838398
18851184
18857499
18868788
18870325
18873638
18883480
18910818
18933395
18945976
18956274
18962713
18962927
18965189
18975988
18993565
18997511
19003538
19036680
19041474
19044774
19053642
19058404
19059954
19091529
19102350
19111109
19122174
19149668
19155009
19188779
19193906
19195784
19204231
19206265
19207553
19222945
19225538
19250896
19259639
19265332
19268886
19269963
19273390
19294586
19301867
19302311
19303193
19310688
19314315
19347379
19348106
19349909
19363462
19366830
19372313
19384690
19396508
19400329
19408773
19410365
19411724
19422218
19428949
19441987
19449216
19451961
19460383
19476999
19481079
19483175
19484918
19496269
19504009
19515528
19520295
19538932
19542387
19548539
19548906
19554947
19584276
19588632
19612948
19633119
19634118
19638012
19641865
19657695
19659506
19660389
19667632
19669271
19671450
19697181
19699697
19700376
19711857
19713747
19725427
19736020
19737576
19755450
19757412
19778196
19788204
19788878
19819884
19823778
19836086
19841406
19841918
19849772
19860748
19868612
19876002
19920638
19926633
19993916
19994271
20024985
20028182
20040197
20046797
20048378
20066122
20072290
20109102
20120776
20121673
20136475
20141240
20153446
20158990
20161215
20177075
20178911
20181493
20185550
20202361
20205120
20231677
20232734
20243344
20243450
20268675
20269645
20299035
20305757
20331001
20333459
20377251
20388791
20398951
20408747
20429242
20440521
20446300
20458513
20462483
20464356
20472360
20474988
20484192
20492151
20507753
20519394
20522108
20549802
20571807
20614057
20621830
20627724
20641229
20674789
20677175
20679164
20682396
20704397
20712682
20714221
20715597
20718224
20718701
20729504
20746203
20746235
20749061
20788589
20789352
20803590
20820540
20825978
20849495
20853830
20876182
20879629
20888179
20889376
20905660
20909332
20911227
20938531
20938691
20939470
20945287
20947581
20964910
20983972
20987822
20996392
21028426
21031249
21043995
21047311
21058493
21058586
21062061
21070699
21094625
21107698
21128796
21132558
21142101
21146603
21147472
21150183
21174603
21174639
21177956
21182258
21191459
21191699
21215486
21222518
21228143
21235862
21240061
21270720
21271786
21274742
21300700
21310297
21325063
21384212
21385034
21392220
21407435
21413854
21417254
21443211
21462876
21463253
21472486
21483174
21507011
21508778
21513742
21518804
21518898
21519901
21523752
21527107
21529483
21532189
21538493
21574515
21586606
21623616
21624717
21625872
21631538
21646898
21652137
21665212
21671849
21676124
21694762
21746967
21748769
21755444
21774155
21774657
21774916
21795080
21800628
21802065
21802576
21815017
21815460
21821590
21841597
21851661
21854603
21866094
21872123
21877096
21889821
21897949
21908400
21909033
21931892
21942042
21967367
21975341
21979401
21985376
21993071
21999982
22000658
22013885
22033653
22034263
22035205
22036488
22070831
22088758
22115586
22124149
22129731
22142721
22150303
22168320
22190687
22194592
22206421
22209966
22221462
22225446
22240004
22257156
22272096
22275131
22279092
22294363
22306561
22316748
22328123
22337702
22345946
22361620
22372696
22377513
22382544
22389415
22399751
22406442
22410015
22414008
22421614
22430487
22444318
22461869
22482668
22489580
22490978
22493046
22493749
22496792
22510230
22536226
22551768
22576740
22582530
22587149
22616397
22617483
22634787
22654793
22659720
22662249
22670988
22678973
22679664
22681850
22692589
22709706
22714930
22717612
22729314
22734561
22735964
22737177
22774144
22774931
22782594
22792653
22797367
22838269
22839321
22849681
22872031
22877535
22877882
22881432
22902725
22904151
22909096
22912711
22929943
22929976
22930455
22936409
22979986
22991682
22994772
22995690
23008266
23055066
23074969
23112551
23123033
23158113
23171950
23175439
23187906
23200902
23233837
23243770
23260001
23262677
23271691
23275238
23290051
23296514
23297891
23305159
23330892
23344170
23354844
23358812
23362545
23373595
23375549
23399911
23401466
23413393
23417385
23426156
23439843
23446003
23450891
23481074
23494647
23500198
23503769
23508284
23512344
23525731
23557710
23559248
23573342
23581680
23585947
23588358
23594982
23610772
23621712
23623897
23625135
23644353
23648241
23652573
23658149
23662443
23678710
23690547
23693255
23701288
23715577
23716290
23721820
23728749
23739744
23742893
23747142
23754623
23762016
23765876
23766566
23778388
23813391
23814692
23822463
23834565
23871362
23871965
23873116
23888698
23890448
23904793
23910215
23912882
23915776
23941134
23942930
23953233
23971780
23977164
23978845
23981567
23983160
23997640
24012530
24017647
24036438
24041006
24042908
24043848
24058468
24060995
24073311
24080521
24090224
24104189
24141022
24150401
24153790
24158098
24160815
24175609
24177540
24189132
24193962
24201227
24202739
24211022
24239444
24264771
24274379
24280224
24290025
24302244
24316115
24335182
24344355
24349425
24356227
24366712
24408211
24409100
24415899
24436721
24439189
24475948
24477639
24481850
24498038
24502288
24504924
24525539
24537625
24562248
24596759
24601912
24633679
24634872
24674928
24681455
24683270
24690897
24692750
24697151
24712246
24716291
24729351
24733141
24738634
24758608
24766777
24790249
24807793
24826358
24826873
24833017
24855054
24869711
24888526
24891058
24902864
24904656
24929192
24954528
24955961
24962877
24976461
24978729
24979141
24989690
25033584
25040400
25043027
25051445
25051705
25059829
25061047
25083160
25083717
25084692
25089783
25095228
25102592
25115614
25129035
25135483
25142434
25179259
25191074
25202174
25202675
25202928
25211279
25212263
25247064
25269853
25270779
25277271
25289396
25302450
25304379
25304628
25320756
25323999
25342602
25350654
25363528
25366108
25376160
25390698
25400996
25424215
25430311
25431054
25469577
25476407
25506767
25530670
25531104
25531110
25534590
25546920
25549386
25558389
25565008
25565268
25568075
25575384
25581081
25587667
25592078
25607196
25628523
25631495
25632326
25637171
25637535
25638521
25640227
25668968
25672235
25682965
25686574
25705883
25730235
25731780
25734475
25737242
25780797
25789480
25799233
25801328
25816540
25830885
25842530
25856139
25857694
25866740
25890790
25915749
25915825
25919263
25920848
25927973
25929684
25946845
25947170
25961752
25968780
25977973
25978227
25996254
25996867
26000739
26005728
26015341
26026134
26026262
26039281
26042360
26046576
26049756
26065807
26068058
26071392
26075518
26075639
26076937
26080758
26081428
26090351
26095535
26117068
26131568
26131767
26148561
26168015
26181823
26190598
26198787
26201321
26201672
26251021
26256918
26257105
26289303
26289663
26289664
26302311
26315368
26333376
26355096
26357487
26369770
26402252
26408620
26410149
26420328
26425327
26435196
26438076
26449208
26451176
26487625
26500777
26511113
26523935
26524257
26525216
26525736
26535695
26550791
26552004
26570621
26613031
26619961
26621357
26638878
26652024
26681691
26687612
26688508
26690901
26727505
26737106
26739337
26745443
26750375
26768666
26773434
26787962
26791573
26792383
26798904
26801461
26801823
26802632
26813596
26815644
26816619
26817590
26822750
26842020
26846094
26848184
26852137
26869278
26888207
26900333
26907519
26911669
26913576
26917990
26923718
26934818
26967241
26971395
26988866
27004963
27008173
27020719
27024826
27041232
27042443
27066835
27067426
27078169
27081489
27095405
27114663
27127943
27150024
27159923
27169909
27204328
27204338
27214002
27214326
27217681
27220123
27220340
27226382
27240580
27246102
27254860
27257655
27271907
27272812
27279234
27287733
27292362
27298137
27301574
27310295
27311436
27327311
27339067
27344271
27354394
27355884
27371973
27373546
27398706
27399339
27405454
27439494
27463740
27481022
27485218
27491604
27498529
27501764
27502644
27511137
27521522
27524275
27535563
27540971
27554440
27561257
27562427
27576918
27596406
27598409
27617065
27620847
27632926
27637469
27649821
27654419
27662161
27673440
27689803
27700393
27712898
27718374
27728249
27738989
27742378
27745933
27769889
27774150
27783639
27788959
27798617
27800356
27822110
27832884
27841514
27859961
27864820
27868791
27869146
27880771
27895684
27898539
27917851
27923295
27953622
27967214
27999618
28003438
28012813
28037190
28048412
28051053
28056138
28067973
28070210
28070763
28084663
28084727
28096445
28104553
28138415
28142348
28143445
28146467
28174783
28178891
28186202
28213695
28222834
28241953
28242874
28246470
28249358
28263073
28267548
28272069
28278211
28283876
28305821
28308688
28313024
28332397
28346314
28357714
28368211
28377285
28386629
28391987
28405711
28419843
28441404
28454676
28463332
28466643
28482585
28505861
28511170
28522233
28530109
28541427
28558003
28559552
28570736
28573370
28575258
28584789
28596384
28600078
28605128
28606837
28628677
28651415
28664329
28678056
28728161
28749672
28764872
28773541
28786581
28795647
28806048
28808745
28812913
28814721
28819805
28824211
28827240
28829368
28830212
28831604
28851959
28885277
28901527
28908782
28932501
28946647
28955712
28973988
28985710
28988903
28991962
28996297
29014052
29040988
29065905
29072041
29076046
29084839
29096876
29103118
29107226
29115996
29122312
29128544
29130238
29138591
29168357
29170669
29172205
29182159
29184630
29185807
29185890
29203529
29212116
29216302
29220964
29226640
29227673
29232104
29237357
29261280
29276882
29288632
29297651
29301495
29302778
29314070
29321932
29322818
29323841
29334962
29346266
29356194
29356629
29360228
29366829
29371999
29377562
29384046
29384267
29388527
29388972
29389287
29396011
29419287
29430060
29439454
29439954
29441110
29476307
29480098
29497600
29500420
29527935
29531365
29531661
29556210
29560551
29566853
29576952
29584215
29584946
29593682
29601943
29606746
29635512
29641186
29641865
29655233
29687542
29695181
29701197
29744053
29753923
29769781
29775299
29783562
29787713
29796915
29806685
29809027
29811142
29811146
29816396
29819216
29838266
29839872
29858590
29867480
29867842
29875944
29883644
29898231
29900334
29900988
29906332
29914304
29914658
29918646
29942832
29952554
29968171
29984229
29999970
30004790
30017582
30032318
30035703
30045851
30048156
30057197
30063723
30083955
30125730
30126732
30129481
30131582
30132235
30139572
30144206
30156641
30157275
30166306
30186624
30196539
30200982
30220624
30225278
30234274
30246777
30260297
30263862
30269096
30277810
30287118
30296119
30319629
30335137
30341950
30353086
30354364
30382943
30384598
30387648
30395956
30401798
30403885
30404599
30415385
30430302
30430513
30436844
30441364
30442103
30480637
30486572
30504112
30506410
30522937
30536430
30539726
30549320
30550177
30550972
30552879
30562878
30566042
30580930
30584837
30589651
30593474
30597662
30603536
30609590
30621032
30623936
30642539
30659775
30666626
30670744
30677371
30677863
30678236
30679229
30681219
30684575
30687962
30690000
30695309
30697401
30701780
30709540
30709552
30712255
30716417
30758611
30770577
30774311
30808575
30820896
30827937
30828413
30841553
30842563
30858423
30868739
30872912
30878795
30884338
30903647
30913718
30924869
30930906
30931270
30947291
30971216
30974569
30992357
31007787
31013102
31021652
31026907
31029300
31032975
31041170
31049874
31064212
31099676
31100800
31113315
31120757
31121676
31137393
31140467
31148974
31152374
31159048
31164098
31176416
31189762
31192773
31193763
31197105
31225651
31226426
31287433
31298499
31298906
31311544
31329324
31350326
31351185
31370934
31383863
31396555
31400621
31421836
31426894
31447630
31450510
31457608
31480063
31489998
31491249
31499748
31509968
31518959
31521029
31523623
31545052
31547452
31555485
31557538
31567567
31624468
31627737
31634824
31634977
31636142
31643672
31649603
31677265
31691448
31698249
31718747
31739044
31747375
31773080
31776449
31787737
31793727
31801154
31826035
31843338
31881519
31903565
31912603
31924587
31929030
31933910
31941515
31960535
31974034
31974694
31977696
31985851
31986597
31987977
31990990
31993838
32003701
32005816
32035905
32036906
32037862
32040813
32054298
32069038
32083627
32085863
32087870
32090535
32090732
32097497
32106630
32112823
32114605
32115675
32126932
32131136
32141024
32144484
32163966
32182410
32182659
32190391
32202715
32210884
32212614
32213969
32224115
32228880
32234476
32236951
32250753
32257458
32266652
32276857
32278768
32289554
32303116
32305320
32308443
32353411
32358595
32363695
32374147
32374309
32380666
32382215
32383830
32385817
32392580
32420679
32429418
32431512
32451312
32451977
32452697
32452732
32459433
32464283
32471799
32482678
32486959
32500603
32530511
32533337
32534999
32536057
32549771
32550838
32552217
32605404
32617327
32624964
32644431
32645077
32678959
32679043
32686006
32696773
32700008
32709918
32719468
32748880
32752891
32757413
32770352
32771078
32781999
32785307
32785516
32788052
32792012
32809386
32827125
32844172
32854824
32884746
32891905
32892057
32898627
32932234
32942075
32949424
32971136
32980586
32992879
33002993
33013664
33015249
33016695
33018939
33029783
33033529
33042101
33051275
33062578
33073210
33083288
33097323
33110169
33123592
33126254
33165016
33174560
33185892
33188155
33193569
33196941
33197744
33200830
33210826
33214850
33217574
33220084
33233675
33252517
33257832
33261975
33263201
33264513
33273424
33282692
33292094
33302128
33317382
33344169
33344206
33350746
33353376
33355387
33361091
33366665
33384938
33392124
33397334
33398669
33426675
33428062
33430778
33435027
33453775
33486725
33487924
33497389
33505115
33526478
33531983
33536495
33553299
33553796
33558611
33573435
33583813
33598281
33608733
33610620
33619470
33632854
33635816
33642106
33648124
33649595
33655980
33660082
33663087
33676700
33681410
33694278
33702971
33707223
33715172
33719363
33722708
33723075
33727101
33728135
33732946
33738759
33770521
33778064
33781119
33786803
33791614
33798928
33840126
33846656
33849653
33856978
33875080
33877028
33881057
33881112
33890052
33891619
33900627
33910606
33917386
33988796
33992541
33999628
34029210
34038480
34049467
34090270
34094529
34097356
34097705
34118626
34122985
34134283
34138736
34142900
34150124
34154570
34156767
34191994
34193361
34195064
34196220
34198028
34198142
34213875
34218693
34223076
34240008
34255786
34258822
34259233
34270984
34279776
34285324
34307778
34342436
34353968
34354856
34358949
34360450
34382487
34391270
34392387
34408512
34414749
34419195
34427077
34441018
34455610
34457400
34460074
34464598
34476558
34502888
34514948
34517931
34541028
34542735
34543202
34551136
34551743
34553416
34553694
34556126
34571680
34580531
34587726
34639078
34642938
34649280
34652357
34654025
34659005
34662268
34684581
34730987
34733595
34737579
34753051
34765690
34767560
34784889
34807837
34817983
34880739
34887970
34897660
34899905
34907544
34912898
34929351
34936692
34942346
34982047
34987582
35005508
35007629
35008896
35025204
35030829
35041299
35048124
35067002
35075913
35100996
35103412
35113558
35116456
35146439
35152414
35191919
35204327
35226113
35261399
35300249
35317377
35319561
35330884
35335139
35347935
35347993
35361925
35367168
35372040
35376652
35386206
35393172
35405279
35438976
35445618
35463232
35463783
35467381
35472469
35484269
35503019
35538670
35566046
35572093
35575409
35576439
35586541
35590252
35596190
35596526
35599244
35612412
35614038
35617515
35624429
35628299
35630594
35669600
35672112
35672245
35697918
35702888
35739703
35762311
35781126
35784360
35792364
35818053
35819335
35822478
35836500
35869205
35878560
35879380
35881708
35882424
35917371
35939334
35950230
35952027
35956464
35962051
35980801
35991084
35991478
36011230
36013643
36023283
36032881
36034421
36035934
36055941
36059713
36096920
36098622
36098852
36126348
36128329
36131175
36158998
36162207
36186249
36191956
36219679
36222276
36223795
36243192
36254696
36276311
36278070
36283620
36351841
36353941
36368019
36393432
36404592
36414571
36416561
36441507
36443641
36461342
36481599
36492747
36499330
36527620
36530863
36532433
36543258
36549526
36551763
36577595
36581346
36583004
36587008
36594685
36595059
36596206
36597502
36615545
36632370
36638183
36652411
36660301
36664653
36684159
36687433
36702316
36704443
36709859
36712134
36733001
36759984
36761941
36766308
36772989
36775644
36782906
36790473
36792253
36818975
36819529
36825444
36827443
36831510
36834078
36835396
36847802
36849863
36853594
36861285
36892237
36892825
36914469
36917667
36945933
36953165
36963931
36982204
36999571
37010512
37013571
37023884
37026034
37035924
37053836
37056099
37059046
37081824
37095199
37112214
37112505
37114469
37137186
37144200
37146741
37149039
37170286
37173713
37182995
37199604
37208462
37211357
37212303
37217644
37223157
37239335
37257745
37282197
37290149
37296595
37296708
37299583
37311740
37371485
37373946
37383290
37389341
37399444
37414482
37421505
37450946
37467027
37467819
37470417
37474550
37477629
37488650
37493663
37495516
37509835
37518938
37541835
37547422
37548681
37552387
37557073
37557881
37563670
37564173
37575019
37602420
37627635
37632018
37636379
37639714
37648093
37649844
37656757
37664444
37671139
37708725
37709708
37733544
37748631
37772268
37777272
37789492
37793261
37793963
37809666
37813390
37814991
37820252
37826645
37830439
37842456
37856167
37856221
37870927
37874834
37875187
37883711
37907874
37925334
37945860
37953767
37960124
37965280
37968205
37970934
37997126
38001390
38004032
38005162
38014429
38019805
38021030
38034108
38036480
38048666
38055705
38076958
38083172
38086761
38096156
38100725
38107297
38115962
38122158
38130704
38143770
38147302
38153318
38162244
38167563
38169535
38180275
38219933
38226136
38249867
38251398
38254895
38260727
38276381
38288669
38295408
38298818
38306196
38315192
38342569
38344908
38345010
38357842
38364820
38376925
38414960
38420959
38422793
38426000
38432290
38447584
38485787
38487973
38491176
38497006
38507381
38526859
38530780
38552584
38564404
38564760
38574752
38613269
38618009
38625957
38628613
38631177
38649951
38668322
38672282
38699278
38714159
38720407
38720927
38725559
38736151
38756081
38766026
38768753
38774780
38786533
38791037
38791320
38792087
38801676
38804538
38805333
38806315
38809214
38817449
38821513
38824828
38830365
38855917
38864619
38867044
38879088
38879729
38880946
38885915
38888008
38892699
38910175
38926339
38936124
38945180
38963178
39000629
39002289
39035120
39040765
39041465
39041679
39057661
39060579
39062243
39083165
39086575
39094422
39094434
39109775
39117177
39126441
39183359
39192075
39199176
39209236
39217374
39223060
39226502
39232720
39236737
39277003
39298606
39311956
39333485
39338043
39347666
39347997
39381604
39382859
39413474
39431426
39441393
39449526
39480280
39483324
39515849
39541191
39557889
39584058
39584923
39586937
39601393
39603947
39612637
39618253
39619986
39625580
39647708
39658275
39665219
39684183
39700893
39722644
39731946
39743660
39758688
39781314
39791320
39804085
39831092
39845124
39849930
39863757
39878729
39897018
39900155
39907733
39925849
39945565
39946904
39954645
39987914
40000751
40018992
40026414
40035453
40049653
40054748
40062166
40063691
40066977
40101233
40117577
40120981
40123644
40127626
40138976
40142869
40144184
40150599
40172802
40188134
40194454
40194981
40196480
40211158
40228149
40230603
40232701
40241740
40246771
40257351
40260430
40293324
40297166
40305407
40310155
40314234
40324225
40348378
40364554
40369175
40371160
40382285
40390510
40391724
40398304
40402849
40405155
40410091
40412875
40441144
40461670
40467319
40478833
40487643
40501400
40511119
40518829
40539681
40547371
40561242
40569808
40587324
40590832
40621682
40648351
40650196
40669185
40670154
40677407
40680629
40683961
40692996
40700943
40701333
40717242
40724927
40733086
40735048
40736631
40743160
40765490
40784036
40785352
40788628
40797962
40801098
40806862
40809373
40811653
40814986
40835399
40839922
40845949
40854143
40870946
40881508
40887085
40894752
40897667
40907099
40920428
40929440
40929482
40942239
40948179
40970647
40980251
40983286
41010929
41029694
41038860
41050222
41052570
41067270
41069493
41074954
41075710
41082816
41107853
41135494
41141485
41143021
41162194
41170028
41172133
41176300
41190013
41201996
41212907
41216740
41236856
41254423
41266850
41279962
41281509
41282449
41282902
41286886
41296985
41316688
41321892
41337663
41363000
41389979
41391359
41391746
41395630
41410915
41415080
41415187
41435371
41436528
41439638
41446381
41455615
41459711
41464355
41465275
41472789
41473092
41475968
41485975
41500321
41508394
41516115
41527196
41547856
41562500
41565660
41571449
41576865
41583751
41609549
41615860
41663743
41673714
41673902
41681611
41692397
41695758
41708725
41711238
41713947
41717766
41723885
41735252
41738358
41768471
41771275
41772066
41800826
41803391
41816983
41825390
41857644
41865149
41875140
41890127
41891552
41891732
41929588
41930758
41939199
41953974
41957905
41959916
41961021
41962646
41979184
41988986
42000490
42009039
42016194
42020906
42035397
42036760
42053463
42063871
42077747
42086317
42094047
42094549
42098495
42107429
42108341
42108789
42108940
42113491
42118493
42120935
42123063
42124744
42127342
42155108
42174561
42188850
42200543
42205683
42212125
42217848
42223699
42226041
42230709
42250687
42255677
42259435
42290200
42291258
42296823
42320826
42330077
42335926
42362214
42373182
42384704
42395981
42433346
42456393
42462052
42462694
42496523
42505504
42505942
42507006
42514392
42575849
42581510
42587741
42592360
42592678
42594064
42602519
42634307
42636614
42650783
42654716
42659276
42686914
42718421
42739137
42797052
42798715
42819378
42821086
42857208
42867837
42870540
42870607
42873694
42875074
42882243
42884575
42893627
42902799
42912630
42912643
42932538
42936845
42950111
42950138
42958136
42959770
42980114
42986664
42995696
43012390
43028161
43038613
43046837
43050939
43055662
43059213
43063295
43073003
43107179
43107247
43112721
43116564
43123589
43124145
43142784
43146495
43147750
43156745
43162613
43171448
43182782
43200495
43203814
43212344
43215490
43216549
43220163
43227547
43236764
43241808
43250656
43251365
43267230
43271788
43272556
43275246
43296516
43363929
43384722
43392328
43400572
43403636
43406226
43410520
43413509
43418765
43428825
43454680
43464841
43470037
43473072
43473552
43479449
43501320
43511669
43512998
43520066
43522890
43539948
43557205
43568008
43581266
43588033
43605102
43618129
43623833
43674067
43684945
43691281
43695462
43696928
43724665
43724815
43736823
43754347
43757270
43774107
43813692
43828613
43834979
43848942
43881289
43885664
43887295
43899344
43900049
43904464
43914592
43915149
43941288
43947245
43948685
43957646
43968352
43975536
43980836
43985415
43995454
43998283
44000632
44014136
44020583
44022512
44023317
44024892
44033935
44056138
44082276
44087906
44104938
44111993
44136680
44168830
44174420
44180574
44187291
44189908
44203128
44224418
44232525
44249571
44256677
44282590
44284968
44306135
44317293
44333698
44346776
44363425
44399204
44403489
44408251
44412458
44414659
44438480
44461890
44465136
44469697
44469747
44472717
44475817
44486045
44525689
44546665
44564241
44592896
44613157
44635313
44654064
44680515
44684799
44689569
44694905
44697132
44702944
44728282
44733212
44741681
44742154
44754211
44765991
44767656
44774774
44783786
44789033
44803585
44832343
44846248
44852531
44856784
44886632
44907681
44914428
44924654
44924865
44925197
44950619
44964178
44964440
44978609
44991019
44995417
45016111
45017019
45019059
45020645
45030500
45034429
45037408
45046026
45048106
45070366
45070548
45071223
45078446
45108808
45118094
45124155
45136039
45149135
45150927
45159739
45159907
45179933
45196805
45198899
45215525
45224879
45237804
45287313
45290233
45307782
45313586
45314134
45321451
45326139
45327452
45328101
45335302
45337677
45345155
45390545
45394152
45410439
45411246
45414557
45428091
45429866
45439093
45444666
45447780
45450824
45455610
45468691
45491569
45493068
45503654
45507039
45511280
45519338
45533764
45538047
45555852
45563586
45570037
45575268
45575969
45582589
45591982
45596442
45597118
45610013
45612869
45613173
45624286
45628510
45643234
45646594
45664463
45673921
45705436
45721730
45724237
45727862
45733567
45742725
45752300
45755686
45779890
45792241
45795766
45799509
45802454
45810856
45818362
45818855
45823081
45825945
45843513
45844943
45868430
45871216
45872870
45885876
45885979
45929005
45941845
45946632
45950372
45968607
45977035
45989639
46000708
46006562
46011472
46015794
46025127
46038487
46043066
46073248
46086838
46090326
46099787
46101748
46113636
46115007
46115653
46133572
46144962
46163190
46182288
46187190
46195742
46199459
46202374
46215631
46228030
46228224
46233685
46240586
46244792
46249064
46251826
46278926
46287441
46287482
46292025
46317778
46327240
46335297
46344336
46352173
46354586
46386103
46398999
46406105
46414487
46417336
46423174
46437479
46439931
46440886
46466279
46466407
46467110
46467546
46467825
46470254
46472911
46476483
46484056
46495731
46496787
46498948
46503628
46530957
46533453
46563400
46564480
46568858
46612841
46620384
46633632
46634608
46636127
46639109
46652056
46666772
46672640
46685697
46693029
46695693
46699952
46706869
46715093
46741921
46743116
46751440
46759678
46763175
46772311
46781627
46786640
46788305
46793921
46807441
46839939
46845811
46854133
46878279
46882915
46886304
46887443
46923970
46926629
46927276
46950129
46958610
46963364
46969608
46972057
46984555
46986362
46997368
47005626
47016064
47017431
47034726
47048255
47057247
47060219
47086167
47088892
47102331
47103035
47117584
47144837
47147038
47147747
47161854
47164033
47187021
47195556
47199756
47214898
47222892
47225232
47231878
47243363
47243382
47246747
47268883
47289296
47291090
47300828
47302660
47306915
47310285
47332221
47342495
47359805
47370385
47379079
47394459
47397557
47397718
47411110
47426663
47428170
47434218
47444884
47498146
47503094
47546965
47552426
47555299
47559571
47561246
47562327
47591736
47594134
47595124
47618468
47631107
47632578
47633015
47665446
47666817
47684863
47702374
47728594
47734483
47739996
47756702
47764099
47771211
47785106
47793126
47802227
47807892
47811788
47821331
47822141
47851889
47870994
47877412
47884700
47889452
47896642
47899306
47901638
47906802
47909149
47911803
47929617
47939274
47948894
47950956
47978488
47978916
48027964
48037376
48039413
48045534
48070206
48073364
48089819
48097748
48106017
48111365
48128343
48131180
48132216
48138179
48141728
48167211
48172967
48191772
48204486
48217942
48224021
48226708
48244908
48247318
48258894
48272888
48278662
48297284
48297287
48300939
48306363
48339799
48341403
48346219
48347581
48349451
48362134
48363003
48385103
48386901
48389929
48397062
48418840
48422736
48429369
48452718
48456280
48463507
48472209
48473313
48499186
48499873
48513351
48515281
48520036
48545909
48551243
48557976
48564738
48567039
48576691
48583656
48589369
48597025
48603790
48620019
48644920
48671152
48679670
48680739
48686997
48705564
48708826
48723785
48724652
48733461
48735033
48738286
48793308
48801937
48821171
48825151
48826267
48840384
48855018
48876323
48881276
48887439
48887469
48914867
48930046
48930569
48952580
48963866
48976322
48984875
48996165
49011536
49034837
49036219
49037564
49050913
49078790
49093407
49094241
49095760
49098811
49100644
49115233
49120093
49142680
49147804
49147941
49150318
49152897
49182369
49210204
49217200
49220720
49242409
49248580
49259585
49267079
49275842
49285951
49311356
49314650
49323542
49352795
49352941
49401836
49403033
49428449
49430014
49463000
49464328
49476716
49484034
49486334
49509723
49523228
49530309
49565337
49567566
49568114
49573271
49587523
49592037
49595116
49599723
49601705
49618202
49663080
49705422
49715593
49718912
49742397
49742590
49747025
49748408
49758422
49774427
49777056
49782183
49792319
49792573
49795873
49805488
49816237
49832692
49843419
49847275
49857615
49889721
49908188
49910615
49914039
49928941
49932250
49946372
49955062
49959479
49961945
49963814
49979470
49997111
50002908
50003287
50008011
50008361
50017100
50039760
50063284
50070752
50074132
50074978
50090419
50105488
50105806
50112491
50114807
50146663
50147459
50148952
50155828
50170380
50172343
50176940
50195197
50205994
50207523
50222010
50240078
50245155
50301718
50304282
50308072
50325426
50345381
50347683
50358569
50370367
50376617
50430850
50431192
50432381
50437931
50452523
50461313
50464644
50499338
50503096
50523523
50528082
50570149
50574821
50587759
50615836
50637974
50638418
50649009
50693353
50693987
50706059
50712930
50716214
50722399
50753944
50758819
50770840
50776191
50796809
50816867
50832351
50834623
50837225
50840621
50848403
50857748
50861663
50863569
50881302
50884941
50884970
50885205
50888935
50889312
50899765
50901747
50913859
50936490
50947882
50959656
50986145
51005501
51012811
51018161
51018211
51019933
51035073
51035564
51037095
51050007
51064325
51085423
51094603
51099184
51108186
51124049
51146272
51146906
51170965
51182855
51196534
51210545
51210945
51218404
51228396
51234544
51237606
51245563
51283357
51288965
51290238
51296433
51325820
51328761
51352156
51355265
51357822
51373504
51374161
51376186
51379482
51383222
51391602
51395188
51396370
51428777
51433949
51443526
51445368
51447322
51466436
51469875
51470650
51477814
51505207
51513000
51514632
51520125
51554473
51572050
51595250
51605849
51627873
51629792
51632170
51651547
51661712
51664089
51665254
51666999
51678316
51685960
51691322
51704455
51709143
51716002
51716197
51718988
51722024
51726625
51727802
51732259
51742270
51745315
51745633
51745659
51796093
51802778
51805804
51816750
51828489
51842391
51866081
51906254
51906828
51906954
51911126
51915054
51919337
51961483
51984264
51994329
52000297
52003099
52007722
52014209
52014884
52018619
52020656
52023105
52026261
52040616
52041406
52049339
52051507
52053227
52055108
52061609
52087266
52099919
52119201
52122954
52133945
52135489
52142937
52155098
52160384
52161011
52177893
52202474
52204175
52207644
52216216
52219209
52219938
52223225
52229035
52242868
52247780
52249250
52255260
52259659
52266172
52270953
52275602
52276066
52280667
52283480
52288144
52294384
52326208
52343849
52344477
52345752
52351922
52352398
52356944
52369793
52383412
52385394
52391222
52404147
52407468
52442108
52461386
52466634
52482874
52487183
52497999
52508253
52521700
52524504
52526466
52540245
52541570
52549509
52570324
52580524
52600358
52626556
52638052
52638592
52639277
52656490
52672550
52693439
52716050
52731190
52732308
52746545
52755744
52766363
52783222
52792640
52795342
52801162
52807235
52811246
52816488
52832519
52839368
52843269
52850620
52854023
52873923
52878470
52883232
52914676
52950151
52966789
52968246
52981428
52988694
52993110
53004496
53006058
53009191
53019019
53019512
53025781
53054290
53062452
53075098
53075208
53079815
53106623
53107671
53109233
53115744
53134622
53137215
53141145
53143417
53149113
53150209
53162463
53162892
53172028
53174900
53178141
53179143
53183018
53197740
53207357
53210821
53245603
53249420
53254581
53283073
53294439
53308915
53310956
53311825
53313028
53313411
53314484
53322247
53325462
53329204
53332215
53338929
53371975
53382782
53389469
53418169
53437471
53439679
53444773
53465349
53490922
53524949
53527207
53531074
53533121
53533298
53536565
53537123
53544032
53544367
53544539
53550858
53553443
53567679
53572329
53578567
53578790
53588577
53598286
53604551
53609144
53610606
53622095
53632934
53649494
53658104
53662409
53666390
53681616
53686973
53699819
53702794
53727445
53731504
53733713
53747418
53751612
53751879
53799343
53800799
53805703
53818791
53821282
53824002
53866261
53872125
53882739
53887482
53896210
53901473
53903962
53908331
53912879
53928070
53937907
53941281
53943109
53966015
53974553
53977398
53980073
53985336
53988077
53992133
54000688
54007083
54011627
54012292
54014853
54017780
54026995
54040169
54047633
54049322
54052120
54055244
54077659
54079990
54081733
54082007
54115115
54125525
54162700
54189866
54201199
54202351
54216938
54216988
54231185
54241261
54245454
54245779
54251145
54259688
54271998
54293268
54296055
54301942
54309133
54345277
54349510
54354480
54361448
54370057
54373655
54377345
54417801
54434828
54436085
54436765
54444283
54447024
54456714
54470220
54482635
54485951
54498962
54506629
54508045
54510739
54516986
54522772
54531119
54536348
54546628
54552184
54574098
54583315
54586000
54592992
54603710
54606205
54612430
54623969
54639213
54647411
54649901
54650282
54654313
54661451
54662045
54662501
54664736
54708687
54709809
54716063
54724534
54729813
54736324
54740115
54751071
54764016
54765193
54777750
54783398
54808592
54819230
54827653
54828049
54838984
54849601
54870492
54911461
54930385
54935970
54939683
54941264
54943930
54956352
54994822
54996184
55002981
55023685
55049666
55072964
55079091
55091060
55132621
55144830
55150862
55151360
55186986
55188460
55193261
55195851
55206644
55221282
55247744
55250340
55254485
55262085
55269051
55271104
55284450
55284636
55286684
55300714
55302441
55303456
55316953
55318260
55327717
55328850
55334902
55340008
55347692
55355983
55383467
55388256
55412157
55415884
55420083
55420818
55422551
55433168
55440319
55442415
55444746
55446272
55461639
55462596
55466791
55472388
55483338
55488292
55497340
55507224
55515027
55521321
55533193
55548142
55554363
55558496
55561440
55561647
55617161
55621021
55644766
55660467
55664220
55665781
55681860
55682716
55711485
55739216
55759470
55771592
55788431
55790673
55822272
55843982
55874342
55883579
55884436
55901075
55902342
55944128
55944256
55962882
55963088
55971309
56000029
56000553
56002095
56004942
56017867
56022736
56041780
56042559
56051287
56108268
56109725
56111352
56112645
56129463
56137875
56185189
56188884
56197896
56201433
56219925
56236474
56237673
56242893
56262725
56291511
56319565
56321147
56325383
56329606
56349273
56360486
56385466
56388256
56390399
56404771
56405403
56410753
56412027
56416005
56433949
56440244
56473223
56475942
56485666
56489950
56491283
56501329
56504252
56521055
56532642
56536644
56537351
56558060
56575692
56586610
56598706
56604717
56604991
56611177
56613575
56630228
56630721
56633535
56638326
56648552
56652380
56676740
56687814
56692035
56701238
56703406
56721359
56729207
56731946
56732637
56733308
56734015
56735150
56742661
56743261
56750287
56764300
56767553
56772477
56788388
56791075
56795524
56802403
56809245
56823072
56833890
56834162
56846185
56852094
56860331
56863840
56869031
56891919
56895582
56908946
56922504
56924304
56927328
56927423
56942907
56944404
56947928
56957450
56973241
56984116
56986289
56989580
56992231
56999787
57009513
57012411
57012484
57014675
57019299
57030023
57042318
57074072
57075129
57085900
57091156
57091493
57099399
57110328
57110705
57122811
57129741
57135511
57145043
57145090
57146102
57150098
57151777
57168998
57169663
57172650
57178257
57184127
57187893
57195591
57203107
57222868
57232078
57236878
57239878
57269601
57275453
57289100
57306369
57312298
57334033
57351142
57352031
57355935
57360782
57367388
57409875
57411142
57421842
57437723
57455146
57463183
57465672
57468989
57475397
57479670
57517933
57519849
57520755
57532095
57544334
57545116
57550685
57555106
57573273
57581704
57588233
57590851
57599104
57602892
57603759
57606840
57611722
57619289
57630420
57630867
57666845
57674964
57688654
57698769
57699561
57700934
57715406
57731823
57747172
57753497
57754859
57760004
57778411
57782344
57790231
57791549
57838149
57845905
57847763
57854933
57858082
57860571
57860707
57870956
57873168
57874198
57879858
57891918
57892542
57906620
57913425
57926692
57933140
57953340
57956741
57957098
57957891
57961917
57989428
58005002
58017184
58020227
58026785
58034494
58042982
58043703
58054376
58067964
58071102
58075831
58082089
58089228
58089684
58098914
58104900
58107519
58113875
58115143
58125804
58131763
58153768
58159981
58166587
58181355
58183923
58188703
58194006
58200373
58200681
58213873
58225910
58242029
58242866
58279149
58302868
58304596
58315596
58337448
58362262
58366140
58376227
58408491
58409605
58440362
58440364
58447009
58453348
58453954
58459770
58461114
58471800
58482483
58484754
58492411
58494921
58505436
58510630
58513270
58513521
58545250
58551869
58563175
58572046
58604603
58610171
58613549
58632176
58641601
58644490
58647485
58656814
58702195
58729312
58732597
58736946
58743457
58744098
58748752
58749965
58759655
58770518
58779042
58779377
58783150
58788022
58790466
58793440
58812390
58818363
58831172
58844595
58874079
58884966
58910342
58935483
58942515
58953317
58954666
58980430
58982872
58986437
58988538
58995884
59003657
59017232
59059993
59103998
59116232
59117112
59130179
59130696
59141570
59144712
59150445
59151468
59156786
59158030
59158344
59168622
59168644
59175237
59176720
59204275
59206289
59227777
59229061
59231273
59231865
59237968
59269932
59270706
59270819
59274596
59282103
59282183
59284855
59298474
59315589
59325201
59332303
59340309
59340847
59347526
59366771
59373000
59395208
59396214
59418447
59422590
59429748
59431675
59450318
59458887
59488187
59505916
59524179
59559562
59582618
59585829
59588631
59588948
59596428
59596838
59603150
59609414
59611198
59630144
59643842
59648443
59654638
59673869
59684965
59697606
59707993
59712234
59728944
59730677
59739014
59749315
59756078
59762135
59762985
59808347
59819899
59823462
59828613
59833704
59843470
59847997
59853054
59868512
59875145
59888697
59916320
59927657
59930582
59942171
59950865
59951098
59953203
59953687
59956541
59964329
59974653
59979162
59982135
59986724
59994259
60011729
60017523
60020286
60034857
60046482
60060413
60065256
60065856
60068188
60089434
60090211
60096437
60110759
60123659
60128082
60130569
60139909
60150979
60154734
60157002
60158689
60172046
60175180
60176267
60191494
60193987
60220039
60222168
60226596
60227426
60246284
60247434
60251492
60266377
60289883
60302077
60307702
60349238
60354068
60358069
60378333
60395415
60402767
60410528
60419478
60433821
60440767
60441414
60448555
60468714
60469919
60471173
60474351
60475945
60485032
60488340
60489171
60491971
60504328
60512814
60515047
60527927
60529207
60534383
60535867
60541131
60544070
60557808
60572020
60590110
60596199
60603019
60605660
60606629
60625103
60627130
60631925
60631991
60648210
60659821
60665178
60677209
60687098
60688554
60693326
60699133
60700520
60700980
60701722
60702217
60703245
60703633
60730722
60743144
60771112
60777431
60785830
60794560
60795967
60801219
60810576
60819340
60829970
60832151
60840420
60842808
60845416
60847036
60872936
60877359
60880220
60882990
60894678
60906172
60922650
60931791
60948266
60949773
60950213
60971572
60979574
60997633
60999756
61005450
61019693
61021561
61027679
61033721
61061166
61074452
61079594
61109542
61112079
61115098
61121388
61122518
61133768
61156855
61158025
61160174
61165903
61165934
61194501
61214708
61223046
61224987
61225895
61229312
61231099
61231577
61253092
61263918
61266465
61271226
61286122
61293180
61343656
61356201
61357377
61370854
61380433
61384902
61392657
61393036
61400353
61403039
61405249
61406777
61408822
61440347
61453913
61457995
61459899
61472436
61473970
61508531
61513048
61524393
61544765
61597760
61611793
61621004
61635807
61638249
61652413
61655631
61673166
61675679
61700220
61704046
61709598
61715395
61723337
61734784
61741496
61751740
61756091
61768802
61770945
61800844
61817474
61829123
61830597
61831190
61832322
61835260
61842761
61868613
61870487
61877650
61885802
61891564
61895698
61901032
61902120
61908942
61924132
61928827
61949596
61953731
61973830
61979186
61980915
61991904
61998727
62002640
62008434
62024229
62027087
62083364
62103101
62111941
62125396
62130595
62137406
62144967
62146934
62149472
62149498
62173671
62178824
62184808
62191234
62192414
62194405
62198077
62229732
62235826
62250101
62251251
62257294
62262024
62278345
62279192
62295308
62298478
62301946
62302828
62309299
62319511
62334004
62338594
62344305
62381706
62382305
62419725
62421088
62425750
62435999
62445738
62454683
62460244
62465408
62470726
62474851
62496444
62496783
62515239
62515517
62559516
62562025
62574895
62592851
62596599
62617477
62648548
62662764
62670965
62675077
62694785
62700948
62732185
62779301
62788012
62794853
62811987
62819496
62830669
62837500
62848757
62856788
62867517
62894259
62900140
62900999
62905616
62905937
62907936
62912993
62935700
62969811
62992116
63009136
63059759
63063385
63067094
63078282
63100421
63115764
63140923
63141793
63155819
63165385
63205953
63212952
63246562
63249303
63249537
63250866
63251614
63258022
63283844
63300926
63300968
63304145
63305867
63310066
63349676
63358294
63367515
63368135
63407097
63416072
63425330
63432107
63464730
63471344
63476060
63488911
63500011
63502942
63518181
63529694
63551549
63557826
63572486
63584215
63589166
63593583
63613726
63617091
63620931
63634972
63635687
63653796
63654643
63654934
63707560
63711984
63712079
63712732
63726042
63728335
63737087
63748862
63779240
63788133
63814516
63823140
63850998
63851097
63859001
63865722
63865925
63867602
63869589
63890334
63892712
63896035
63910483
63946812
63952137
63954543
63977562
63984038
63989604
64002269
64003407
64006294
64010321
64011201
64015393
64020531
64042440
64043558
64069885
64070476
64078510
64083975
64095070
64100326
64108545
64109485
64112561
64119077
64125141
64134484
64163157
64164770
64165198
64188667
64200560
64222084
64229736
64232715
64238919
64240755
64243707
64255719
64261681
64262457
64276553
64279671
64280464
64283395
64298385
64308469
64311464
64341769
64347427
64353927
64358008
64358767
64382249
64384196
64385961
64409499
64411879
64412079
64412283
64413126
64446889
64455021
64461918
64463910
64480674
64487028
64497563
64525193
64525241
64550719
64561471
64604891
64607920
64616947
64621652
64623336
64628453
64643650
64655029
64662401
64704528
64708710
64712056
64718650
64718733
64721414
64728058
64738333
64773760
64780377
64802787
64804637
64807193
64815964
64821885
64828451
64842092
64861991
64866279
64892161
64896015
64898681
64905110
64910331
64932908
64940195
64940920
64960516
64963819
64977372
64979912
64980202
64981683
64992080
64995025
64997275
65032103
65048006
65061687
65069543
65125334
65138362
65142278
65146300
65150267
65153736
65157320
65176261
65186854
65192263
65192536
65216198
65227761
65229298
65231893
65246737
65260274
65264758
65272376
65275048
65278480
65282287
65288213
65298946
65302340
65326551
65350611
65352906
65357260
65364467
65372968
65388626
65402593
65406259
65424364
65428268
65455343
65460130
65462024
65465002
65467799
65470617
65473229
65474408
65486870
65494045
65501945
65512713
65529744
65533226
65534186
65567812
65568084
65574834
65579738
65588378
65593973
65608719
65625872
65630024
65634091
65636605
65639545
65661247
65674053
65739759
65742791
65755318
65784851
65803592
65811415
65828658
65848575
65856426
65862713
65874232
65895976
65899543
65911502
65932613
65934539
65936862
65945712
65956848
65961294
65961525
65985652
65987399
65998472
66003702
66020114
66070578
66080477
66107691
66114111
66114226
66114605
66120847
66128848
66134033
66142820
66156377
66158386
66170578
66176292
66185828
66188581
66200703
66200790
66204613
66205551
66208257
66221885
66225419
66225479
66229218
66235218
66235768
66250304
66278318
66284441
66284845
66289202
66315388
66331314
66331755
66337443
66341624
66345099
66349690
66351629
66365495
66366476
66374027
66395087
66403985
66424524
66431261
66436797
66438328
66447837
66459371
66471182
66483412
66485904
66486898
66495272
66520834
66522939
66529782
66532861
66533436
66552067
66560395
66577406
66581731
66589024
66594231
66611457
66614290
66626377
66642797
66648166
66655815
66658713
66659934
66666838
66678994
66687289
66699841
66714177
66724287
66736330
66763812
66765498
66770548
66781766
66790224
66790426
66798503
66810170
66828255
66829326
66847705
66850801
66865802
66877272
66885928
66892085
66903160
66924123
66924530
66938848
66940878
66941433
66959627
66964166
66965309
66983800
66991347
67033629
67048491
67049063
67049632
67051512
67056004
67060434
67094586
67114327
67116552
67117717
67128550
67155909
67167454
67172004
67176448
67189882
67195187
67221591
67229139
67229572
67240190
67245898
67252914
67262712
67272030
67272227
67272723
67273838
67279721
67312825
67316293
67319068
67334061
67335808
67337505
67340790
67341650
67346037
67355144
67356434
67357417
67360630
67361232
67425839
67464357
67478158
67537386
67559587
67564541
67578384
67590428
67595049
67610269
67614099
67632091
67635921
67647383
67647926
67657437
67667313
67669317
67681465
67692622
67695215
67720145
67723570
67750722
67752266
67760000
67760598
67765690
67772202
67774324
67776888
67777249
67786471
67847998
67853098
67854638
67877981
67878296
67886983
67890919
67894547
67897259
67917937
67918040
67924534
67949186
67977886
67979012
67992470
68015900
68018923
68023595
68024482
68030310
68044243
68044250
68045403
68080349
68084172
68097581
68110984
68111956
68135106
68141109
68143665
68152796
68160619
68162105
68174744
68201959
68207664
68209549
68210552
68211663
68220642
68227705
68258321
68263882
68267766
68300010
68300024
68310924
68343106
68385925
68386593
68390639
68404475
68408437
68426843
68431864
68444716
68448229
68457256
68457766
68462762
68462948
68471464
68472727
68493881
68522467
68532505
68535422
68546104
68548474
68556691
68559447
68565160
68578629
68584430
68586070
68586620
68589734
68626881
68637132
68647819
68649499
68652132
68652699
68658459
68660560
68661618
68669075
68673931
68679920
68711033
68718518
68731248
68757908
68795318
68800169
68811011
68880607
68886372
68892478
68896843
68909332
68920812
68934551
68936126
68939646
68943921
68948558
68970143
68975279
68978729
68979584
68982485
68984722
68991724
69000966
69012726
69013656
69013922
69017738
69028617
69029771
69054887
69056632
69063877
69064214
69077086
69081920
69086615
69101235
69101271
69109741
69128317
69168316
69205382
69226769
69236953
69238738
69238910
69244245
69248681
69250234
69273704
69276663
69284733
69286682
69295331
69298972
69303129
69304950
69315251
69349600
69363318
69379808
69385061
69386041
69394274
69416467
69424502
69438614
69440777
69456087
69458473
69458840
69460551
69461579
69465090
69473081
69487823
69496398
69511188
69516756
69549052
69556239
69571941
69580096
69584488
69595334
69617757
69626226
69645729
69660733
69672765
69679766
69681880
69685771
69704752
69735378
69736631
69758401
69758758
69766993
69771966
69797818
69800309
69805637
69817927
69836973
69855773
69862701
69872762
69878871
69881238
69886137
69888369
69891419
69899330
69915025
69917288
69922277
69928899
69932084
69938429
69940666
69961239
69996233
69997351
70006257
70011382
70024950
70029418
70033082
70037933
70042583
70053027
70060817
70063614
70079181
70095766
70113514
70126038
70127838
70146264
70161733
70169822
70179153
70183661
70225083
70234321
70265919
70270990
70271258
70271569
70273574
70351446
70366386
70383045
70386991
70394706
70397920
70408103
70415465
70418372
70458915
70471680
70485234
70506636
70508362
70522453
70557791
70570702
70587997
70606481
70633921
70651233
70652913
70655702
70663261
70664740
70672467
70677523
70706307
70722415
70729869
70731729
70748005
70748681
70769293
70771491
70774832
70784004
70789029
70794089
70799640
70803640
70806379
70831025
70831863
70832747
70834459
70846161
70846453
70866872
70869728
70955759
70957744
70962611
70966268
70975559
70988617
70999058
71014798
71022532
71047439
71088223
71089597
71094517
71099374
71112257
71115813
71128452
71164100
71168090
71171002
71172225
71193273
71205786
71217319
71218551
71224864
71253919
71254361
71255640
71255889
71268240
71280811
71281183
71298176
71305415
71319123
71327122
71356354
71357656
71369584
71402075
71406936
71422788
71429511
71436164
71439151
71444777
71451786
71462837
71489581
71492618
71521775
71528198
71532051
71548597
71550655
71554844
71564558
71570234
71571182
71574689
71575872
71576654
71579272
71587898
71590349
71600789
71607475
71616703
71619606
71627289
71627493
71634891
71650973
71664809
71666543
71689243
71690645
71693720
71720929
71728153
71762585
71777977
71785725
71794393
71796825
71825233
71839103
71871945
71878015
71900739
71909312
71925996
71932510
71948735
71959157
71962922
71967773
71974931
71975210
71985661
72021558
72024459
72039082
72041298
72081009
72085893
72091231
72096383
72108116
72117710
72158379
72171823
72183521
72186289
72217307
72217488
72222629
72225434
72236788
72246199
72273543
72279237
72283110
72291064
72294935
72302082
72314416
72324427
72326749
72335126
72358359
72361583
72376525
72382680
72384075
72388348
72388472
72389794
72412145
72412192
72428311
72443295
72448422
72451146
72464681
72470274
72484478
72484507
72504102
72509713
72530735
72530965
72538322
72559935
72568582
72572624
72585019
72593782
72600627
72602681
72607176
72625634
72639624
72643597
72647459
72653645
72668243
72668913
72671669
72678022
72680706
72690504
72702787
72719135
72732809
72760906
72764899
72778479
72781151
72792512
72796038
72797569
72798859
72809424
72828052
72841453
72845912
72855069
72871985
72875248
72883385
72887153
72892114
72917245
72926714
72927957
72931257
72946337
72952518
72958569
72969789
72970399
72972881
72983196
72989942
72996742
73010825
73015103
73015749
73044358
73064361
73085392
73088119
73091587
73109850
73153521
73153904
73154852
73194781
73197828
73200788
73214606
73240927
73243149
73308056
73311828
73329418
73342073
73361679
73372261
73377073
73397461
73399882
73415193
73430709
73435358
73442395
73449575
73479744
73497312
73502345
73508281
73515752
73526144
73528532
73540407
73543947
73590097
73637267
73652938
73663707
73666596
73667684
73675566
73683715
73706072
73723837
73727687
73737854
73760793
73769115
73770390
73785515
73805215
73806598
73840877
73847832
73851222
73855133
73880688
73881012
73881228
73884235
73889240
73895103
73904031
73906540
73909737
73923033
73938947
73942182
73952138
73971116
73986512
73986808
73987433
73993141
74001975
74004000
74021596
74028193
74036629
74047016
74059556
74064202
74067910
74068205
74072178
74074756
74075789
74086834
74105599
74110154
74138313
74176052
74182143
74188951
74195546
74206607
74217956
74220798
74228951
74231999
74244663
74245384
74264357
74266577
74274807
74276107
74277690
74279759
74291385
74294747
74297361
74297937
74301868
74304610
74319346
74321693
74327919
74341436
74354322
74374362
74390275
74391425
74401509
74412126
74433496
74437153
74438426
74441307
74448503
74457881
74459749
74466607
74467326
74470093
74485001
74485999
74487753
74492081
74493428
74536882
74538577
74560542
74567363
74582721
74585946
74589567
74598482
74634113
74634593
74644847
74678187
74684726
74696551
74706804
74706865
74713987
74722469
74724464
74733986
74741185
74749786
74762858
74772896
74776010
74782434
74790648
74795699
74799716
74804509
74811007
74813058
74814195
74829468
74833042
74841182
74846590
74849429
74852011
74856666
74875076
74876798
74876862
74876988
74882057
74886080
74891036
74905361
74920839
74922739
74942384
74954630
74955806
74965059
74966243
74980126
74985205
75003045
75012433
75024176
75046803
75082795
75087625
75090045
75099062
75123644
75142927
75153610
75173244
75177208
75185685
75186399
75189737
75202628
75212244
75220768
75227747
75263249
75268648
75277033
75291156
75302153
75308146
75313552
75316913
75331389
75343481
75351052
75379116
75381293
75396965
75400373
75407920
75443326
75451584
75452414
75468268
75468554
75480836
75483167
75554987
75556494
75583487
75588500
75598656
75604550
75608135
75609241
75627549
75646400
75654711
75656385
75662149
75677967
75691060
75697126
75733932
75743778
75745108
75779672
75824158
75833896
75839976
75845853
75849468
75854224
75887338
75887703
75899335
75905751
75909455
75911799
75920982
75926937
75936474
75957506
75960051
75961883
75965229
75966988
75974416
75979595
75980156
76002380
76010824
76017838
76019469
76020932
76090236
76107919
76110133
76114698
76120596
76120615
76143512
76146420
76155690
76163162
76166155
76172989
76176481
76177685
76192466
76262404
76267151
76278258
76279250
76280248
76288406
76289725
76299866
76322657
76328123
76335107
76338767
76353069
76353092
76372392
76388252
76393884
76405720
76420041
76426193
76432585
76454068
76454857
76465113
76480135
76492021
76493564
76496048
76515025
76517055
76519519
76537687
76537764
76542053
76542097
76552251
76557030
76557263
76564203
76566171
76567098
76569365
76598826
76617471
76617843
76625422
76641774
76656118
76660682
76663674
76669477
76675464
76686669
76690943
76698757
76698932
76708438
76718708
76755540
76770109
76779521
76789730
76800438
76802069
76805501
76824927
76827958
76829009
76834756
76847738
76849877
76851418
76854153
76876039
76878243
76883214
76884290
76887995
76892217
76899860
76900655
76910652
76913925
76942175
76986674
77016501
77018859
77022825
77023796
77032730
77034781
77041300
77049009
77050587
77055186
77056818
77058300
77058505
77060175
77098715
77099553
77120184
77157025
77166781
77166963
77169325
77169977
77170917
77173896
77174694
77185878
77186405
77192489
77207607
77224845
77228989
77244681
77267486
77271780
77273552
77299885
77303528
77305730
77311254
77313912
77317262
77318423
77326950
77370056
77385909
77386047
77394503
77403556
77406220
77408210
77408672
77411005
77423070
77424874
77436026
77436810
77450088
77458595
77465041
77477370
77489270
77522676
77525215
77533103
77560603
77568019
77599657
77602560
77621686
77624545
77627394
77629562
77706230
77715693
77719586
77724603
77729458
77748763
77752585
77758630
77772428
77773700
77819977
77821521
77824767
77830246
77847664
77851775
77855034
77862164
77878457
77900766
77909409
77918824
77948264
77957362
77970233
77983389
78023060
78031758
78037379
78038079
78046812
78055680
78057740
78066574
78075573
78079141
78079922
78079964
78087824
78089743
78107621
78128375
78129303
78140214
78144158
78153128
78157342
78162969
78167583
78175099
78181360
78201094
78214605
78222776
78223105
78235653
78238819
78250869
78256597
78267339
78298107
78299728
78319672
78330864
78340768
78341823
78347610
78351607
78361745
78362354
78364854
78384819
78397936
78405739
78410974
78423310
78433961
78434340
78449050
78464890
78470601
78475911
78483193
78484982
78493190
78496372
78499373
78539263
78550065
78559557
78578553
78582732
78594337
78595200
78596861
78617778
78618021
78632247
78637230
78643997
78646309
78664322
78664422
78664456
78675001
78678725
78684288
78687571
78697255
78700511
78708169
78729272
78733062
78757295
78758820
78762740
78764008
78767499
78768647
78772301
78784567
78784579
78785802
78788067
78796420
78809592
78824639
78827037
78830464
78838847
78840367
78846755
78884979
78909983
78911765
78917601
78921083
78933552
78944274
78973469
78983195
78997954
79007300
79011819
79020679
79046398
79047370
79059563
79060918
79084473
79095112
79119268
79136561
79139607
79149812
79171963
79185383
79199367
79207432
79207452
79210667
79211956
79214279
79219079
79222974
79235369
79238303
79271480
79279463
79283925
79312300
79320663
79320907
79322000
79342261
79361487
79366392
79366965
79371915
79374557
79471835
79484803
79486611
79489179
79501798
79508068
79510917
79518490
79530840
79549169
79563421
79567704
79580994
79581008
79587370
79597030
79601595
79602947
79606448
79639687
79651232
79682376
79686467
79690839
79691363
79698790
79712009
79712903
79727118
79731365
79735504
79740042
79767969
79772056
79805907
79809823
79817394
79817955
79821857
79831050
79844055
79847885
79903890
79908764
79925603
79926706
79958289
80001728
80007219
80010619
80013089
80014591
80015526
80021388
80025328
80033044
80034426
80047913
80055115
80071085
80076166
80089345
80090960
80098726
80100460
80106421
80107499
80112463
80134779
80142524
80156827
80159569
80206338
80207842
80216175
80216217
80220328
80231227
80236069
80237978
80241005
80241871
80244678
80247328
80254583
80270696
80294619
80336460
80342812
80343611
80351374
80351839
80363691
80368150
80393837
80402119
80408611
80411242
80425588
80432600
80436830
80446438
80454421
80456030
80457758
80461771
80485474
80500201
80511556
80515978
80522936
80542182
80556499
80557510
80562620
80571927
80590163
80611150
80622337
80650592
80652277
80655855
80680044
80686125
80694895
80704607
80710658
80733766
80739374
80749585
80753141
80755587
80756124
80771055
80781297
80782031
80782366
80787638
80799084
80811739
80846768
80849294
80854472
80859763
80862800
80868613
80879164
80893082
80916498
80938631
80946412
80961042
80967599
80983003
80988178
80997261
80998416
81016398
81044156
81045969
81053768
81059445
81062900
81086789
81087508
81090682
81097895
81109080
81127061
81144628
81178461
81191693
81207764
81213495
81222927
81252496
81254178
81254847
81255043
81256508
81256855
81268083
81275391
81285350
81291067
81318067
81347954
81355408
81362489
81370159
81376095
81390351
81402096
81407904
81412325
81419868
81422700
81428449
81437998
81440276
81449342
81474633
81475937
81491786
81500403
81510783
81522370
81527874
81538749
81538831
81542159
81552474
81556599
81570305
81576278
81583012
81594905
81597903
81620717
81623934
81625646
81635600
81636843
81670535
81680129
81697910
81705120
81706489
81708949
81715986
81719985
81725918
81737943
81741260
81756166
81767724
81779100
81780388
81784568
81798683
81827856
81830678
81864248
81872185
81887083
81890255
81896242
81897927
81898505
81901484
81931174
81945624
81947789
81955702
81961241
81964110
81977230
81984071
81986885
81990228
82036243
82041992
82056247
82057586
82069269
82081559
82100573
82101586
82107153
82108605
82109589
82128201
82134283
82146460
82195134
82201629
82204816
82223796
82256189
82261291
82266965
82275530
82290815
82296997
82303716
82305565
82319753
82334371
82335294
82338709
82340300
82342548
82358182
82358475
82359575
82384519
82389253
82389508
82397070
82403849
82429773
82478817
82479173
82491604
82492288
82492718
82506169
82508309
82517869
82519609
82531156
82535038
82536384
82554881
82562452
82570608
82584214
82585131
82587504
82587754
82594619
82598546
82639827
82657179
82696456
82697188
82726370
82747506
82749339
82753405
82753884
82768336
82782611
82782744
82786380
82792796
82821577
82821626
82832759
82839846
82848662
82853739
82877777
82884557
82891051
82946744
82972834
82984218
82997625
83002611
83008681
83011527
83016869
83026814
83032944
83068316
83069342
83070567
83072197
83074155
83088732
83091986
83092206
83095313
83101778
83102738
83107128
83120729
83136195
83140621
83150926
83155222
83161317
83165253
83190430
83193346
83205359
83206573
83210834
83212193
83220298
83220691
83225064
83230523
83250890
83252853
83267111
83268046
83268390
83301771
83314513
83315007
83320048
83320471
83321117
83331604
83335194
83336870
83345504
83368420
83400202
83410467
83422082
83427565
83430130
83436973
83447252
83450046
83455849
83487739
83493056
83502037
83512218
83544092
83551638
83561908
83566257
83569601
83572034
83585254
83586029
83587963
83593154
83595939
83602112
83612587
83613391
83622724
83624261
83637364
83666150
83708420
83753607
83761249
83763399
83763676
83783249
83791171
83791694
83795687
83802308
83859596
83865069
83868751
83887636
83906205
83912490
83914339
83925400
83936482
83937367
83948285
83948857
83955052
83958688
83959547
83967110
83977382
84000255
84008648
84022908
84044302
84044754
84054000
84063413
84090664
84104520
84119015
84123699
84138678
84175420
84183946
84228724
84240216
84246162
84261329
84263624
84272366
84275954
84288180
84289603
84301792
84315970
84335897
84336616
84344698
84345031
84347493
84361603
84367820
84382850
84383739
84383843
84384530
84388351
84403507
84408140
84416437
84418208
84422061
84447123
84447151
84469580
84495564
84539266
84548794
84549590
84565614
84568135
84588236
84593848
84594029
84594999
84601250
84612122
84613817
84640251
84643349
84652427
84656294
84660916
84664428
84687129
84705490
84705565
84727905
84736941
84737338
84748147
84758338
84775105
84780001
84787578
84790128
84800963
84801255
84806836
84809317
84809945
84815763
84835895
84854313
84858453
84872169
84873626
84894876
84896358
84926326
84946106
84948997
84953134
84960362
84962083
84965655
84978929
84979648
84981327
84987564
84995617
84999239
85006607
85016938
85018046
85042546
85043077
85062757
85065104
85104551
85107492
85118079
85120037
85121179
85128782
85129496
85131712
85137765
85147098
85148351
85155387
85160092
85174625
85179711
85184821
85197941
85207101
85218596
85231103
85232438
85232649
85245577
85265938
85271784
85273540
85278871
85288170
85288661
85291989
85299902
85317697
85325844
85341343
85347413
85348209
85351886
85358659
85382252
85396706
85414840
85421071
85443349
85451541
85459017
85459512
85501438
85518277
85524682
85535093
85550225
85561387
85568506
85595285
85619580
85621571
85622302
85639042
85644855
85655151
85680412
85684617
85702422
85706835
85710346
85718186
85730187
85761526
85773224
85775586
85794539
85800901
85803005
85849818
85863340
85868344
85881240
85913554
85941741
85948807
85951049
85956951
85987474
85995242
85996044
86000459
86009998
86022249
86026545
86029417
86036654
86040059
86048504
86098844
86120467
86130852
86153753
86154017
86185474
86186871
86195729
86217063
86218828
86244516
86246982
86247049
86281744
86295366
86303261
86317437
86320320
86326313
86326347
86339903
86354464
86379988
86403329
86411232
86412745
86416006
86425005
86432120
86446551
86447807
86454522
86461148
86468366
86547315
86552824
86553157
86555644
86571527
86583058
86587013
86596898
86611046
86611233
86617043
86643399
86661702
86683343
86689602
86697658
86729654
86732140
86755992
86756452
86788169
86792273
86828179
86856399
86857070
86874003
86876157
86880631
86905275
86916449
86928538
86930996
86936373
86992037
87008843
87008881
87011897
87013426
87015362
87034563
87035796
87042905
87048528
87050944
87058430
87079856
87082196
87084271
87089162
87092435
87098008
87100845
87105896
87108068
87121570
87153529
87175238
87177119
87187584
87213708
87220675
87233841
87251704
87253660
87268487
87275182
87300175
87300765
87303000
87306848
87322480
87335201
87340114
87351365
87364366
87364999
87373814
87373883
87378765
87380294
87382023
87382054
87389842
87395344
87400298
87422568
87445065
87446816
87455008
87457402
87481915
87486169
87501346
87505949
87512110
87514620
87526306
87539280
87554561
87555405
87578702
87589390
87610547
87628267
87637965
87646965
87685462
87700857
87721237
87727112
87732097
87735503
87735701
87736864
87737217
87773191
87776453
87781598
87797929
87823269
87826252
87830388
87836454
87853049
87853908
87863074
87879493
87889214
87892551
87897576
87902696
87911624
87920579
87925030
87929466
87946803
87949849
87974651
87989539
87999602
88008107
88008625
88036928
88044665
88059633
88060357
88072318
88073931
88092388
88096205
88101261
88102836
88108502
88124127
88148105
88150793
88153062
88169400
88180063
88180636
88188431
88197336
88211040
88216105
88236180
88237816
88245534
88257459
88263964
88267404
88269514
88284084
88302946
88308671
88334242
88341353
88350137
88354746
88355014
88355229
88357759
88368076
88369724
88392304
88396736
88397829
88399057
88424719
88451035
88457533
88472400
88477590
88491697
88494159
88496516
88498923
88499691
88514672
88518199
88521567
88537411
88538706
88556386
88560213
88561855
88567221
88576339
88588936
88607397
88615778
88620335
88640350
88653642
88672460
88681902
88682392
88684967
88698291
88702763
88703832
88723712
88752203
88780950
88780953
88783853
88784692
88799233
88814880
88818321
88821526
88842799
88848472
88848950
88854165
88874705
88901383
88932590
88940743
88947424
88955923
88966241
88968258
88974487
88976723
88976894
89004793
89010850
89013213
89029910
89056449
89070785
89078004
89086852
89096925
89119043
89121791
89130649
89132792
89137694
89139564
89143131
89158794
89162867
89163303
89175094
89181767
89216026
89224079
89226956
89228773
89233348
89234476
89242117
89253897
89256511
89277185
89278893
89283608
89294316
89306324
89346221
89348770
89393190
89393268
89397735
89418923
89422624
89422855
89439069
89443355
89445001
89451366
89460351
89474459
89487975
89492013
89495100
89503720
89513341
89515972
89526401
89541406
89546385
89561672
89572486
89587110
89594153
89611986
89625112
89626037
89639822
89660479
89662131
89662519
89664421
89667108
89670299
89679620
89693755
89704899
89708662
89718719
89737725
89738493
89740923
89741402
89756332
89762628
89762920
89765746
89768476
89769957
89785861
89799349
89805604
89814145
89856801
89878202
89903758
89905013
89906827
89907711
89913019
89963266
89966411
89971152
89974772
90011790
90022624
90025991
90032625
90034202
90047844
90053120
90063866
90064438
90077241
90114813
90117555
90127931
90129032
90136422
90136940
90137251
90143780
90143875
90145709
90158097
90166906
90181056
90182594
90193881
90201895
90203652
90209715
90221113
90226182
90237181
90244148
90245337
90253946
90257193
90258120
90268706
90271579
90271954
90276925
90296163
90320686
90328256
90334448
90346202
90363908
90388231
90408014
90454418
90456461
90463925
90486264
90499489
90507020
90515432
90523573
90525756
90526227
90543890
90548953
90550332
90579933
90589062
90615450
90617073
90626225
90626343
90631401
90631911
90635174
90635695
90650048
90658992
90660034
90681600
90684417
90687505
90688910
90691860
90692775
90699780
90715226
90723868
90745963
90749697
90756566
90758634
90788915
90792215
90792223
90801261
90801615
90818494
90830822
90833322
90851749
90856567
90901758
90902101
90903557
90904161
90918338
90918644
90937361
90944962
90951233
90957708
90966823
90985929
90993891
91000047
91018756
91030238
91031916
91045326
91059412
91096783
91099499
91102442
91134859
91146024
91152741
91153564
91158034
91161123
91168846
91176966
91185622
91205368
91214162
91222056
91237872
91240925
91247890
91256337
91260705
91299911
91307420
91331347
91367465
91373777
91380711
91388030
91399559
91399924
91418949
91419416
91422470
91444378
91464256
91464288
91483381
91489254
91493410
91496405
91506705
91515722
91521391
91535800
91540101
91547110
91551880
91557968
91564477
91571663
91593446
91595577
91607874
91614547
91615496
91616751
91630818
91631012
91638273
91643402
91653394
91662414
91670686
91678870
91702277
91707110
91711877
91712924
91714190
91725112
91742836
91750932
91754924
91769754
91769793
91791854
91819088
91831127
91832861
91840304
91843606
91849817
91855320
91857530
91865370
91868124
91871845
91888871
91910137
91913216
91918411
91922232
91924108
91924241
91926826
91935417
91940372
91951268
91965686
91978955
91980005
91982699
91988825
91990138
91993237
91995904
92004819
92013936
92016037
92032410
92041745
92047723
92059727
92061259
92078998
92080491
92086181
92093258
92102400
92106193
92124829
92131498
92137499
92138454
92178091
92183107
92191171
92208714
92210215
92224069
92234068
92234254
92240905
92258127
92261360
92273891
92281363
92304758
92307405
92325107
92330132
92341718
92349042
92357316
92375758
92379057
92401971
92406091
92413114
92428934
92439892
92459747
92460633
92463396
92464849
92465584
92480072
92513701
92519795
92527278
92546685
92551753
92573260
92578695
92579971
92584955
92588583
92598101
92608797
92609591
92617186
92618700
92619815
92620904
92621977
92624747
92634501
92639275
92641398
92643832
92654632
92666159
92672289
92674664
92676980
92678115
92680508
92682540
92703236
92711631
92713102
92723527
92750238
92759808
92763343
92763363
92763874
92774644
92783979
92802076
92843303
92887270
92893325
92896809
92910663
92918032
92936214
92955496
92955686
92970179
92979518
92995077
92999231
93001434
93013959
93019158
93020416
93020772
93024828
93037944
93066481
93078943
93079428
93080594
93085144
93085189
93094020
93110448
93125545
93156064
93169038
93169859
93189275
93189442
93194558
93207507
93222364
93222413
93239230
93262394
93276772
93277264
93286024
93296728
93299437
93300070
93304833
93321307
93334138
93341644
93343598
93349899
93352198
93354063
93355757
93369620
93374623
93380020
93406300
93422637
93450708
93456854
93459547
93484342
93486486
93495794
93499199
93501089
93501577
93505093
93507599
93521398
93539213
93541017
93555318
93563587
93567727
93570557
93578104
93580033
93580275
93608036
93611023
93617481
93630744
93641261
93662714
93683517
93687477
93736160
93736760
93736985
93760577
93783735
93786091
93793073
93793317
93809923
93823745
93824215
93839880
93846958
93866507
93871066
93872555
93875412
93885531
93900643
93909909
93934187
93939308
93948892
93953076
93963837
93964191
93986494
94024897
94028769
94043357
94048642
94078512
94088493
94095868
94096531
94102729
94104741
94106423
94111432
94133186
94141506
94164757
94190943
94193615
94210438
94213452
94226143
94229056
94234506
94235091
94242884
94264843
94269098
94272363
94285528
94318525
94320091
94328515
94348016
94362170
94364152
94365530
94390503
94428492
94436290
94445167
94446416
94455545
94457356
94459501
94463340
94465899
94475203
94478155
94480902
94488375
94493719
94506756
94513078
94517217
94535958
94539606
94546282
94551847
94564398
94569994
94579966
94581317
94589504
94602850
94604030
94644816
94644886
94646679
94647587
94670552
94691714
94696833
94696874
94717017
94724528
94738566
94744275
94745554
94749407
94761699
94813125
94827232
94852046
94862667
94868864
94893293
94902372
94902617
94910617
94917638
94929090
94932370
94951243
94961334
94962975
94974620
94975664
94989793
94994257
95002144
95010989
95050325
95064197
95065657
95066746
95069356
95072021
95072287
95075370
95106848
95117499
95136322
95137247
95146542
95152758
95174062
95181034
95192176
95203059
95204712
95221122
95222295
95223523
95226189
95230128
95231345
95237949
95238883
95240051
95248989
95252011
95253067
95256137
95258798
95259080
95265312
95279268
95286212
95308002
95337813
95340742
95353264
95353627
95358777
95377227
95387792
95387934
95389066
95398182
95401858
95475073
95486922
95486998
95488729
95498030
95504853
95520277
95522006
95524273
95543361
95547168
95553048
95556456
95575735
95578642
95616279
95628640
95639142
95670647
95687098
95687880
95707098
95718136
95723476
95725292
95726285
95728553
95733351
95734025
95741528
95742855
95765485
95774221
95797462
95803076
95808230
95820779
95824148
95829483
95830313
95834117
95841288
95849519
95853426
95853542
95856767
95858340
95864318
95868457
95869678
95872258
95873766
95918972
95930078
95931992
95936999
95951042
95963491
95979830
96008630
96016696
96019767
96023329
96024915
96028431
96033830
96034397
96046531
96059019
96065479
96079477
96080762
96090162
96103627
96114063
96153846
96167465
96219873
96222689
96239210
96249231
96257020
96272733
96316990
96342040
96381016
96423212
96426328
96428910
96430696
96432741
96437325
96449092
96459426
96465306
96472597
96483624
96483918
96513695
96514908
96531753
96532058
96538112
96544077
96552394
96556981
96561195
96568816
96572387
96587609
96593960
96599890
96604612
96616123
96644812
96649731
96653281
96672376
96673043
96679193
96684170
96704838
96705355
96709215
96722126
96726041
96759769
96761603
96768202
96782458
96787569
96791655
96797752
96797981
96815671
96820761
96829643
96838015
96859869
96860650
96872889
96877965
96882251
96884395
96891743
96892075
96896905
96905369
96908761
96934719
96986506
97003871
97005603
97010808
97027646
97027933
97027996
97044113
97066303
97072392
97086209
97087756
97113735
97117744
97125019
97125643
97144733
97158099
97158455
97169484
97170756
97170895
97171375
97188657
97245056
97255028
97261318
97266472
97271443
97274329
97278981
97292146
97292797
97294371
97310531
97313876
97315036
97325792
97328394
97352117
97352268
97352286
97364300
97372078
97387042
97397417
97403235
97404660
97407015
97407219
97426538
97440717
97462067
97467448
97480509
97489151
97499615
97511430
97516000
97517150
97518350
97523155
97542588
97550536
97575172
97576331
97580997
97582428
97590259
97591455
97595404
97602143
97616021
97620289
97623134
97626951
97632698
97637962
97649240
97657773
97659274
97677485
97686118
97687912
97696387
97698878
97707160
97726460
97731734
97732127
97738665
97741274
97754941
97755632
97757791
97762752
97769332
97776194
97779588
97781518
97782035
97785940
97818299
97849500
97868537
97869933
97880028
97890246
97919174
97922951
97934171
97943791
97953923
97970187
97987136
98006457
98020949
98024692
98047611
98066593
98076836
98086699
98092637
98093029
98095696
98095830
98105906
98120261
98121064
98131356
98132898
98139220
98140575
98141884
98145955
98159596
98164496
98165651
98169886
98220006
98222322
98226238
98228976
98231793
98232348
98293406
98299561
98316091
98335612
98352037
98357107
98366074
98384104
98388399
98388427
98389166
98401658
98415851
98419050
98436491
98459659
98464052
98467173
98472890
98482399
98484221
98496482
98503929
98546601
98559629
98566534
98568334
98600975
98606762
98607266
98617836
98618971
98629135
98638269
98642664
98643600
98648438
98654178
98654867
98656703
98681007
98700695
98716045
98728714
98734867
98746444
98756187
98761953
98764564
98765414
98767989
98769141
98774727
98790000
98802095
98825200
98825377
98831175
98833174
98865403
98868750
98873156
98896375
98920617
98932340
98954096
98969711
98980293
98988327
98989774
99003414
99008905
99019593
99036980
99041864
99044135
99065913
99068887
99072003
99073446
99082282
99115104
99120535
99123763
99124177
99130513
99144845
99146536
99147856
99161687
99164748
99188223
99193489
99201479
99205700
99221636
99222842
99235904
99236732
99250054
99254527
99279253
99280358
99280917
99287745
99308080
99317694
99347143
99354126
99362021
99378070
99380852
99391862
99397983
99400555
99403207
99408253
99428974
99437739
99447939
99451569
99463068
99472635
99475367
99482847
99484529
99486724
99502269
99524389
99545201
99551087
99559440
99563358
99573028
99587643
99588215
99604475
99617936
99641619
99642104
99646646
99649954
99659374
99680358
99699158
99701711
99702121
99705750
99730663
99735205
99737628
99744178
99752500
99753635
99753838
99760824
99763020
99788479
99795236
99806106
99808062
99853506
99867143
99879499
99886098
99900147
99920633
99934144
99946710
99958368
99961265
99966277
99982123
99995457
