361
557
640
750
812
1007
1026
1250
1265
1303
1576
1637
1651
1730
1990
2191
2244
2292
2395
2429
2583
3005
3050
3151
3260
3325
3420
3570
3715
3783
3923
4299
4479
4509
4532
4545
4609
4639
4752
4761
4781
4782
4945
4980
5163
5298
5693
5713
5779
5967
5989
6090
6118
6223
6402
6638
6920
7102
7144
7183
7187
7307
7428
7535
7569
7592
7620
7642
7705
7894
7928
8131
8246
8264
8276
8478
8506
8541
8565
8619
8805
8822
8948
9016
9082
9090
9273
9326
9692
9696
9837
10029
10039
10085
10103
10216
10500
10511
10638
10731
10823
10981
11002
11353
11375
11442
11559
11616
11676
11931
12065
12088
12121
12153
12162
12180
12205
12227
12244
12519
12644
12647
12718
12757
12884
12904
12919
13150
13172
13225
13261
13490
13766
13786
13921
13931
13953
14003
14033
14151
14164
14232
14495
14499
14578
14654
14707
14720
14732
14772
14919
14969
15009
15048
15092
15325
15329
15420
15642
15749
15791
15891
16204
16515
16544
16688
16866
16867
16932
17151
17245
17346
17395
17517
17811
17949
18160
18215
18351
18506
18589
18685
18689
19077
19324
19917
20035
20197
20296
20674
20775
20807
21022
21086
21264
21646
21729
21760
21775
22009
22069
22194
22646
22651
22971
23027
23071
23129
23150
23182
23258
23462
23476
23538
23551
23660
23697
23876
23903
23904
23995
24118
24222
24278
24289
24290
24422
24680
24705
24742
24744
24789
24845
24853
24865
24958
25131
25422
25526
25576
25809
25858
25858
26041
26216
26429
26701
26820
26908
26949
27024
27172
27183
27492
27776
27844
27973
27985
27991
28061
28183
28251
28569
28645
29002
29058
29166
29335
29498
29625
29642
29702
29756
29783
29793
29889
30486
30681
30881
30883
31096
31209
31246
31246
31390
31408
31482
31540
31596
31722
31838
31904
32026
32345
32446
32451
32452
32658
32747
32907
33022
33059
33122
33193
33254
33449
33537
33537
33780
33780
33917
33932
33954
33954
33969
33984
34117
34136
34245
34344
34366
34643
34650
34734
34762
34914
35251
35397
35498
35504
35534
35617
35825
36169
36419
36459
36574
36728
36822
36941
37069
37212
37243
37318
37345
37348
37349
37402
37505
37624
37651
37686
37830
37989
38090
38107
38332
38396
38530
38749
38774
38797
38815
38887
39063
39067
39218
39391
39409
39464
39464
39527
39597
39598
39679
39710
39824
39898
40022
40264
40438
40447
40508
40541
40561
40685
40858
41342
41399
41413
41845
41936
41948
42194
42208
42346
42440
42472
42618
42638
42760
42805
42850
42965
43063
43181
43191
43412
43440
43446
43485
43552
43629
43734
43761
43768
44175
44199
44201
44248
44269
44301
44303
44471
44514
44534
44574
44715
44775
44821
44874
44875
45016
45276
45325
45433
45464
45855
45881
45899
45907
46063
46164
46187
46275
46396
46424
46456
46485
46523
46594
46930
46938
47049
47090
47134
47150
47198
47479
47667
47702
47741
47838
47954
47999
48293
48406
48469
48726
48778
48916
48930
49022
49072
49073
49121
49196
49279
49318
49340
49527
49666
49778
49829
49896
50074
50143
50254
50262
50265
50305
50645
50690
50708
50836
51098
51193
51537
51555
51635
51985
52036
52081
52097
52159
52282
52286
52347
52567
52750
52762
52763
52824
52985
53024
53093
53167
53225
53402
53479
53733
53801
53918
53964
54084
54130
54221
54318
54382
54602
54740
54784
55135
55154
55224
55306
55327
55332
55478
55555
55670
55805
55827
55930
55948
56069
56108
56109
56119
56119
56128
56279
56309
56400
56431
56441
56586
56589
56668
56670
56680
56708
56964
57271
57309
57454
57512
57522
57529
57582
57733
57744
57834
57868
57905
57908
57946
58043
58252
58264
58335
58474
58508
58555
58644
58743
58793
58800
58820
58822
58887
58949
58962
59046
59183
59297
59311
59670
59883
59982
60025
60127
60203
60239
60400
60485
60564
60607
60773
60778
60857
60972
60985
60994
61028
61099
61174
61181
61331
61428
61479
61641
61844
61871
62128
62245
62411
62463
62505
62610
62769
62795
62936
63319
63418
63616
63729
63922
63964
64072
64230
64238
64291
64379
64417
64485
64501
64523
64732
64739
64892
64978
65074
65341
65364
65434
65509
65559
65603
65818
65844
66008
66022
66131
66157
66243
66418
66441
66477
66489
66497
66761
66880
66915
67127
67149
67298
67415
67440
67510
67787
68007
68030
68167
68489
68518
68679
68817
68967
69121
69132
69458
69507
69709
69992
70205
70238
70280
70335
70409
70495
70502
70546
70664
70727
70737
70901
70918
71015
71081
71082
71175
71287
71482
71644
71662
71722
71886
71937
72031
72061
72086
72106
72147
72175
72243
72252
72261
72285
72481
72652
73031
73040
73156
73392
73439
73482
73597
73597
73704
73820
73896
73959
73964
74027
74107
74234
74375
74394
74404
74458
74541
74584
74603
74735
74760
74802
74989
75017
75143
75169
75315
75333
75507
75514
75757
75888
76178
76381
76414
76505
76552
76728
76760
76977
77294
77304
77422
77431
77564
77645
77646
77775
78065
78150
78205
78273
78347
78412
78583
78594
78697
78846
79315
79444
79524
79573
79582
79625
79799
79923
80058
80276
80369
80450
80565
80757
80790
80921
80946
81134
81141
81225
81268
81343
81387
81441
81461
81622
81635
81797
82011
82054
82058
82205
82232
82299
82497
82939
83178
83225
83261
83349
83492
83579
83648
83693
83730
84109
84110
84118
84219
84317
84434
84497
84792
84792
84810
84924
84929
85192
85385
85448
85482
85501
85501
85782
85784
85859
85909
85924
85935
85945
86047
86105
86107
86111
86147
86248
86435
86550
86639
86773
86982
87027
87162
87343
87743
87799
87973
88005
88026
88091
88188
88206
88227
88428
88458
88661
88862
88881
88909
89253
89388
89532
89557
89770
89778
89895
90197
90494
90500
90582
90634
90817
90822
91186
91238
91310
91482
91572
91881
91886
91893
91992
92038
92081
92129
92358
92365
92472
92490
92515
92613
92700
92802
93144
93211
93230
93297
93345
93494
93500
93628
93892
93904
94017
94019
94167
94274
94504
94539
94554
94567
94597
94614
94797
94920
95016
95060
95113
95140
95205
95370
95528
95744
95964
96074
96105
96147
96153
96240
96711
96731
96756
96757
96877
97131
97178
97180
97565
97716
97838
97879
97937
97970
98106
98237
98356
98379
98409
98461
98547
98604
98821
98937
98968
99018
99063
99113
99151
99259
99289
99332
99368
99372
99476
99587
99615
99726
