5
8
26
34
67
69
79
80
91
97
105
140
148
152
163
168
172
176
195
222
241
248
311
313
322
334
357
376
390
392
392
410
413
446
448
456
476
489
490
521
526
536
537
545
586
589
597
610
622
637
638
642
643
644
650
650
676
687
720
724
726
742
755
764
773
773
801
821
828
832
834
844
850
865
866
913
916
924
928
942
950
975
998
1000
1016
1024
1026
1031
1056
1071
1078
1086
1101
1103
1108
1122
1124
1133
1140
1154
1164
1168
1174
1212
1215
1219
1221
1224
1236
1242
1247
1254
1259
1275
1280
1293
1319
1357
1360
1363
1367
1412
1419
1422
1438
1444
1446
1451
1488
1505
1508
1508
1515
1516
1526
1528
1531
1544
1544
1548
1558
1571
1576
1579
1588
1598
1606
1613
1635
1644
1650
1677
1677
1680
1689
1719
1719
1728
1729
1760
1772
1776
1785
1786
1807
1828
1829
1840
1844
1852
1863
1872
1872
1879
1890
1891
1896
1902
1919
1980
1986
1992
2010
2010
2014
2020
2029
2029
2044
2048
2054
2065
2072
2085
2087
2110
2113
2115
2132
2160
2166
2173
2178
2211
2224
2226
2232
2242
2251
2258
2264
2271
2285
2286
2291
2294
2298
2300
2302
2328
2334
2366
2390
2401
2403
2408
2412
2417
2417
2431
2443
2443
2448
2452
2458
2458
2487
2514
2542
2546
2547
2557
2559
2562
2578
2600
2619
2634
2637
2645
2657
2679
2683
2684
2707
2716
2726
2731
2737
2745
2746
2760
2765
2768
2773
2775
2803
2805
2808
2818
2823
2829
2829
2865
2865
2873
2874
2904
2906
2914
2918
2937
2937
2942
2951
2951
2956
2960
2972
2987
3006
3013
3015
3017
3026
3027
3036
3038
3060
3080
3082
3101
3103
3114
3131
3132
3137
3139
3145
3150
3150
3152
3154
3154
3165
3179
3184
3186
3230
3245
3251
3303
3312
3339
3351
3352
3352
3357
3381
3397
3436
3459
3473
3479
3489
3495
3498
3502
3518
3528
3529
3539
3554
3568
3599
3602
3613
3619
3620
3621
3631
3633
3636
3662
3663
3666
3681
3702
3716
3740
3748
3754
3768
3786
3792
3812
3826
3845
3846
3856
3859
3872
3946
3948
3975
3994
4004
4007
4009
4032
4048
4048
4054
4058
4093
4110
4143
4148
4161
4184
4186
4193
4242
4248
4261
4263
4269
4272
4292
4297
4301
4303
4309
4322
4325
4334
4340
4349
4352
4360
4365
4379
4394
4402
4408
4429
4449
4449
4457
4477
4485
4489
4512
4526
4550
4566
4577
4597
4600
4604
4605
4615
4615
4646
4649
4649
4659
4684
4693
4710
4712
4716
4720
4732
4733
4735
4749
4754
4757
4782
4790
4808
4832
4835
4839
4853
4863
4887
4889
4905
4947
4947
5003
5003
5013
5016
5021
5021
5037
5043
5058
5068
5097
5105
5106
5113
5122
5126
5142
5153
5177
5181
5201
5201
5207
5210
5232
5245
5246
5249
5250
5252
5270
5273
5279
5280
5302
5305
5306
5337
5341
5351
5352
5357
5375
5380
5415
5425
5434
5448
5450
5469
5475
5500
5508
5509
5525
5533
5542
5559
5573
5577
5596
5600
5613
5616
5620
5627
5650
5674
5683
5689
5695
5696
5740
5743
5771
5772
5781
5787
5789
5799
5808
5817
5829
5839
5843
5854
5862
5894
5895
5900
5918
5922
5942
5949
5950
5955
5962
5976
5982
5987
5988
5990
5991
5998
6001
6031
6050
6052
6063
6070
6072
6089
6109
6109
6113
6141
6142
6146
6152
6154
6173
6193
6199
6240
6243
6245
6250
6254
6255
6261
6269
6270
6272
6290
6300
6304
6313
6321
6324
6331
6359
6389
6396
6405
6436
6437
6438
6440
6451
6451
6477
6480
6481
6484
6487
6492
6506
6524
6526
6561
6564
6570
6581
6584
6629
6651
6666
6667
6669
6669
6683
6697
6698
6717
6723
6732
6735
6738
6756
6766
6797
6799
6819
6825
6828
6829
6844
6847
6849
6878
6899
6913
6919
6926
6930
6932
6963
6976
6976
6976
6984
6985
6988
7000
7003
7009
7044
7047
7071
7157
7159
7183
7189
7205
7208
7209
7224
7239
7257
7258
7261
7268
7311
7319
7320
7330
7344
7349
7352
7369
7370
7381
7398
7400
7403
7419
7425
7433
7435
7461
7469
7484
7517
7546
7585
7607
7612
7615
7627
7652
7666
7666
7674
7675
7679
7687
7691
7694
7695
7716
7725
7730
7739
7754
7762
7765
7781
7795
7801
7802
7818
7818
7844
7857
7859
7878
7882
7888
7890
7900
7904
7904
7912
7916
7931
7955
7963
7968
7977
7977
7981
7982
7988
7994
8028
8056
8056
8087
8093
8140
8163
8166
8176
8177
8193
8219
8239
8260
8278
8284
8300
8314
8327
8331
8333
8333
8336
8342
8361
8378
8424
8432
8432
8441
8465
8519
8527
8532
8549
8552
8571
8597
8612
8617
8633
8649
8687
8690
8701
8718
8721
8744
8745
8748
8749
8753
8755
8761
8770
8773
8806
8814
8824
8829
8848
8895
8896
8904
8922
8923
8944
8944
8973
8975
9016
9059
9078
9089
9099
9106
9129
9155
9171
9177
9195
9202
9209
9216
9231
9303
9311
9317
9319
9337
9338
9340
9340
9342
9393
9429
9431
9431
9436
9440
9447
9447
9477
9484
9494
9497
9520
9527
9547
9555
9574
9584
9591
9596
9602
9623
9625
9628
9661
9667
9670
9710
9712
9733
9744
9757
9781
9790
9792
9802
9815
9818
9836
9838
9838
9881
9898
9918
9949
9951
9958
9969
9971
9972
9985
10030
10038
10039
10043
10059
10063
10069
10079
10088
10088
10096
10099
10116
10116
10122
10124
10128
10143
10151
10164
10195
10196
10203
10206
10229
10234
10236
10239
10240
10242
10245
10273
10275
10287
10289
10296
10296
10305
10308
10312
10314
10341
10345
10363
10363
10369
10372
10376
10406
10407
10423
10434
10445
10447
10449
10451
10459
10466
10475
10476
10477
10486
10500
10524
10560
10568
10568
10591
10614
10615
10616
10616
10643
10646
10648
10654
10657
10661
10675
10682
10688
10690
10711
10730
10731
10742
10753
10768
10770
10800
10801
10808
10817
10824
10840
10851
10868
10870
10875
10890
10899
10906
10912
10916
10924
10939
10940
10951
10952
10960
10975
10980
10982
10986
10988
11004
11009
11015
11026
11029
11035
11051
11053
11057
11064
11070
11080
11093
11095
11105
11124
11143
11163
11165
11174
11179
11182
11197
11221
11222
11249
11288
11298
11300
11332
11339
11351
11373
11375
11383
11386
11392
11392
11401
11403
11415
11457
11463
11476
11481
11493
11498
11505
11516
11520
11533
11538
11553
11556
11583
11586
11593
11594
11601
11604
11611
11629
11647
11649
11660
11669
11689
11691
11694
11697
11705
11721
11724
11747
11749
11756
11758
11759
11762
11765
11768
11780
11786
11789
11790
11790
11803
11814
11823
11844
11844
11846
11866
11868
11896
11915
11915
11933
11959
11963
11967
11979
11994
12000
12003
12018
12046
12062
12064
12066
12067
12072
12090
12095
12108
12119
12127
12129
12141
12177
12192
12197
12203
12215
12221
12230
12234
12251
12262
12269
12289
12299
12318
12318
12322
12333
12342
12345
12364
12370
12402
12404
12414
12416
12416
12430
12435
12438
12448
12464
12472
12484
12495
12504
12506
12520
12526
12541
12573
12574
12581
12582
12588
12593
12601
12608
12611
12612
12613
12617
12618
12632
12642
12644
12647
12651
12684
12688
12717
12721
12723
12735
12749
12754
12755
12756
12762
12772
12778
12793
12803
12818
12822
12828
12834
12834
12838
12841
12892
12896
12899
12904
12910
12921
12934
12941
12942
12978
13022
13027
13041
13047
13064
13124
13131
13134
13137
13154
13164
13164
13169
13179
13199
13200
13206
13220
13244
13256
13269
13272
13273
13282
13291
13307
13310
13312
13321
13323
13328
13338
13344
13356
13360
13369
13395
13407
13413
13415
13430
13454
13470
13472
13484
13497
13499
13501
13524
13533
13540
13540
13575
13584
13600
13605
13605
13625
13636
13656
13657
13664
13670
13671
13674
13680
13692
13693
13696
13698
13701
13702
13708
13711
13720
13720
13757
13758
13765
13789
13793
13797
13800
13813
13836
13850
13858
13863
13882
13882
13888
13906
13908
13908
13918
13924
13930
13932
13936
13960
13988
13994
14001
14044
14047
14049
14062
14067
14073
14081
14087
14095
14106
14109
14128
14151
14155
14159
14159
14167
14168
14169
14173
14179
14182
14184
14187
14203
14231
14258
14263
14269
14279
14283
14284
14285
14299
14301
14301
14312
14315
14344
14350
14353
14357
14363
14367
14388
14393
14408
14410
14421
14431
14440
14449
14450
14453
14463
14467
14472
14475
14480
14492
14512
14516
14519
14530
14531
14534
14554
14563
14595
14601
14603
14607
14621
14625
14627
14634
14636
14652
14681
14691
14699
14703
14725
14728
14734
14745
14756
14768
14779
14784
14843
14854
14869
14874
14886
14898
14900
14903
14906
14911
14919
14922
14931
14935
14944
14944
14945
14947
14961
14966
14977
14981
14997
15001
15002
15026
15053
15054
15059
15063
15067
15069
15074
15079
15094
15106
15123
15126
15134
15138
15140
15158
15196
15202
15204
15208
15213
15232
15232
15242
15253
15257
15269
15278
15283
15292
15298
15305
15305
15306
15319
15363
15380
15413
15414
15416
15425
15430
15444
15457
15459
15484
15490
15490
15494
15494
15526
15532
15537
15560
15591
15622
15622
15627
15639
15645
15649
15650
15677
15678
15700
15712
15713
15726
15726
15730
15749
15757
15787
15794
15827
15835
15835
15838
15858
15861
15869
15872
15878
15888
15922
15940
15943
15962
15968
15973
15977
15978
15990
15992
15995
16004
16013
16036
16054
16070
16090
16092
16103
16120
16133
16135
16142
16152
16160
16175
16176
16190
16193
16196
16204
16218
16225
16242
16250
16256
16268
16280
16288
16308
16309
16325
16329
16334
16336
16354
16354
16359
16363
16377
16378
16383
16385
16392
16403
16419
16420
16433
16442
16452
16467
16475
16489
16493
16495
16495
16534
16540
16569
16576
16580
16582
16597
16624
16626
16627
16629
16633
16636
16640
16646
16647
16658
16659
16662
16662
16665
16672
16680
16700
16703
16709
16719
16721
16734
16742
16743
16748
16765
16767
16769
16773
16781
16789
16796
16802
16837
16840
16841
16842
16858
16898
16899
16922
16923
16925
16931
16936
16938
16943
16948
16959
16967
16986
16987
16992
16995
17033
17036
17064
17067
17068
17097
17098
17099
17103
17112
17116
17120
17148
17150
17168
17169
17188
17201
17210
17220
17237
17246
17248
17264
17273
17275
17282
17284
17285
17287
17293
17305
17306
17309
17316
17330
17351
17356
17357
17385
17386
17408
17432
17434
17446
17449
17480
17482
17488
17488
17502
17517
17521
17521
17530
17552
17566
17572
17574
17574
17586
17586
17599
17607
17615
17626
17632
17639
17641
17643
17643
17659
17661
17666
17725
17727
17745
17745
17772
17779
17802
17811
17818
17826
17840
17849
17856
17859
17864
17865
17898
17898
17907
17912
17936
17940
17942
17944
17947
17966
17966
17975
17979
18028
18030
18039
18045
18066
18070
18073
18098
18107
18123
18124
18128
18139
18152
18154
18158
18160
18170
18172
18181
18186
18194
18227
18252
18252
18256
18277
18278
18281
18281
18282
18300
18304
18308
18339
18349
18368
18377
18396
18427
18434
18442
18449
18480
18482
18485
18503
18505
18515
18536
18543
18559
18576
18585
18596
18609
18610
18627
18653
18663
18672
18672
18682
18704
18714
18716
18722
18727
18735
18742
18745
18747
18767
18779
18797
18823
18824
18829
18840
18853
18855
18878
18878
18881
18905
18908
18919
18942
18945
18959
18959
18966
18968
18970
18978
18985
18989
18990
18994
19010
19010
19054
19058
19062
19073
19076
19081
19091
19095
19095
19105
19115
19119
19121
19126
19134
19152
19174
19184
19184
19200
19204
19208
19210
19216
19228
19233
19250
19257
19258
19278
19289
19306
19315
19317
19337
19348
19360
19366
19370
19372
19384
19387
19398
19402
19403
19406
19412
19415
19420
19433
19437
19446
19455
19461
19478
19483
19514
19518
19522
19533
19543
19551
19554
19555
19555
19562
19572
19587
19594
19603
19603
19625
19655
19670
19673
19686
19712
19717
19719
19734
19735
19759
19775
19779
19790
19792
19804
19808
19813
19814
19815
19827
19835
19850
19850
19851
19853
19859
19861
19877
19900
19901
19915
19932
19936
19937
19943
19968
19971
19974
19979
19982
19984
19985
19987
19992
20005
20010
20017
20021
20025
20034
20037
20037
20045
20058
20060
20063
20089
20092
20114
20123
20128
20155
20156
20164
20171
20172
20179
20182
20196
20201
20219
20223
20223
20226
20233
20235
20266
20278
20282
20282
20283
20283
20283
20290
20306
20318
20328
20329
20371
20373
20402
20404
20406
20442
20509
20511
20532
20536
20552
20562
20567
20574
20591
20596
20596
20624
20645
20652
20661
20678
20681
20687
20691
20693
20715
20720
20747
20753
20758
20770
20775
20792
20793
20806
20810
20810
20813
20817
20819
20820
20840
20859
20860
20861
20863
20869
20883
20884
20887
20891
20898
20938
20942
20944
20949
20952
20953
20970
20973
20983
20991
20995
20998
21001
21002
21033
21034
21041
21073
21085
21086
21091
21096
21100
21119
21121
21124
21130
21171
21173
21176
21187
21199
21210
21212
21225
21271
21279
21291
21293
21295
21307
21310
21318
21328
21340
21350
21354
21355
21355
21360
21360
21382
21385
21388
21394
21408
21423
21429
21434
21447
21448
21468
21472
21474
21477
21494
21513
21535
21545
21548
21549
21556
21559
21561
21589
21591
21599
21610
21615
21621
21629
21631
21638
21656
21661
21668
21673
21687
21693
21701
21712
21717
21731
21755
21760
21778
21785
21787
21812
21815
21817
21817
21868
21870
21872
21895
21900
21910
21920
21924
21925
21932
21957
21960
21981
21984
21985
21992
21997
22061
22064
22079
22084
22086
22088
22093
22118
22119
22130
22133
22137
22147
22182
22187
22200
22203
22208
22213
22217
22223
22224
22239
22240
22273
22278
22301
22303
22311
22312
22313
22315
22322
22331
22335
22336
22344
22347
22352
22352
22383
22403
22427
22461
22463
22465
22475
22478
22518
22519
22520
22537
22537
22571
22576
22584
22585
22591
22597
22603
22617
22621
22623
22626
22631
22642
22652
22667
22683
22693
22712
22713
22719
22733
22747
22751
22760
22764
22790
22794
22808
22819
22832
22848
22867
22877
22879
22892
22903
22913
22923
22935
22948
22949
22962
22963
22965
22977
22983
22985
23001
23003
23004
23017
23025
23031
23034
23041
23042
23057
23058
23068
23068
23070
23075
23105
23108
23159
23161
23196
23215
23228
23238
23250
23274
23279
23282
23283
23286
23287
23301
23311
23328
23337
23348
23359
23362
23365
23371
23384
23388
23392
23406
23413
23418
23436
23446
23475
23477
23480
23487
23490
23506
23513
23534
23551
23569
23571
23574
23578
23589
23619
23625
23633
23649
23655
23661
23662
23666
23670
23673
23695
23727
23732
23746
23762
23768
23769
23771
23784
23798
23800
23800
23803
23828
23831
23851
23861
23861
23862
23870
23871
23873
23897
23906
23907
23908
23916
23934
23935
23943
23944
23949
23970
23973
24006
24014
24014
24021
24021
24026
24031
24032
24048
24064
24077
24085
24090
24114
24122
24135
24148
24150
24156
24158
24162
24194
24231
24234
24252
24269
24279
24300
24306
24317
24322
24329
24339
24339
24353
24374
24393
24405
24416
24420
24429
24430
24434
24441
24457
24490
24492
24514
24515
24553
24557
24593
24593
24598
24604
24618
24622
24637
24649
24661
24665
24671
24680
24688
24690
24697
24709
24716
24759
24760
24764
24776
24776
24801
24823
24836
24837
24843
24849
24880
24891
24898
24909
24912
24917
24920
24934
24936
24970
24974
24979
24980
25045
25059
25063
25067
25078
25100
25110
25111
25116
25125
25129
25135
25160
25176
25176
25184
25205
25206
25216
25219
25249
25271
25288
25288
25290
25294
25301
25301
25324
25339
25352
25373
25375
25376
25400
25413
25423
25433
25441
25473
25478
25490
25497
25504
25517
25529
25548
25549
25565
25566
25600
25617
25619
25639
25691
25699
25699
25714
25718
25725
25727
25730
25747
25755
25774
25777
25780
25817
25825
25828
25839
25842
25888
25899
25905
25910
25931
25938
25949
25971
25974
25974
26006
26014
26031
26037
26038
26065
26067
26075
26091
26113
26124
26162
26163
26164
26167
26170
26171
26174
26188
26209
26211
26220
26228
26252
26254
26269
26276
26286
26286
26317
26330
26330
26332
26337
26345
26350
26360
26366
26374
26379
26395
26401
26404
26408
26418
26420
26431
26436
26439
26443
26455
26470
26470
26476
26477
26481
26489
26493
26495
26514
26519
26519
26520
26547
26553
26557
26559
26568
26572
26575
26588
26616
26620
26621
26645
26652
26674
26676
26677
26687
26689
26691
26695
26699
26708
26721
26722
26732
26742
26743
26757
26773
26773
26778
26782
26791
26795
26805
26816
26843
26857
26859
26887
26918
26918
26922
26934
26947
26957
26960
26963
26972
26981
26981
26984
26987
27002
27019
27019
27021
27023
27038
27052
27062
27062
27064
27071
27078
27081
27082
27089
27099
27115
27126
27133
27141
27146
27154
27162
27200
27209
27240
27242
27246
27249
27255
27264
27269
27313
27315
27317
27321
27323
27327
27362
27363
27364
27389
27391
27395
27404
27409
27418
27433
27440
27441
27446
27462
27485
27493
27517
27556
27582
27588
27597
27604
27614
27620
27629
27629
27631
27640
27640
27643
27645
27651
27656
27659
27703
27703
27717
27729
27750
27758
27769
27773
27789
27791
27794
27803
27814
27818
27865
27866
27903
27904
27910
27910
27910
27917
27933
27958
27967
27979
27984
27996
28003
28009
28022
28046
28051
28053
28059
28082
28101
28105
28125
28133
28164
28196
28197
28235
28258
28260
28268
28274
28285
28289
28330
28343
28353
28364
28368
28376
28411
28458
28470
28481
28519
28539
28539
28553
28555
28560
28569
28571
28593
28596
28605
28613
28623
28630
28643
28648
28657
28660
28666
28672
28675
28684
28700
28710
28712
28742
28746
28746
28748
28756
28759
28764
28766
28771
28777
28800
28802
28818
28839
28847
28863
28866
28877
28898
28902
28904
28963
28964
28975
28979
28989
29008
29012
29022
29029
29030
29035
29043
29052
29055
29071
29078
29081
29098
29107
29112
29114
29130
29131
29133
29181
29183
29205
29211
29224
29237
29250
29264
29293
29298
29299
29312
29322
29329
29355
29360
29375
29386
29386
29392
29393
29401
29407
29429
29437
29443
29448
29452
29460
29463
29463
29479
29479
29496
29512
29512
29523
29542
29544
29557
29574
29581
29584
29604
29605
29612
29633
29639
29645
29647
29656
29666
29672
29683
29690
29694
29695
29704
29713
29719
29720
29742
29752
29754
29762
29771
29773
29774
29776
29786
29787
29790
29799
29801
29825
29837
29840
29841
29868
29869
29878
29879
29898
29901
29903
29916
29924
29938
29946
29951
29952
29954
29982
29987
29993
29993
30010
30017
30024
30028
30029
30036
30058
30072
30101
30112
30120
30121
30129
30140
30144
30160
30172
30199
30204
30212
30221
30227
30239
30241
30254
30268
30276
30277
30288
30321
30323
30327
30348
30350
30350
30364
30382
30386
30397
30412
30414
30427
30430
30451
30457
30458
30463
30468
30477
30498
30498
30502
30512
30515
30518
30537
30564
30569
30572
30582
30604
30623
30643
30685
30696
30714
30724
30734
30734
30752
30755
30765
30770
30782
30790
30791
30798
30800
30822
30825
30842
30842
30855
30862
30865
30869
30872
30886
30887
30891
30892
30900
30923
30932
30933
30940
30942
30969
30978
31030
31034
31055
31066
31066
31082
31085
31095
31107
31125
31180
31182
31214
31214
31235
31262
31284
31292
31292
31299
31316
31320
31346
31348
31349
31351
31355
31356
31359
31362
31365
31383
31385
31390
31409
31418
31425
31429
31434
31436
31448
31449
31449
31452
31462
31490
31490
31496
31497
31502
31507
31513
31517
31528
31533
31539
31570
31574
31606
31610
31617
31618
31629
31640
31655
31668
31688
31701
31714
31716
31730
31743
31758
31762
31782
31792
31822
31822
31854
31873
31877
31891
31894
31897
31903
31938
31963
31964
31971
31976
31980
31983
31996
31996
32013
32019
32021
32039
32040
32044
32064
32067
32083
32087
32092
32097
32137
32144
32147
32152
32154
32162
32195
32221
32256
32263
32266
32270
32271
32277
32287
32302
32316
32322
32323
32326
32326
32328
32331
32333
32352
32362
32385
32388
32409
32416
32423
32427
32430
32440
32441
32443
32458
32463
32468
32497
32505
32532
32538
32561
32566
32571
32587
32633
32640
32646
32653
32657
32675
32692
32697
32708
32709
32718
32722
32724
32728
32732
32733
32746
32747
32757
32758
32762
32782
32783
32801
32807
32812
32813
32814
32837
32862
32868
32889
32912
32914
32916
32920
32931
32931
32939
32944
32954
32955
32960
32961
32965
32981
32986
32994
32998
33000
33019
33020
33085
33091
33106
33110
33111
33117
33120
33128
33129
33140
33145
33148
33156
33168
33171
33182
33209
33238
33246
33246
33261
33275
33286
33309
33316
33329
33331
33342
33376
33387
33402
33418
33422
33431
33435
33441
33446
33447
33485
33510
33517
33543
33556
33558
33567
33571
33573
33574
33575
33582
33587
33597
33611
33628
33675
33680
33696
33701
33709
33737
33765
33771
33781
33785
33794
33796
33800
33811
33832
33871
33871
33887
33897
33918
33931
33937
33940
33972
33977
34000
34004
34007
34026
34048
34100
34108
34114
34118
34119
34137
34140
34146
34152
34152
34159
34163
34164
34165
34166
34168
34182
34194
34202
34232
34234
34258
34268
34269
34278
34295
34300
34301
34303
34318
34321
34333
34357
34365
34370
34374
34388
34411
34424
34432
34480
34481
34491
34536
34538
34539
34543
34559
34559
34564
34579
34586
34637
34649
34650
34651
34666
34718
34729
34732
34733
34757
34767
34776
34791
34818
34822
34827
34829
34830
34831
34843
34847
34857
34865
34880
34899
34904
34905
34921
34933
34940
34943
34987
35014
35033
35038
35051
35053
35053
35069
35104
35107
35116
35127
35128
35134
35140
35150
35157
35164
35173
35183
35195
35204
35205
35213
35230
35241
35267
35267
35268
35289
35297
35302
35302
35319
35339
35369
35386
35387
35407
35428
35428
35437
35460
35474
35477
35481
35482
35485
35521
35535
35553
35555
35558
35560
35572
35586
35587
35594
35615
35616
35621
35625
35626
35630
35631
35640
35643
35667
35683
35686
35694
35694
35705
35720
35723
35738
35751
35753
35776
35781
35781
35788
35797
35800
35812
35815
35824
35857
35899
35899
35901
35906
35909
35910
35926
35936
35952
35956
35962
35984
36008
36013
36043
36054
36057
36062
36074
36075
36077
36079
36108
36112
36113
36115
36119
36123
36127
36128
36138
36141
36145
36150
36169
36178
36181
36200
36203
36213
36214
36253
36284
36284
36315
36324
36327
36336
36336
36351
36359
36363
36385
36389
36400
36405
36413
36421
36451
36454
36477
36492
36497
36500
36504
36505
36506
36523
36526
36534
36551
36565
36566
36569
36572
36586
36590
36594
36597
36603
36606
36608
36619
36665
36678
36693
36703
36714
36714
36733
36745
36752
36769
36770
36783
36800
36814
36821
36833
36839
36860
36875
36882
36882
36884
36885
36905
36908
36910
36942
36947
36951
36951
36969
36986
36987
36994
36999
37035
37035
37039
37044
37055
37071
37071
37073
37074
37092
37106
37125
37157
37160
37162
37184
37192
37205
37219
37221
37223
37225
37226
37229
37233
37236
37238
37241
37258
37284
37293
37298
37300
37311
37315
37337
37338
37339
37345
37361
37376
37380
37389
37412
37434
37436
37441
37505
37520
37530
37531
37540
37548
37559
37567
37578
37580
37587
37647
37664
37678
37687
37709
37721
37725
37733
37741
37760
37774
37775
37780
37790
37796
37800
37812
37812
37848
37867
37872
37883
37888
37896
37897
37897
37936
37939
37947
37948
37979
38028
38049
38054
38059
38059
38072
38079
38087
38110
38112
38132
38138
38152
38177
38197
38201
38201
38214
38228
38233
38257
38261
38307
38310
38322
38323
38329
38331
38342
38362
38369
38370
38388
38391
38392
38395
38428
38453
38454
38459
38492
38509
38509
38520
38524
38529
38530
38534
38542
38550
38559
38572
38587
38589
38590
38595
38605
38610
38616
38628
38644
38673
38679
38684
38684
38708
38734
38735
38735
38739
38745
38757
38760
38763
38766
38767
38804
38811
38813
38814
38814
38821
38824
38825
38830
38836
38842
38855
38861
38870
38874
38881
38882
38890
38924
38926
38939
38942
38950
38954
38959
38963
38969
38982
38990
38990
39013
39030
39073
39090
39091
39109
39114
39140
39141
39168
39171
39174
39174
39175
39202
39205
39211
39221
39223
39228
39230
39231
39252
39265
39273
39283
39300
39318
39324
39335
39355
39365
39373
39378
39414
39416
39421
39442
39450
39452
39452
39459
39477
39479
39486
39489
39492
39494
39494
39498
39508
39512
39520
39520
39528
39535
39539
39549
39550
39553
39572
39577
39579
39605
39605
39625
39627
39637
39642
39644
39671
39675
39708
39711
39724
39736
39740
39766
39775
39781
39781
39790
39796
39799
39803
39813
39814
39819
39827
39839
39846
39861
39867
39869
39875
39882
39884
39897
39913
39916
39924
39932
39935
39939
39943
39955
39973
39976
39989
39991
40003
40004
40012
40018
40028
40054
40059
40080
40123
40128
40132
40139
40140
40183
40183
40201
40202
40208
40236
40237
40238
40240
40241
40242
40247
40269
40273
40282
40286
40290
40291
40297
40301
40308
40321
40327
40334
40345
40345
40346
40357
40361
40363
40368
40370
40370
40396
40402
40404
40405
40423
40436
40439
40457
40465
40467
40473
40511
40514
40517
40522
40547
40548
40553
40560
40565
40573
40576
40576
40579
40597
40610
40627
40634
40645
40657
40691
40700
40712
40716
40716
40720
40724
40724
40728
40731
40743
40745
40760
40788
40806
40819
40827
40839
40852
40861
40866
40883
40891
40892
40893
40900
40902
40912
40920
40926
40937
40961
40976
40993
40998
41009
41023
41055
41068
41076
41077
41080
41083
41107
41110
41118
41140
41162
41163
41164
41179
41187
41193
41205
41209
41213
41221
41221
41225
41239
41252
41253
41260
41263
41277
41285
41286
41289
41291
41299
41310
41314
41317
41320
41340
41348
41366
41397
41410
41411
41422
41425
41425
41440
41447
41457
41464
41470
41471
41471
41485
41494
41519
41522
41523
41541
41554
41563
41593
41593
41594
41624
41647
41654
41675
41689
41691
41693
41710
41735
41735
41772
41774
41775
41776
41777
41788
41793
41794
41799
41811
41812
41839
41846
41865
41875
41881
41892
41910
41925
41938
41945
41949
41953
41969
41971
41976
41983
41986
41994
42002
42015
42061
42074
42081
42082
42088
42092
42096
42101
42113
42127
42136
42143
42155
42157
42166
42169
42173
42180
42202
42203
42206
42215
42238
42272
42278
42287
42289
42307
42317
42352
42355
42373
42378
42381
42413
42414
42428
42430
42436
42439
42447
42454
42461
42465
42467
42481
42482
42491
42503
42524
42527
42536
42537
42540
42572
42595
42603
42619
42635
42666
42668
42689
42706
42720
42739
42746
42755
42765
42806
42808
42812
42820
42845
42850
42858
42866
42875
42878
42913
42938
42945
42948
42956
42957
42963
42976
42996
43001
43016
43018
43036
43042
43043
43091
43096
43098
43106
43119
43119
43122
43123
43126
43130
43130
43160
43175
43204
43218
43222
43236
43246
43268
43276
43280
43293
43301
43319
43323
43333
43339
43341
43342
43363
43395
43399
43403
43403
43418
43441
43454
43457
43473
43489
43494
43497
43498
43511
43526
43527
43567
43569
43577
43580
43588
43596
43599
43619
43631
43631
43631
43640
43653
43656
43670
43678
43700
43701
43728
43739
43744
43754
43770
43774
43781
43821
43825
43833
43837
43852
43855
43862
43863
43875
43882
43889
43912
43914
43929
43941
43953
44008
44035
44059
44077
44085
44086
44101
44104
44141
44142
44153
44156
44159
44162
44162
44165
44166
44180
44194
44201
44208
44216
44216
44224
44231
44237
44240
44257
44269
44286
44289
44292
44292
44296
44297
44300
44306
44307
44313
44320
44322
44329
44333
44340
44340
44353
44353
44353
44356
44357
44358
44364
44368
44369
44401
44409
44409
44411
44438
44448
44448
44477
44480
44484
44507
44514
44517
44519
44536
44542
44547
44554
44575
44583
44590
44598
44612
44620
44620
44645
44671
44695
44719
44722
44723
44739
44758
44760
44765
44777
44789
44793
44796
44802
44804
44808
44817
44819
44823
44829
44842
44881
44889
44909
44911
44913
44914
44920
44925
44968
44971
44991
45007
45010
45017
45035
45035
45044
45051
45055
45057
45060
45068
45141
45147
45151
45152
45167
45206
45218
45242
45254
45256
45257
45266
45269
45288
45290
45300
45304
45312
45332
45333
45336
45340
45356
45362
45372
45398
45400
45428
45432
45446
45447
45467
45482
45483
45488
45504
45504
45506
45520
45542
45555
45561
45570
45582
45585
45586
45586
45593
45610
45612
45615
45617
45619
45621
45626
45628
45642
45654
45658
45660
45661
45678
45678
45689
45704
45704
45704
45708
45725
45726
45730
45736
45758
45779
45783
45786
45795
45823
45824
45826
45857
45858
45867
45877
45881
45905
45949
45949
45952
45954
45960
45987
45989
45990
46005
46011
46060
46065
46074
46080
46081
46103
46104
46128
46140
46150
46151
46159
46161
46161
46196
46201
46209
46231
46249
46250
46254
46261
46270
46281
46283
46297
46298
46311
46316
46331
46332
46332
46379
46390
46413
46414
46417
46417
46428
46435
46445
46488
46512
46516
46522
46550
46551
46553
46562
46565
46569
46578
46579
46581
46584
46595
46617
46629
46640
46641
46642
46643
46654
46660
46663
46668
46671
46674
46699
46703
46736
46738
46742
46749
46781
46783
46797
46826
46844
46850
46871
46881
46897
46906
46913
46918
46932
46934
46944
46954
46999
47006
47012
47017
47018
47026
47030
47045
47060
47065
47065
47067
47071
47090
47090
47094
47101
47107
47120
47131
47137
47147
47159
47160
47180
47181
47187
47199
47211
47214
47215
47225
47229
47229
47230
47233
47249
47257
47259
47261
47288
47290
47294
47295
47324
47330
47337
47341
47345
47347
47349
47353
47353
47387
47405
47426
47445
47450
47461
47465
47466
47468
47478
47488
47506
47506
47511
47516
47516
47517
47517
47521
47526
47527
47531
47536
47552
47554
47559
47560
47574
47579
47580
47580
47592
47614
47620
47622
47625
47634
47648
47653
47690
47692
47696
47698
47699
47704
47712
47728
47735
47738
47746
47778
47823
47844
47850
47855
47859
47865
47874
47877
47882
47890
47918
47920
47932
47951
47957
47968
47982
47993
47996
47999
48010
48020
48038
48048
48064
48065
48082
48084
48088
48094
48108
48128
48128
48131
48135
48135
48146
48154
48156
48166
48178
48207
48208
48225
48254
48269
48271
48285
48285
48287
48291
48294
48299
48304
48309
48334
48383
48385
48389
48399
48411
48417
48426
48451
48463
48463
48465
48478
48509
48524
48542
48546
48553
48554
48568
48568
48585
48600
48603
48603
48617
48618
48638
48650
48651
48661
48667
48679
48707
48718
48726
48753
48755
48755
48786
48787
48801
48814
48820
48852
48853
48863
48864
48879
48885
48887
48894
48897
48909
48914
48916
48919
48936
48950
48954
48960
48992
49008
49009
49016
49025
49028
49041
49043
49046
49050
49065
49065
49085
49089
49111
49111
49116
49151
49158
49160
49175
49185
49185
49198
49239
49243
49293
49298
49300
49316
49326
49334
49353
49367
49368
49373
49386
49405
49416
49421
49437
49439
49446
49449
49455
49473
49479
49482
49502
49510
49514
49521
49540
49561
49565
49583
49585
49595
49596
49603
49610
49617
49630
49653
49657
49691
49697
49724
49735
49748
49750
49752
49753
49762
49768
49787
49787
49796
49808
49822
49824
49826
49834
49848
49852
49859
49864
49865
49880
49882
49900
49902
49911
49939
49958
49965
49974
49991
50011
50012
50016
50062
50067
50073
50090
50104
50110
50110
50110
50114
50143
50144
50146
50164
50169
50170
50176
50179
50184
50219
50227
50236
50268
50284
50306
50311
50314
50329
50336
50348
50361
50368
50392
50405
50428
50446
50454
50456
50467
50472
50475
50482
50495
50512
50515
50523
50527
50537
50540
50560
50565
50573
50643
50672
50684
50694
50702
50707
50734
50734
50740
50755
50761
50762
50803
50816
50823
50828
50836
50869
50870
50874
50899
50902
50905
50909
50913
50920
50925
50942
50943
50954
50977
50978
50980
50981
50990
51000
51016
51018
51041
51055
51058
51074
51088
51089
51100
51103
51123
51127
51132
51155
51162
51185
51186
51215
51215
51223
51233
51244
51253
51255
51259
51261
51278
51291
51291
51299
51305
51305
51309
51313
51314
51334
51338
51356
51364
51378
51388
51406
51410
51411
51412
51416
51418
51431
51455
51462
51467
51477
51483
51506
51523
51526
51528
51531
51536
51536
51545
51555
51573
51587
51598
51608
51612
51614
51622
51623
51624
51627
51671
51687
51692
51696
51697
51725
51750
51757
51760
51777
51802
51811
51826
51828
51839
51847
51848
51864
51879
51883
51904
51918
51927
51927
51957
51959
51960
51969
51974
51975
51981
51990
51993
51993
51994
52008
52013
52018
52023
52026
52045
52066
52066
52075
52076
52086
52095
52098
52101
52105
52116
52131
52156
52158
52161
52181
52185
52195
52222
52225
52229
52254
52286
52287
52292
52309
52314
52320
52347
52348
52350
52372
52380
52405
52416
52421
52433
52433
52447
52453
52477
52525
52529
52551
52553
52555
52573
52580
52584
52602
52609
52612
52624
52645
52647
52652
52655
52657
52669
52677
52688
52700
52714
52769
52770
52783
52786
52791
52803
52837
52840
52847
52860
52863
52882
52890
52891
52895
52909
52915
52925
52928
52934
52935
52937
52942
52947
52957
52957
52958
52971
52976
53007
53022
53024
53031
53039
53050
53059
53065
53071
53077
53082
53082
53091
53107
53111
53121
53136
53144
53157
53160
53183
53194
53205
53210
53220
53221
53224
53241
53242
53265
53270
53275
53286
53287
53289
53293
53301
53312
53332
53344
53346
53346
53366
53408
53412
53419
53420
53430
53434
53463
53465
53476
53486
53510
53526
53538
53539
53560
53570
53591
53596
53607
53615
53620
53626
53638
53641
53654
53662
53671
53673
53686
53697
53710
53723
53729
53750
53756
53797
53809
53815
53816
53820
53820
53824
53854
53863
53869
53876
53891
53912
53921
53931
53933
53935
53936
53945
53949
53952
53953
53953
53965
53966
53972
53972
53984
54006
54010
54015
54024
54029
54038
54062
54067
54068
54082
54097
54100
54108
54124
54126
54168
54183
54185
54193
54193
54209
54252
54260
54269
54271
54271
54273
54291
54293
54302
54306
54321
54368
54370
54387
54432
54438
54453
54454
54458
54475
54480
54489
54492
54500
54501
54502
54525
54538
54546
54549
54556
54559
54568
54568
54569
54570
54584
54593
54610
54612
54650
54653
54657
54664
54668
54670
54677
54680
54685
54693
54697
54700
54700
54731
54755
54760
54767
54770
54798
54803
54806
54834
54843
54844
54904
54928
54932
54969
55001
55006
55024
55041
55052
55078
55085
55088
55104
55124
55138
55147
55164
55213
55242
55250
55253
55253
55267
55291
55302
55309
55309
55335
55338
55356
55368
55368
55389
55393
55408
55413
55444
55449
55454
55460
55463
55467
55475
55512
55518
55532
55534
55543
55545
55556
55558
55561
55564
55579
55607
55624
55651
55678
55682
55687
55696
55735
55753
55753
55757
55771
55787
55801
55803
55803
55805
55815
55816
55830
55851
55867
55872
55875
55883
55887
55892
55902
55915
55935
55952
55992
55993
56000
56001
56019
56034
56045
56049
56052
56054
56075
56094
56097
56103
56107
56113
56133
56165
56179
56180
56206
56218
56245
56249
56250
56262
56268
56298
56303
56304
56310
56320
56322
56322
56327
56347
56378
56405
56451
56455
56471
56471
56473
56486
56507
56512
56526
56562
56577
56578
56582
56594
56595
56596
56606
56610
56614
56626
56627
56639
56641
56645
56658
56672
56675
56677
56680
56691
56709
56711
56712
56718
56724
56726
56749
56750
56754
56760
56778
56786
56799
56807
56807
56808
56817
56831
56843
56864
56864
56886
56889
56901
56903
56904
56909
56911
56925
56928
56930
56940
56943
56943
56945
56978
57007
57040
57042
57046
57048
57050
57069
57071
57075
57108
57111
57121
57125
57132
57133
57163
57166
57188
57208
57209
57215
57221
57227
57244
57247
57251
57257
57263
57273
57302
57308
57318
57331
57337
57339
57346
57359
57370
57387
57395
57424
57439
57444
57460
57468
57478
57479
57484
57504
57505
57517
57523
57525
57525
57536
57563
57572
57578
57580
57581
57583
57623
57636
57646
57651
57655
57660
57674
57711
57722
57726
57732
57740
57760
57760
57770
57775
57777
57808
57812
57832
57844
57847
57851
57884
57890
57892
57893
57918
57925
57926
57929
57936
57943
57944
57944
57951
57969
57977
57988
57990
57994
57996
57998
58001
58003
58006
58017
58022
58036
58042
58046
58091
58092
58101
58117
58117
58121
58122
58134
58143
58158
58183
58188
58188
58218
58225
58236
58251
58261
58272
58298
58310
58330
58330
58332
58332
58362
58365
58387
58410
58415
58416
58417
58433
58445
58454
58466
58472
58474
58528
58528
58530
58536
58566
58579
58584
58591
58599
58622
58632
58640
58643
58650
58672
58683
58727
58737
58743
58782
58793
58794
58797
58805
58809
58825
58845
58851
58883
58884
58886
58893
58937
58944
58955
58957
58965
58965
58997
59013
59021
59026
59031
59032
59032
59033
59035
59040
59048
59049
59066
59068
59071
59077
59083
59087
59087
59091
59094
59100
59100
59150
59172
59173
59174
59176
59180
59180
59204
59204
59205
59248
59262
59275
59275
59278
59280
59285
59323
59324
59327
59345
59349
59358
59368
59368
59369
59370
59372
59373
59373
59378
59403
59404
59408
59414
59418
59423
59427
59430
59439
59442
59447
59447
59449
59452
59453
59458
59467
59482
59521
59550
59568
59581
59587
59590
59605
59607
59611
59612
59628
59633
59639
59641
59652
59653
59660
59663
59679
59684
59689
59730
59740
59748
59749
59752
59764
59777
59779
59796
59817
59821
59822
59828
59832
59846
59847
59881
59883
59884
59895
59899
59903
59942
59946
59952
59957
59984
59998
60012
60023
60027
60039
60068
60084
60097
60097
60104
60108
60140
60159
60186
60187
60188
60231
60236
60243
60260
60278
60283
60283
60283
60288
60299
60299
60300
60318
60325
60332
60351
60382
60383
60386
60412
60412
60415
60415
60451
60453
60465
60468
60477
60482
60485
60500
60501
60512
60514
60524
60527
60551
60553
60567
60573
60580
60583
60584
60607
60616
60616
60631
60657
60711
60751
60771
60772
60783
60786
60797
60797
60806
60807
60810
60813
60824
60829
60839
60845
60860
60869
60872
60876
60881
60901
60908
60912
60927
60932
60933
60934
60950
60968
60987
60990
60998
61008
61021
61033
61073
61075
61084
61102
61103
61114
61122
61160
61177
61178
61184
61184
61185
61189
61196
61205
61212
61212
61219
61249
61255
61261
61262
61265
61288
61290
61308
61336
61341
61342
61342
61345
61352
61378
61392
61397
61409
61418
61424
61429
61450
61451
61455
61477
61500
61504
61527
61545
61580
61599
61600
61607
61613
61618
61619
61630
61633
61646
61647
61648
61653
61654
61658
61664
61664
61678
61683
61699
61705
61705
61708
61709
61713
61723
61730
61736
61748
61763
61768
61777
61790
61796
61797
61817
61823
61831
61834
61839
61844
61848
61848
61857
61859
61883
61901
61906
61907
61911
61918
61921
61923
61926
61941
61956
61964
61968
61978
61984
61994
62008
62020
62022
62023
62023
62023
62042
62049
62058
62058
62058
62065
62085
62090
62091
62101
62103
62103
62121
62125
62127
62128
62158
62159
62160
62166
62181
62193
62195
62212
62216
62228
62235
62239
62246
62248
62265
62269
62301
62301
62322
62326
62331
62333
62345
62347
62365
62367
62392
62404
62414
62443
62454
62454
62455
62477
62483
62483
62489
62497
62522
62563
62597
62606
62621
62623
62629
62634
62648
62649
62651
62657
62670
62675
62687
62702
62713
62713
62727
62730
62739
62740
62746
62759
62767
62796
62802
62829
62840
62849
62851
62853
62854
62857
62862
62922
62952
62971
63008
63017
63033
63037
63066
63086
63091
63092
63124
63149
63155
63169
63171
63182
63185
63187
63196
63199
63209
63235
63243
63249
63254
63257
63277
63279
63280
63294
63295
63299
63305
63327
63334
63335
63336
63392
63406
63411
63429
63434
63438
63461
63468
63482
63533
63537
63557
63580
63585
63589
63594
63611
63628
63630
63633
63637
63651
63665
63675
63687
63697
63702
63713
63716
63725
63727
63727
63740
63744
63747
63750
63756
63758
63760
63761
63761
63777
63779
63780
63818
63820
63820
63856
63869
63874
63882
63883
63884
63896
63911
63914
63939
63956
63980
63986
63989
64011
64012
64020
64063
64077
64080
64088
64098
64101
64106
64137
64145
64148
64162
64191
64192
64205
64210
64223
64230
64241
64273
64280
64310
64310
64313
64318
64328
64346
64352
64372
64372
64395
64405
64408
64419
64419
64433
64448
64459
64462
64465
64468
64513
64517
64523
64581
64588
64624
64628
64636
64637
64653
64659
64671
64688
64712
64717
64732
64736
64737
64742
64763
64767
64788
64797
64808
64820
64849
64867
64869
64871
64883
64886
64887
64895
64895
64895
64898
64904
64943
64964
64981
64983
64998
65012
65017
65032
65034
65046
65057
65065
65068
65078
65079
65099
65106
65120
65124
65154
65159
65161
65166
65167
65169
65175
65192
65207
65222
65225
65240
65246
65258
65269
65278
65280
65303
65329
65332
65337
65338
65347
65352
65355
65368
65368
65374
65398
65400
65423
65426
65428
65441
65444
65456
65472
65476
65478
65482
65484
65488
65525
65563
65571
65572
65581
65590
65611
65621
65651
65656
65658
65670
65677
65688
65704
65718
65728
65732
65759
65760
65770
65778
65779
65799
65820
65863
65888
65890
65929
65930
65937
65980
65986
66003
66012
66030
66041
66041
66047
66059
66067
66073
66080
66083
66096
66102
66105
66106
66120
66124
66128
66136
66139
66150
66175
66183
66192
66202
66217
66219
66225
66229
66244
66251
66261
66283
66299
66306
66317
66323
66329
66346
66354
66359
66365
66367
66369
66379
66389
66390
66402
66445
66448
66448
66453
66457
66469
66475
66493
66527
66531
66536
66559
66563
66569
66596
66602
66603
66607
66609
66613
66647
66652
66654
66667
66672
66694
66705
66744
66744
66753
66761
66764
66766
66767
66769
66772
66788
66804
66809
66827
66853
66855
66865
66895
66899
66901
66904
66910
66917
66955
66985
66994
66997
67014
67024
67028
67031
67034
67039
67049
67050
67051
67051
67056
67057
67061
67064
67083
67084
67094
67098
67171
67179
67181
67185
67197
67202
67207
67210
67212
67212
67227
67243
67262
67272
67283
67292
67299
67307
67325
67345
67356
67356
67358
67364
67367
67373
67373
67389
67414
67436
67441
67448
67451
67452
67465
67471
67477
67486
67494
67505
67515
67531
67539
67558
67579
67595
67604
67614
67656
67668
67668
67671
67674
67674
67677
67678
67700
67717
67722
67728
67744
67746
67769
67787
67795
67805
67814
67825
67830
67860
67864
67877
67887
67910
67912
67931
67932
67945
67952
67957
67961
67978
67984
67986
67995
68002
68022
68039
68053
68072
68080
68080
68106
68156
68162
68166
68178
68184
68195
68212
68212
68217
68241
68270
68276
68278
68280
68286
68331
68332
68339
68345
68345
68347
68351
68356
68374
68379
68380
68382
68382
68387
68396
68401
68411
68430
68431
68434
68444
68446
68473
68499
68509
68511
68512
68524
68532
68534
68537
68537
68539
68550
68577
68581
68592
68602
68603
68612
68614
68634
68648
68654
68658
68675
68684
68690
68706
68722
68724
68732
68760
68765
68766
68773
68777
68780
68793
68802
68813
68822
68825
68828
68834
68835
68849
68852
68855
68861
68866
68870
68878
68880
68882
68889
68899
68921
68923
68947
68960
68967
68978
69011
69012
69016
69020
69058
69070
69094
69132
69133
69136
69165
69166
69184
69194
69198
69200
69219
69222
69232
69266
69268
69296
69312
69333
69335
69343
69355
69359
69361
69373
69381
69384
69385
69385
69389
69389
69392
69404
69411
69421
69432
69438
69442
69451
69454
69472
69480
69514
69520
69533
69543
69579
69585
69629
69656
69658
69659
69659
69677
69682
69687
69688
69699
69709
69730
69730
69746
69756
69781
69827
69833
69836
69845
69860
69862
69862
69864
69889
69899
69913
69918
69922
69931
69961
69962
69968
69983
70006
70041
70081
70093
70095
70102
70108
70123
70129
70141
70167
70167
70175
70177
70177
70189
70200
70216
70216
70217
70217
70221
70236
70241
70259
70282
70293
70299
70318
70319
70322
70339
70346
70362
70385
70386
70419
70419
70428
70437
70440
70443
70464
70481
70489
70491
70510
70546
70554
70554
70568
70574
70588
70591
70622
70627
70635
70642
70644
70646
70666
70683
70692
70702
70711
70721
70729
70739
70747
70757
70760
70773
70780
70831
70839
70842
70850
70859
70862
70868
70871
70901
70925
70934
70937
70946
70950
70963
70976
70977
70988
70988
70994
70999
71001
71016
71020
71022
71034
71047
71056
71072
71087
71093
71115
71116
71150
71168
71170
71171
71179
71183
71187
71196
71205
71206
71242
71263
71269
71280
71298
71301
71328
71334
71335
71353
71372
71373
71379
71391
71413
71467
71489
71492
71494
71514
71546
71552
71566
71578
71578
71589
71612
71621
71628
71634
71645
71653
71667
71670
71682
71699
71703
71708
71711
71716
71731
71742
71742
71757
71773
71785
71790
71791
71808
71815
71821
71824
71826
71840
71852
71856
71857
71860
71876
71879
71882
71901
71910
71913
71930
71948
71948
71949
71953
71954
71985
71999
72001
72019
72020
72029
72043
72051
72070
72079
72087
72087
72087
72093
72093
72096
72098
72099
72102
72136
72141
72141
72159
72160
72176
72185
72188
72189
72193
72196
72197
72228
72252
72275
72281
72286
72293
72309
72311
72321
72321
72329
72339
72352
72355
72361
72401
72429
72432
72439
72446
72460
72466
72475
72478
72493
72518
72520
72525
72531
72544
72547
72549
72566
72576
72578
72579
72587
72598
72600
72604
72606
72608
72611
72612
72637
72649
72659
72661
72684
72692
72698
72710
72712
72728
72754
72754
72758
72805
72808
72811
72816
72821
72849
72850
72854
72877
72895
72916
72932
72938
72947
72949
72950
72957
72958
72964
72968
72973
72999
73002
73011
73016
73018
73030
73033
73040
73061
73066
73078
73080
73094
73096
73110
73113
73115
73120
73122
73138
73144
73146
73156
73189
73208
73216
73251
73263
73266
73304
73306
73311
73320
73328
73328
73344
73350
73358
73364
73373
73382
73389
73394
73400
73409
73411
73418
73429
73443
73490
73526
73534
73534
73537
73541
73549
73551
73556
73573
73578
73586
73625
73645
73645
73646
73657
73665
73676
73697
73711
73720
73726
73735
73744
73752
73757
73782
73784
73788
73790
73793
73795
73796
73808
73820
73827
73841
73853
73854
73856
73866
73894
73897
73909
73921
73925
73926
73946
73964
73977
74044
74056
74059
74066
74068
74096
74098
74117
74123
74123
74144
74145
74165
74167
74173
74173
74174
74185
74203
74221
74253
74265
74277
74292
74300
74303
74321
74323
74339
74350
74365
74366
74390
74390
74393
74397
74403
74412
74429
74438
74441
74450
74468
74470
74474
74486
74490
74491
74496
74511
74528
74535
74565
74572
74591
74602
74604
74606
74608
74619
74633
74641
74645
74653
74654
74654
74660
74677
74682
74687
74698
74711
74712
74727
74728
74728
74729
74737
74740
74742
74745
74752
74764
74769
74790
74813
74817
74825
74832
74833
74840
74858
74872
74904
74905
74905
74909
74917
74917
74924
74925
74925
74925
74928
74932
74942
74970
74970
74972
74975
74983
75010
75014
75034
75039
75048
75054
75055
75058
75061
75063
75066
75066
75068
75079
75080
75103
75109
75128
75132
75132
75158
75174
75176
75183
75188
75198
75199
75206
75216
75222
75224
75230
75243
75245
75251
75277
75292
75312
75313
75325
75332
75372
75373
75381
75381
75389
75393
75407
75408
75412
75417
75423
75436
75439
75452
75457
75460
75480
75484
75494
75504
75506
75508
75510
75510
75530
75534
75536
75545
75549
75552
75565
75567
75571
75576
75578
75581
75581
75583
75620
75623
75637
75639
75656
75660
75664
75667
75680
75702
75724
75744
75746
75758
75762
75765
75766
75777
75789
75792
75801
75829
75831
75862
75895
75902
75909
75914
75923
75928
75933
75936
75958
75964
75982
75985
75992
75993
76018
76034
76036
76051
76056
76064
76072
76074
76081
76081
76088
76103
76104
76111
76112
76127
76131
76165
76178
76195
76199
76246
76258
76286
76290
76300
76303
76312
76320
76320
76326
76359
76360
76391
76405
76421
76431
76442
76453
76464
76485
76485
76489
76495
76499
76518
76521
76523
76527
76533
76536
76539
76544
76547
76568
76568
76573
76583
76586
76591
76620
76639
76641
76655
76660
76690
76693
76716
76723
76723
76746
76746
76754
76764
76767
76781
76810
76811
76813
76827
76838
76839
76844
76872
76873
76896
76902
76913
76915
76925
76927
76932
76936
76973
76987
76995
77014
77027
77068
77072
77075
77083
77116
77119
77125
77125
77128
77139
77140
77142
77159
77167
77176
77184
77197
77215
77228
77252
77295
77311
77318
77329
77329
77338
77341
77346
77402
77411
77439
77454
77462
77470
77486
77505
77520
77532
77533
77544
77546
77571
77573
77601
77606
77635
77655
77693
77694
77699
77705
77709
77729
77735
77758
77780
77786
77803
77808
77808
77831
77832
77839
77846
77882
77885
77887
77891
77893
77905
77920
77927
77928
77932
77974
77989
77997
78011
78013
78018
78021
78028
78035
78041
78047
78062
78069
78076
78088
78096
78096
78096
78099
78119
78140
78140
78145
78146
78153
78160
78161
78162
78166
78179
78179
78180
78186
78208
78209
78213
78218
78233
78260
78269
78278
78279
78293
78295
78296
78297
78299
78307
78311
78332
78334
78367
78373
78391
78392
78415
78421
78428
78429
78430
78433
78435
78455
78457
78458
78464
78465
78465
78469
78471
78490
78495
78517
78536
78554
78561
78565
78592
78604
78633
78638
78639
78713
78714
78728
78732
78753
78764
78778
78783
78803
78818
78834
78844
78869
78872
78892
78899
78904
78907
78923
78943
78951
78951
78955
78968
78979
78986
78987
78992
79003
79068
79068
79069
79074
79077
79082
79084
79094
79098
79104
79107
79122
79124
79144
79161
79170
79170
79180
79185
79185
79190
79198
79206
79224
79230
79245
79271
79280
79281
79293
79307
79324
79335
79343
79350
79352
79363
79366
79368
79368
79383
79399
79409
79413
79415
79416
79418
79433
79439
79448
79455
79456
79464
79493
79496
79496
79519
79531
79541
79545
79560
79582
79586
79591
79591
79592
79600
79619
79668
79675
79684
79693
79698
79700
79738
79775
79783
79797
79803
79807
79809
79813
79829
79841
79844
79846
79853
79855
79874
79883
79930
79931
79945
79945
79963
79975
79985
80000
80007
80020
80025
80051
80055
80072
80076
80085
80086
80099
80106
80130
80137
80165
80172
80176
80176
80177
80180
80235
80241
80241
80251
80268
80268
80275
80277
80279
80297
80303
80305
80320
80328
80341
80365
80382
80398
80409
80414
80425
80428
80429
80440
80447
80448
80454
80461
80480
80487
80501
80503
80519
80534
80535
80550
80562
80573
80592
80600
80602
80610
80611
80613
80624
80637
80645
80647
80656
80662
80666
80668
80681
80692
80711
80723
80729
80732
80738
80754
80756
80756
80777
80777
80778
80797
80807
80815
80819
80824
80826
80843
80856
80874
80879
80886
80889
80891
80896
80906
80919
80928
80949
80965
80969
80976
81007
81014
81016
81026
81029
81033
81043
81053
81054
81061
81068
81079
81085
81091
81102
81117
81119
81133
81134
81140
81157
81181
81207
81213
81217
81228
81242
81255
81267
81267
81272
81305
81306
81309
81321
81330
81336
81352
81362
81366
81373
81374
81382
81383
81404
81450
81451
81458
81468
81472
81477
81477
81503
81569
81581
81583
81587
81592
81602
81607
81616
81616
81624
81628
81631
81632
81633
81640
81662
81662
81668
81675
81683
81691
81695
81708
81715
81731
81746
81756
81769
81769
81785
81794
81803
81808
81824
81832
81833
81846
81863
81867
81867
81895
81896
81897
81933
81934
81942
81965
81978
81991
81993
81998
82002
82005
82006
82006
82044
82064
82069
82100
82108
82126
82131
82148
82149
82160
82164
82171
82192
82221
82223
82226
82242
82253
82256
82257
82266
82266
82271
82283
82284
82292
82303
82305
82324
82331
82332
82349
82380
82384
82390
82402
82403
82404
82410
82419
82440
82458
82462
82464
82484
82531
82533
82538
82566
82572
82574
82594
82600
82607
82620
82645
82645
82645
82659
82672
82673
82683
82705
82712
82725
82729
82739
82742
82783
82785
82804
82816
82825
82834
82836
82858
82872
82880
82880
82882
82887
82890
82906
82912
82929
82930
82934
82936
82937
82949
82953
82957
82969
82971
82974
82997
83014
83019
83032
83033
83034
83036
83043
83048
83111
83114
83120
83121
83126
83134
83168
83169
83169
83184
83204
83209
83211
83225
83243
83250
83293
83294
83297
83319
83333
83333
83336
83357
83360
83364
83381
83387
83391
83400
83402
83409
83414
83431
83440
83442
83464
83484
83489
83504
83508
83554
83563
83579
83586
83592
83613
83620
83626
83634
83639
83644
83669
83695
83718
83721
83732
83739
83746
83755
83762
83765
83790
83802
83807
83809
83815
83816
83820
83828
83842
83846
83870
83876
83922
83925
83938
83940
83958
83994
83998
84004
84018
84029
84052
84054
84080
84080
84097
84102
84122
84151
84154
84169
84171
84188
84196
84201
84213
84216
84300
84310
84335
84337
84339
84357
84357
84363
84373
84373
84376
84393
84406
84409
84411
84430
84443
84464
84482
84492
84501
84524
84529
84539
84540
84549
84599
84605
84622
84626
84632
84639
84646
84659
84683
84706
84708
84712
84724
84739
84742
84747
84757
84778
84791
84854
84860
84864
84873
84881
84886
84893
84896
84903
84906
84932
84936
84936
84941
84945
84976
84979
84981
84989
84989
84994
84998
84998
85023
85045
85049
85059
85060
85069
85077
85107
85140
85140
85140
85167
85171
85178
85219
85220
85258
85260
85274
85284
85286
85300
85305
85306
85311
85338
85338
85343
85349
85350
85352
85357
85365
85374
85386
85391
85396
85398
85400
85402
85421
85425
85431
85440
85443
85449
85459
85462
85463
85468
85479
85479
85485
85489
85508
85511
85515
85523
85538
85547
85549
85572
85580
85611
85615
85632
85632
85643
85662
85663
85669
85675
85676
85705
85706
85709
85720
85720
85725
85728
85729
85739
85768
85771
85780
85784
85802
85805
85834
85835
85853
85864
85873
85892
85898
85902
85906
85933
85959
85962
85975
85990
85995
86002
86009
86011
86013
86016
86017
86019
86020
86042
86043
86059
86078
86084
86091
86113
86121
86128
86130
86131
86133
86141
86144
86167
86182
86192
86202
86211
86213
86216
86217
86238
86244
86245
86324
86369
86370
86380
86406
86409
86410
86421
86422
86426
86446
86447
86457
86457
86464
86480
86487
86530
86537
86548
86548
86565
86592
86596
86603
86652
86664
86668
86678
86683
86692
86697
86698
86732
86742
86760
86778
86791
86797
86799
86803
86803
86806
86806
86825
86842
86851
86869
86886
86894
86895
86898
86906
86911
86919
86921
86933
86934
86939
86947
86963
86970
87009
87021
87022
87039
87069
87087
87096
87097
87101
87106
87148
87150
87153
87163
87180
87180
87198
87198
87204
87216
87227
87233
87233
87236
87239
87239
87242
87243
87245
87262
87267
87285
87286
87295
87314
87319
87322
87331
87340
87342
87344
87349
87351
87371
87375
87377
87380
87385
87387
87409
87419
87423
87425
87443
87451
87463
87496
87504
87507
87510
87512
87514
87553
87558
87562
87565
87565
87600
87602
87620
87621
87627
87632
87640
87643
87647
87655
87658
87668
87678
87688
87696
87738
87744
87749
87779
87787
87801
87806
87814
87815
87818
87826
87845
87856
87873
87880
87884
87909
87917
87952
87957
87973
88001
88004
88011
88011
88013
88052
88055
88063
88069
88077
88089
88108
88125
88134
88145
88158
88165
88169
88169
88173
88182
88191
88197
88205
88210
88220
88237
88238
88243
88271
88272
88281
88283
88311
88314
88315
88317
88322
88325
88326
88327
88361
88369
88374
88377
88390
88398
88400
88425
88437
88443
88454
88462
88464
88475
88488
88494
88503
88503
88516
88518
88531
88552
88553
88592
88609
88638
88656
88658
88660
88666
88674
88689
88692
88693
88708
88713
88714
88720
88728
88734
88773
88782
88786
88818
88820
88822
88838
88862
88867
88867
88868
88903
88914
88930
88941
88944
88945
88947
88953
88957
88959
88988
88991
88995
89013
89039
89042
89045
89048
89050
89053
89060
89062
89070
89070
89082
89082
89083
89103
89107
89131
89158
89159
89164
89171
89174
89181
89185
89188
89207
89208
89228
89250
89264
89296
89302
89303
89304
89305
89318
89340
89340
89376
89379
89391
89406
89414
89421
89433
89451
89451
89472
89485
89487
89493
89507
89518
89525
89526
89539
89547
89551
89553
89569
89570
89586
89628
89634
89634
89648
89654
89670
89679
89679
89690
89696
89704
89708
89709
89710
89710
89716
89721
89729
89753
89763
89765
89782
89795
89817
89825
89833
89855
89877
89878
89883
89885
89885
89888
89904
89946
89947
89954
89958
89972
89972
89978
89980
89988
90036
90050
90075
90092
90099
90113
90116
90117
90139
90141
90158
90173
90192
90200
90214
90216
90242
90268
90272
90273
90283
90284
90284
90303
90316
90321
90327
90334
90336
90339
90341
90352
90365
90366
90368
90372
90376
90385
90387
90393
90394
90404
90425
90426
90439
90444
90459
90466
90472
90483
90494
90495
90535
90541
90547
90551
90553
90562
90568
90583
90593
90604
90622
90632
90632
90634
90643
90650
90654
90655
90663
90700
90701
90708
90727
90733
90739
90752
90758
90767
90768
90772
90773
90801
90813
90829
90836
90838
90839
90849
90850
90852
90852
90854
90896
90898
90914
90921
90926
90935
90942
90951
90952
90954
90981
90996
91011
91019
91037
91040
91041
91054
91056
91057
91061
91065
91066
91068
91070
91078
91089
91107
91113
91117
91120
91131
91133
91144
91157
91170
91173
91175
91183
91184
91189
91196
91215
91218
91219
91225
91262
91289
91291
91293
91296
91314
91315
91327
91330
91343
91351
91355
91359
91367
91369
91371
91372
91377
91383
91392
91394
91407
91414
91416
91418
91434
91457
91497
91513
91532
91532
91535
91543
91547
91550
91573
91603
91618
91618
91621
91626
91630
91640
91643
91670
91677
91682
91691
91693
91705
91740
91741
91748
91772
91776
91779
91785
91797
91799
91807
91811
91813
91847
91850
91853
91862
91887
91899
91949
91952
91957
91967
92006
92009
92013
92014
92041
92042
92060
92066
92067
92081
92097
92104
92105
92127
92135
92153
92165
92177
92180
92205
92218
92222
92239
92242
92244
92249
92250
92253
92260
92277
92280
92286
92298
92299
92328
92344
92355
92375
92381
92406
92410
92430
92442
92459
92476
92488
92490
92496
92499
92503
92509
92516
92525
92533
92543
92573
92587
92594
92614
92620
92637
92637
92645
92646
92653
92658
92660
92665
92669
92678
92687
92697
92714
92719
92736
92745
92755
92763
92766
92770
92775
92794
92804
92805
92807
92810
92831
92849
92850
92857
92858
92894
92895
92895
92897
92907
92911
92916
92926
92941
92967
92985
93004
93028
93045
93065
93069
93077
93100
93113
93117
93144
93221
93229
93245
93264
93282
93283
93300
93369
93386
93389
93389
93393
93418
93426
93444
93447
93453
93469
93490
93492
93502
93504
93504
93524
93530
93536
93548
93600
93603
93613
93613
93618
93644
93653
93662
93673
93674
93694
93703
93711
93711
93728
93732
93746
93748
93760
93775
93777
93777
93778
93789
93796
93809
93813
93815
93817
93822
93828
93832
93835
93850
93855
93856
93861
93863
93872
93876
93883
93897
93916
93917
93920
93933
93949
93955
93960
93986
93989
93994
93996
94013
94022
94053
94053
94057
94059
94096
94098
94111
94115
94133
94136
94138
94149
94154
94155
94167
94171
94220
94225
94241
94243
94252
94264
94266
94276
94287
94305
94314
94317
94324
94341
94345
94349
94369
94372
94394
94454
94468
94496
94503
94506
94542
94578
94579
94586
94587
94590
94618
94626
94633
94635
94637
94643
94651
94654
94661
94662
94663
94672
94741
94742
94751
94753
94753
94755
94761
94771
94784
94786
94787
94789
94790
94792
94799
94801
94802
94828
94828
94829
94849
94873
94876
94887
94925
94932
94935
94935
94968
94998
94998
95009
95022
95022
95038
95043
95087
95090
95112
95137
95148
95149
95185
95187
95190
95190
95195
95198
95204
95205
95207
95209
95212
95216
95224
95230
95235
95235
95242
95249
95261
95263
95268
95276
95282
95307
95322
95328
95335
95358
95371
95377
95379
95397
95399
95427
95429
95454
95456
95462
95462
95470
95484
95485
95492
95495
95519
95528
95537
95547
95569
95576
95593
95593
95607
95638
95638
95642
95648
95652
95652
95690
95695
95704
95707
95708
95711
95727
95739
95760
95764
95782
95787
95788
95808
95817
95822
95824
95832
95857
95865
95866
95892
95903
95916
95929
95965
95969
95979
95990
96008
96014
96016
96028
96032
96047
96049
96058
96059
96065
96080
96081
96086
96093
96093
96097
96108
96110
96114
96132
96155
96158
96161
96181
96195
96210
96215
96228
96230
96233
96243
96243
96244
96244
96250
96254
96270
96276
96282
96285
96299
96312
96327
96337
96340
96343
96352
96390
96394
96398
96398
96400
96417
96417
96422
96438
96452
96462
96478
96481
96483
96488
96490
96490
96495
96530
96533
96533
96545
96545
96553
96564
96573
96580
96581
96584
96588
96605
96618
96628
96653
96665
96666
96673
96680
96681
96691
96705
96715
96716
96739
96755
96758
96758
96768
96800
96818
96867
96880
96904
96911
96930
96937
96937
96954
96961
96979
96980
96988
96996
97004
97010
97013
97020
97024
97037
97042
97043
97065
97066
97073
97074
97081
97091
97092
97092
97105
97123
97123
97124
97125
97132
97134
97137
97156
97159
97165
97168
97170
97171
97173
97177
97206
97206
97234
97234
97235
97238
97244
97263
97267
97282
97283
97284
97285
97291
97315
97320
97340
97341
97354
97362
97364
97369
97372
97377
97399
97416
97420
97423
97434
97437
97446
97471
97477
97483
97488
97490
97501
97506
97510
97518
97542
97550
97608
97624
97629
97656
97661
97674
97675
97687
97694
97696
97697
97698
97700
97701
97704
97712
97713
97719
97721
97726
97743
97747
97756
97765
97766
97773
97776
97787
97795
97833
97844
97854
97878
97880
97903
97905
97907
97915
97926
97930
97946
97960
97973
97984
97991
97997
98026
98038
98046
98049
98080
98086
98094
98105
98119
98134
98144
98144
98156
98158
98161
98166
98169
98178
98182
98187
98195
98206
98235
98252
98263
98274
98278
98287
98290
98291
98307
98319
98332
98335
98348
98357
98359
98362
98381
98389
98394
98395
98395
98397
98410
98434
98437
98437
98442
98445
98456
98466
98473
98493
98510
98511
98511
98516
98517
98528
98530
98540
98559
98561
98563
98569
98588
98596
98596
98599
98603
98629
98634
98643
98654
98658
98670
98672
98679
98680
98704
98721
98723
98744
98746
98748
98749
98755
98759
98765
98766
98770
98789
98792
98795
98797
98818
98832
98836
98847
98849
98860
98860
98876
98881
98885
98886
98895
98897
98900
98905
98913
98932
98935
98954
98956
98961
98969
98970
98970
98974
98982
98992
98995
98997
99005
99032
99041
99050
99051
99081
99089
99091
99101
99106
99106
99107
99115
99120
99122
99140
99178
99192
99192
99210
99214
99223
99224
99227
99229
99230
99234
99247
99261
99268
99270
99281
99283
99300
99302
99329
99347
99351
99354
99360
99369
99372
99373
99379
99389
99402
99435
99455
99465
99482
99482
99485
99509
99511
99552
99558
99561
99574
99576
99622
99625
99625
99665
99668
99670
99676
99676
99684
99698
99707
99717
99724
99733
99750
99779
99791
99813
99814
99819
99819
99820
99821
99837
99838
99847
99865
99878
99880
99881
99882
99892
99899
99903
99906
99913
99926
99929
99932
99952
99952
99963
99971
99975
99987
99994
