11
34
43
51
51
103
104
122
124
126
137
144
148
162
167
181
188
203
217
254
257
258
259
267
267
291
326
335
338
342
361
374
384
385
389
392
404
423
424
445
464
467
471
498
508
523
526
527
529
537
538
563
585
600
610
639
640
656
677
701
703
707
716
722
746
752
762
768
771
780
795
818
828
829
847
849
857
858
863
876
880
896
921
936
936
943
966
966
984
990
996
1012
1029
1033
1035
1069
1086
1094
1096
1097
1102
1102
1113
1114
1117
1127
1131
1144
1154
1157
1179
1184
1198
1201
1204
1210
1228
1234
1250
1258
1277
1290
1317
1328
1331
1337
1350
1360
1370
1384
1398
1401
1419
1426
1432
1433
1477
1482
1487
1488
1491
1493
1500
1500
1502
1506
1523
1527
1537
1543
1549
1556
1563
1606
1612
1615
1632
1669
1671
1686
1701
1707
1715
1738
1763
1765
1770
1773
1785
1809
1810
1811
1817
1821
1830
1854
1860
1909
1912
1937
1951
1957
1968
1972
1974
1977
1993
1994
1994
2006
2034
2040
2052
2058
2075
2078
2082
2104
2107
2147
2151
2173
2196
2203
2207
2216
2218
2224
2225
2229
2232
2233
2247
2261
2280
2285
2294
2304
2316
2322
2333
2341
2345
2347
2403
2418
2473
2480
2496
2512
2512
2516
2533
2536
2542
2562
2563
2565
2568
2571
2575
2583
2585
2613
2623
2624
2627
2636
2639
2656
2658
2660
2664
2692
2702
2731
2742
2742
2743
2743
2752
2767
2793
2800
2817
2821
2822
2828
2866
2867
2926
2928
2930
2934
2940
2949
2961
2965
2968
2972
2981
2986
2992
2994
2995
2998
2998
3017
3022
3023
3038
3052
3057
3060
3063
3069
3070
3085
3099
3122
3130
3130
3155
3159
3159
3164
3173
3199
3202
3214
3214
3247
3287
3331
3340
3354
3358
3358
3358
3359
3362
3388
3409
3411
3415
3420
3426
3454
3464
3464
3474
3486
3504
3506
3520
3532
3533
3534
3536
3537
3560
3565
3566
3568
3574
3586
3596
3611
3619
3630
3633
3660
3664
3673
3731
3738
3742
3750
3775
3775
3776
3787
3811
3812
3813
3817
3821
3826
3835
3840
3848
3852
3853
3857
3860
3863
3866
3870
3876
3883
3898
3905
3933
3958
3967
3972
3997
4001
4006
4007
4011
4015
4016
4023
4042
4046
4055
4063
4065
4078
4088
4093
4096
4106
4112
4115
4124
4124
4127
4128
4163
4230
4238
4248
4253
4264
4268
4271
4273
4280
4302
4302
4303
4323
4324
4327
4336
4341
4342
4344
4344
4347
4353
4358
4366
4369
4371
4383
4395
4402
4406
4406
4407
4427
4432
4457
4465
4499
4504
4509
4520
4535
4542
4547
4555
4567
4571
4583
4604
4612
4619
4665
4668
4672
4691
4695
4705
4720
4733
4762
4784
4789
4793
4814
4816
4825
4840
4855
4858
4872
4879
4879
4880
4887
4889
4893
4917
4917
4921
4922
4952
4954
4963
4983
4985
5004
5009
5041
5052
5076
5077
5088
5094
5099
5120
5121
5124
5166
5169
5171
5194
5208
5224
5242
5247
5248
5258
5268
5275
5321
5335
5342
5345
5357
5380
5393
5400
5410
5416
5421
5441
5441
5445
5461
5471
5477
5489
5501
5504
5505
5516
5518
5522
5531
5532
5562
5566
5598
5609
5630
5631
5640
5647
5652
5658
5664
5671
5676
5684
5692
5695
5704
5713
5714
5717
5747
5749
5764
5764
5771
5793
5795
5816
5817
5817
5836
5836
5849
5865
5867
5870
5881
5889
5892
5894
5895
5899
5913
5918
5927
5928
5930
5954
5987
6001
6010
6013
6023
6034
6045
6047
6048
6054
6062
6068
6070
6072
6093
6111
6113
6117
6127
6127
6128
6145
6149
6158
6165
6169
6172
6181
6187
6219
6233
6239
6240
6248
6257
6275
6276
6287
6292
6294
6301
6303
6303
6309
6364
6388
6392
6394
6417
6419
6424
6428
6444
6476
6484
6485
6488
6492
6492
6493
6508
6516
6519
6528
6535
6537
6538
6540
6544
6548
6550
6561
6561
6566
6574
6575
6592
6595
6598
6601
6604
6604
6618
6624
6633
6641
6643
6665
6669
6679
6703
6707
6719
6734
6743
6759
6772
6777
6780
6781
6792
6796
6805
6808
6825
6827
6860
6872
6872
6874
6886
6906
6910
6931
6946
6949
6983
6994
7006
7007
7010
7019
7025
7040
7066
7069
7103
7110
7116
7119
7119
7129
7154
7171
7185
7192
7197
7212
7217
7218
7225
7226
7227
7252
7257
7259
7264
7280
7296
7336
7339
7377
7383
7392
7420
7423
7443
7455
7467
7467
7471
7476
7485
7486
7489
7503
7506
7518
7559
7585
7601
7605
7616
7616
7618
7633
7643
7647
7654
7663
7703
7704
7714
7716
7725
7770
7776
7780
7790
7816
7822
7827
7843
7862
7919
7928
7939
7947
7956
7977
7978
7981
7982
8008
8022
8023
8036
8077
8080
8097
8108
8112
8113
8120
8151
8153
8166
8171
8177
8181
8191
8195
8213
8224
8232
8237
8239
8241
8281
8282
8282
8287
8289
8291
8317
8326
8333
8345
8361
8362
8378
8388
8393
8410
8425
8427
8439
8439
8468
8499
8510
8515
8527
8527
8537
8545
8546
8546
8556
8556
8581
8589
8591
8626
8655
8675
8676
8677
8678
8682
8693
8707
8707
8721
8734
8735
8738
8747
8749
8756
8758
8842
8852
8863
8873
8884
8887
8890
8892
8916
8923
8926
8932
8934
8959
8965
8971
8975
8995
8996
8998
9003
9007
9009
9040
9045
9056
9083
9101
9125
9131
9134
9134
9137
9139
9169
9169
9188
9197
9198
9203
9257
9272
9308
9328
9341
9361
9364
9371
9371
9374
9394
9403
9409
9410
9420
9430
9437
9460
9464
9469
9469
9494
9503
9503
9509
9512
9512
9515
9517
9551
9568
9589
9590
9598
9615
9615
9627
9641
9645
9658
9660
9676
9696
9734
9744
9747
9767
9785
9786
9795
9811
9814
9828
9840
9874
9874
9891
9912
9929
9934
9945
9947
9959
9962
9971
9999
10006
10011
10035
10043
10053
10058
10063
10066
10107
10109
10140
10144
10182
10193
10199
10201
10205
10222
10247
10250
10255
10272
10276
10276
10297
10305
10360
10363
10378
10385
10388
10398
10404
10405
10405
10421
10429
10434
10468
10482
10489
10500
10510
10523
10523
10596
10599
10614
10631
10637
10640
10641
10685
10687
10689
10699
10712
10720
10721
10722
10727
10737
10751
10762
10772
10836
10839
10842
10843
10844
10874
10879
10890
10903
10908
10910
10911
10916
10924
10935
10939
10954
10955
10963
10965
10975
10979
10979
10984
11001
11007
11007
11014
11021
11021
11026
11029
11035
11046
11051
11059
11059
11066
11069
11076
11121
11121
11127
11128
11149
11172
11182
11187
11193
11194
11201
11205
11210
11210
11214
11237
11242
11266
11269
11271
11288
11291
11293
11296
11308
11308
11315
11318
11327
11332
11333
11339
11359
11380
11387
11393
11414
11414
11440
11444
11445
11449
11470
11475
11484
11494
11503
11532
11555
11562
11574
11609
11615
11616
11624
11624
11632
11644
11646
11648
11674
11688
11689
11694
11705
11705
11708
11708
11716
11721
11727
11730
11760
11769
11776
11786
11790
11790
11794
11836
11839
11842
11852
11855
11856
11860
11875
11893
11896
11899
11913
11919
11922
11934
11936
11944
11953
11981
11989
12000
12008
12024
12039
12042
12069
12076
12083
12086
12088
12102
12128
12138
12158
12162
12191
12194
12199
12211
12216
12228
12234
12238
12263
12270
12276
12291
12292
12312
12313
12319
12331
12362
12370
12385
12386
12391
12401
12403
12405
12406
12425
12426
12441
12443
12474
12496
12508
12519
12523
12541
12542
12543
12548
12568
12583
12586
12589
12615
12617
12617
12630
12632
12632
12634
12635
12639
12648
12679
12697
12704
12746
12750
12754
12759
12768
12782
12784
12789
12796
12802
12815
12817
12819
12824
12825
12831
12843
12859
12868
12878
12887
12888
12901
12913
12926
12937
12943
12946
12957
12981
13000
13032
13055
13064
13068
13069
13085
13101
13113
13129
13137
13138
13138
13140
13148
13159
13203
13220
13227
13229
13233
13242
13249
13258
13279
13292
13303
13306
13311
13315
13319
13320
13351
13361
13376
13378
13383
13386
13390
13401
13406
13408
13408
13416
13420
13433
13444
13457
13477
13480
13501
13502
13508
13521
13522
13526
13537
13538
13550
13552
13561
13572
13580
13582
13582
13583
13614
13624
13642
13643
13644
13651
13664
13668
13668
13674
13694
13703
13704
13728
13741
13743
13744
13766
13766
13778
13785
13790
13796
13797
13800
13810
13811
13823
13833
13840
13846
13853
13856
13860
13864
13866
13873
13873
13879
13892
13892
13894
13897
13925
13951
13963
13966
14003
14007
14010
14036
14040
14062
14083
14108
14112
14128
14150
14150
14161
14162
14186
14197
14198
14199
14207
14208
14215
14216
14246
14258
14261
14276
14284
14286
14298
14301
14301
14303
14304
14306
14328
14328
14342
14349
14352
14353
14361
14365
14375
14384
14390
14393
14410
14416
14426
14436
14458
14461
14483
14483
14486
14496
14502
14507
14517
14569
14570
14601
14621
14623
14642
14644
14667
14683
14685
14686
14707
14760
14771
14772
14790
14833
14845
14859
14881
14882
14883
14891
14904
14906
14919
14925
14930
14940
14941
14942
14945
14959
14969
14975
14978
14980
14999
15011
15011
15017
15019
15025
15027
15029
15031
15040
15061
15073
15086
15088
15097
15113
15116
15117
15125
15126
15133
15139
15150
15166
15171
15181
15194
15194
15219
15241
15242
15253
15253
15258
15260
15263
15265
15282
15296
15325
15339
15341
15342
15347
15367
15373
15400
15407
15407
15421
15437
15448
15453
15455
15462
15467
15470
15482
15486
15491
15501
15538
15556
15560
15590
15595
15606
15612
15616
15627
15642
15645
15653
15658
15662
15668
15674
15690
15692
15697
15703
15705
15707
15716
15722
15723
15756
15758
15760
15764
15767
15782
15796
15804
15815
15817
15832
15837
15845
15845
15851
15854
15867
15869
15877
15880
15889
15902
15914
15918
15924
15942
15947
15950
15958
15972
15980
15990
16014
16016
16028
16030
16035
16053
16067
16072
16080
16081
16093
16098
16111
16132
16139
16140
16145
16157
16178
16180
16181
16183
16191
16199
16202
16210
16221
16222
16265
16267
16288
16296
16310
16319
16331
16341
16347
16353
16363
16363
16376
16384
16388
16403
16412
16424
16428
16428
16430
16445
16445
16449
16454
16468
16479
16488
16489
16499
16506
16532
16533
16553
16567
16572
16578
16604
16605
16610
16632
16633
16634
16647
16651
16661
16679
16703
16704
16705
16734
16736
16742
16759
16772
16775
16777
16779
16799
16824
16826
16880
16889
16903
16904
16915
16934
16935
16942
16944
16945
16975
16976
16976
16989
16992
16995
16997
17001
17044
17058
17065
17066
17078
17088
17089
17093
17093
17127
17132
17150
17160
17160
17161
17171
17178
17199
17238
17242
17252
17254
17262
17263
17284
17288
17290
17295
17319
17327
17333
17335
17339
17341
17343
17359
17363
17369
17392
17398
17462
17463
17471
17513
17520
17531
17536
17544
17545
17561
17562
17568
17588
17605
17606
17610
17612
17622
17628
17636
17639
17653
17654
17662
17668
17671
17671
17704
17748
17753
17765
17786
17795
17814
17818
17831
17835
17848
17855
17859
17867
17877
17887
17893
17900
17914
17915
17915
17921
17931
17942
17948
17949
17963
17976
17987
17997
18026
18035
18051
18053
18071
18078
18083
18093
18112
18118
18142
18145
18154
18167
18191
18193
18201
18205
18205
18214
18215
18216
18238
18255
18255
18259
18262
18269
18272
18285
18286
18310
18315
18318
18319
18340
18347
18352
18365
18371
18371
18374
18393
18394
18413
18422
18437
18461
18487
18498
18517
18521
18538
18570
18580
18599
18613
18621
18641
18693
18696
18716
18720
18731
18736
18752
18762
18783
18788
18791
18791
18802
18809
18818
18827
18830
18833
18833
18847
18888
18889
18908
18984
18988
18997
19018
19024
19026
19050
19050
19056
19061
19064
19068
19071
19072
19076
19082
19091
19094
19100
19110
19116
19130
19145
19192
19200
19227
19234
19243
19243
19250
19254
19256
19272
19277
19309
19335
19340
19400
19410
19427
19433
19434
19446
19453
19454
19456
19459
19469
19483
19485
19495
19501
19531
19547
19548
19554
19562
19596
19605
19610
19610
19651
19663
19667
19692
19693
19696
19708
19714
19719
19729
19730
19734
19756
19770
19771
19781
19782
19794
19796
19799
19804
19812
19813
19816
19820
19823
19825
19846
19860
19861
19870
19875
19876
19879
19892
19893
19902
19916
19930
19937
19947
19968
19990
20004
20028
20032
20039
20039
20053
20081
20100
20142
20144
20146
20149
20152
20156
20162
20162
20170
20171
20179
20180
20188
20198
20215
20219
20232
20237
20240
20251
20258
20271
20276
20279
20328
20337
20343
20347
20348
20351
20358
20362
20369
20379
20385
20391
20403
20409
20409
20414
20418
20419
20428
20435
20464
20466
20469
20521
20541
20571
20571
20589
20603
20620
20627
20632
20652
20665
20722
20726
20736
20771
20780
20790
20798
20805
20807
20816
20818
20828
20839
20840
20842
20850
20859
20865
20866
20869
20886
20890
20897
20908
20927
20935
20937
20937
20952
20962
20964
20974
20983
21002
21006
21012
21014
21024
21025
21027
21029
21037
21046
21084
21117
21166
21174
21183
21206
21210
21218
21220
21232
21255
21271
21279
21288
21304
21320
21331
21336
21341
21347
21347
21354
21360
21368
21372
21376
21379
21380
21393
21402
21405
21405
21412
21424
21424
21432
21434
21445
21453
21465
21510
21513
21518
21519
21526
21528
21538
21545
21551
21551
21564
21569
21574
21577
21587
21587
21613
21628
21629
21642
21650
21651
21652
21656
21668
21669
21673
21683
21688
21694
21712
21731
21741
21755
21763
21765
21766
21782
21794
21811
21820
21822
21835
21844
21851
21857
21860
21864
21867
21875
21886
21888
21910
21910
21918
21935
21956
21960
21967
21970
21971
21981
22009
22016
22020
22023
22033
22043
22044
22046
22051
22085
22108
22123
22131
22132
22143
22146
22153
22161
22163
22186
22189
22198
22204
22213
22219
22242
22244
22253
22257
22264
22276
22279
22280
22284
22299
22300
22301
22348
22356
22359
22363
22369
22373
22418
22421
22435
22437
22439
22443
22444
22453
22459
22476
22481
22496
22504
22517
22526
22539
22542
22547
22561
22588
22638
22640
22650
22707
22715
22721
22723
22724
22736
22771
22773
22774
22780
22790
22804
22822
22824
22825
22843
22854
22855
22863
22864
22875
22892
22904
22908
22916
22926
22928
22949
22955
22990
22997
23006
23006
23010
23013
23032
23034
23034
23037
23061
23064
23076
23079
23100
23110
23133
23138
23161
23179
23196
23203
23205
23211
23220
23232
23245
23288
23290
23292
23296
23313
23323
23326
23333
23336
23365
23368
23373
23388
23407
23444
23446
23446
23448
23453
23453
23468
23473
23484
23499
23524
23526
23528
23528
23543
23545
23545
23550
23556
23559
23577
23578
23579
23580
23583
23585
23587
23599
23604
23619
23628
23694
23697
23721
23725
23747
23750
23770
23798
23803
23808
23811
23817
23819
23833
23840
23841
23846
23859
23864
23882
23890
23905
23907
23913
23917
23947
23965
23978
23986
23989
24000
24009
24027
24030
24030
24051
24052
24053
24098
24116
24129
24141
24159
24161
24164
24191
24195
24196
24204
24211
24215
24216
24227
24231
24231
24252
24278
24292
24296
24297
24309
24312
24315
24327
24338
24339
24343
24345
24347
24372
24375
24389
24394
24397
24407
24412
24417
24435
24435
24460
24482
24483
24510
24512
24519
24527
24536
24536
24586
24587
24591
24603
24605
24606
24608
24639
24639
24640
24641
24643
24662
24667
24668
24682
24684
24687
24689
24691
24696
24709
24720
24734
24735
24745
24756
24763
24771
24777
24778
24794
24795
24808
24822
24853
24874
24895
24901
24939
24952
24954
24954
24959
24984
24989
25009
25011
25012
25016
25030
25049
25058
25080
25084
25092
25115
25121
25126
25134
25141
25141
25160
25162
25182
25191
25196
25204
25212
25219
25219
25233
25244
25256
25260
25274
25307
25331
25340
25342
25351
25353
25357
25357
25363
25374
25386
25391
25399
25404
25407
25410
25425
25481
25481
25489
25501
25504
25525
25531
25561
25562
25572
25585
25588
25596
25609
25611
25618
25633
25640
25642
25645
25650
25655
25669
25676
25686
25686
25687
25696
25702
25714
25714
25733
25734
25736
25739
25747
25772
25780
25795
25799
25831
25848
25849
25855
25857
25876
25879
25884
25885
25892
25898
25900
25929
25932
25934
25936
25939
25947
25960
25966
25977
26002
26011
26016
26016
26020
26032
26034
26035
26038
26044
26063
26072
26090
26115
26122
26139
26159
26169
26172
26188
26193
26199
26219
26229
26232
26238
26241
26249
26255
26260
26271
26285
26288
26302
26326
26328
26329
26330
26348
26351
26357
26376
26390
26407
26421
26425
26476
26481
26490
26494
26516
26554
26557
26571
26579
26588
26592
26601
26602
26606
26611
26617
26634
26643
26663
26671
26683
26684
26685
26687
26698
26701
26715
26745
26746
26766
26772
26778
26813
26815
26817
26862
26865
26868
26878
26894
26903
26918
26927
26934
26954
26958
26973
26978
26979
26999
27000
27009
27017
27022
27030
27055
27061
27078
27083
27086
27089
27090
27113
27115
27121
27121
27161
27173
27182
27196
27205
27213
27220
27225
27254
27273
27276
27281
27282
27291
27303
27308
27313
27319
27324
27324
27331
27337
27340
27356
27362
27385
27394
27396
27447
27463
27477
27485
27492
27494
27495
27500
27502
27513
27514
27520
27520
27524
27524
27548
27554
27565
27566
27567
27587
27590
27593
27593
27595
27604
27616
27624
27634
27639
27652
27658
27661
27662
27663
27676
27680
27690
27692
27705
27711
27711
27725
27731
27734
27742
27744
27747
27749
27760
27762
27766
27770
27779
27782
27794
27806
27834
27854
27856
27922
27965
27982
27999
28001
28001
28013
28049
28054
28061
28072
28082
28098
28108
28109
28114
28121
28131
28158
28165
28181
28185
28209
28211
28214
28231
28238
28244
28250
28253
28268
28279
28279
28282
28290
28301
28305
28307
28308
28316
28318
28323
28325
28326
28329
28347
28352
28360
28369
28378
28384
28387
28393
28394
28398
28400
28414
28425
28443
28453
28462
28466
28481
28483
28483
28491
28496
28509
28511
28535
28544
28547
28565
28598
28610
28610
28623
28625
28630
28632
28634
28638
28638
28645
28655
28659
28679
28695
28696
28699
28713
28717
28730
28733
28743
28743
28749
28749
28755
28764
28779
28800
28803
28807
28818
28828
28831
28833
28843
28843
28845
28848
28878
28888
28896
28906
28951
28957
28964
28977
28984
28984
28989
28992
28995
29000
29020
29041
29050
29050
29063
29078
29088
29098
29102
29113
29127
29129
29137
29142
29144
29176
29183
29190
29193
29194
29203
29212
29240
29255
29263
29265
29271
29293
29296
29307
29325
29328
29333
29334
29345
29369
29385
29399
29413
29423
29427
29469
29493
29496
29498
29501
29520
29520
29527
29544
29552
29554
29555
29558
29567
29581
29597
29605
29612
29615
29636
29649
29660
29661
29696
29702
29706
29724
29742
29755
29757
29760
29760
29763
29764
29771
29783
29784
29786
29796
29827
29830
29831
29842
29846
29850
29852
29857
29877
29880
29882
29892
29906
29906
29915
29925
29934
29942
29942
29972
29972
29978
29981
29992
30000
30021
30034
30055
30060
30066
30093
30123
30128
30138
30157
30172
30175
30176
30185
30204
30222
30226
30234
30243
30248
30252
30262
30270
30275
30278
30280
30286
30301
30304
30307
30309
30312
30331
30344
30349
30360
30360
30383
30406
30416
30424
30425
30431
30459
30461
30477
30491
30497
30507
30514
30524
30533
30547
30549
30556
30570
30571
30572
30612
30642
30656
30661
30686
30696
30702
30718
30730
30736
30757
30760
30762
30766
30771
30787
30798
30819
30834
30840
30840
30843
30875
30879
30882
30884
30889
30889
30897
30901
30908
30935
30949
30950
30954
30971
30979
30984
30998
31000
31011
31018
31034
31055
31080
31105
31106
31108
31110
31111
31111
31115
31118
31129
31145
31155
31188
31189
31204
31227
31233
31251
31253
31257
31284
31291
31295
31297
31303
31343
31352
31354
31358
31365
31368
31370
31398
31410
31428
31441
31444
31463
31472
31479
31488
31516
31523
31523
31546
31555
31555
31560
31560
31566
31566
31573
31594
31597
31605
31615
31616
31634
31693
31694
31696
31703
31724
31750
31753
31754
31754
31766
31767
31771
31772
31774
31778
31788
31791
31794
31798
31799
31806
31810
31813
31875
31878
31884
31887
31900
31905
31913
31921
31922
31958
31965
31974
31983
32002
32031
32061
32068
32071
32101
32101
32111
32112
32137
32143
32149
32163
32171
32175
32176
32182
32189
32191
32193
32198
32199
32200
32211
32215
32218
32225
32243
32252
32256
32284
32285
32293
32297
32300
32330
32359
32362
32362
32367
32394
32407
32411
32457
32471
32475
32489
32497
32511
32512
32520
32539
32543
32544
32565
32571
32605
32608
32629
32630
32639
32641
32644
32673
32674
32683
32693
32715
32716
32733
32744
32756
32766
32770
32771
32789
32799
32806
32845
32861
32869
32889
32892
32897
32916
32917
32944
32947
32957
32964
32973
32983
32988
32999
33000
33021
33030
33040
33046
33050
33053
33062
33065
33074
33084
33084
33089
33106
33109
33111
33137
33151
33153
33158
33163
33164
33198
33220
33235
33239
33239
33287
33300
33323
33323
33326
33334
33345
33358
33366
33376
33380
33382
33391
33392
33403
33421
33427
33439
33451
33452
33455
33460
33463
33469
33476
33480
33482
33500
33507
33512
33517
33518
33525
33527
33535
33537
33548
33552
33562
33567
33581
33590
33595
33601
33608
33611
33630
33634
33650
33666
33694
33708
33715
33731
33737
33740
33765
33825
33838
33839
33841
33852
33854
33865
33865
33869
33876
33900
33927
33929
33939
33975
33978
33978
33980
34003
34004
34008
34039
34040
34071
34077
34121
34140
34149
34200
34220
34221
34235
34238
34246
34246
34266
34292
34292
34298
34300
34301
34319
34327
34328
34341
34343
34343
34343
34347
34348
34352
34364
34370
34373
34397
34419
34420
34420
34443
34450
34463
34467
34475
34478
34517
34519
34521
34524
34527
34528
34545
34552
34557
34560
34566
34566
34568
34576
34597
34601
34606
34621
34628
34631
34635
34648
34654
34655
34692
34698
34722
34722
34726
34739
34739
34745
34754
34768
34775
34790
34794
34797
34805
34810
34812
34824
34833
34838
34848
34858
34890
34892
34896
34917
34935
34943
34943
34947
34956
34957
34966
34975
34996
35021
35030
35046
35046
35048
35115
35119
35127
35133
35138
35143
35151
35172
35179
35182
35197
35238
35249
35259
35263
35271
35272
35275
35284
35286
35286
35293
35309
35314
35319
35326
35326
35330
35331
35334
35335
35336
35342
35342
35370
35379
35388
35395
35423
35435
35458
35463
35483
35491
35497
35506
35512
35518
35518
35542
35550
35556
35556
35565
35576
35585
35608
35611
35612
35617
35625
35631
35633
35644
35655
35660
35667
35671
35675
35692
35697
35702
35705
35707
35753
35768
35773
35778
35798
35812
35832
35836
35841
35853
35855
35863
35879
35879
35885
35903
35904
35911
35931
35940
35947
35960
35965
35972
35985
35988
35989
36009
36022
36028
36038
36046
36050
36050
36089
36106
36106
36107
36109
36112
36112
36112
36128
36135
36174
36174
36175
36193
36196
36200
36221
36248
36261
36273
36277
36281
36281
36322
36329
36330
36332
36336
36339
36342
36356
36395
36397
36398
36405
36436
36440
36443
36460
36476
36478
36480
36489
36509
36521
36531
36537
36548
36587
36593
36601
36604
36605
36608
36618
36650
36667
36675
36676
36680
36682
36691
36700
36702
36706
36707
36744
36763
36764
36777
36783
36785
36786
36801
36805
36819
36821
36831
36834
36841
36853
36870
36894
36895
36902
36916
36917
36919
36937
36948
36956
36979
36987
37007
37013
37018
37027
37030
37034
37038
37042
37045
37047
37064
37093
37102
37102
37102
37107
37108
37112
37127
37144
37147
37147
37149
37160
37168
37170
37175
37178
37182
37195
37200
37205
37206
37206
37240
37277
37356
37364
37365
37385
37394
37395
37399
37407
37410
37416
37419
37447
37454
37468
37482
37506
37514
37543
37552
37557
37581
37602
37618
37630
37649
37661
37666
37686
37724
37726
37730
37734
37755
37764
37766
37792
37793
37798
37818
37839
37854
37872
37884
37892
37897
37898
37920
37924
37992
37994
38004
38015
38044
38075
38082
38103
38112
38113
38126
38134
38209
38218
38241
38274
38282
38285
38287
38303
38318
38324
38330
38345
38375
38377
38386
38400
38409
38416
38421
38436
38443
38443
38443
38445
38476
38476
38514
38529
38537
38541
38549
38571
38575
38583
38585
38590
38601
38653
38686
38693
38696
38697
38711
38718
38723
38738
38743
38748
38764
38766
38785
38808
38823
38827
38829
38831
38840
38848
38854
38864
38879
38879
38907
38911
38943
38960
38972
38992
39005
39009
39011
39041
39051
39055
39058
39063
39077
39090
39094
39103
39138
39140
39142
39147
39154
39155
39157
39159
39166
39170
39170
39189
39200
39202
39204
39210
39214
39227
39232
39232
39259
39272
39282
39285
39292
39303
39308
39338
39355
39361
39366
39373
39377
39379
39381
39386
39397
39417
39424
39435
39438
39450
39484
39486
39490
39497
39533
39542
39548
39593
39596
39600
39606
39627
39635
39635
39636
39649
39662
39692
39692
39702
39707
39721
39725
39748
39755
39758
39759
39764
39772
39774
39782
39787
39789
39801
39809
39814
39842
39844
39847
39876
39892
39895
39916
39931
39961
39985
39995
39996
40019
40065
40073
40122
40130
40200
40206
40210
40222
40227
40234
40235
40271
40282
40297
40306
40307
40312
40322
40323
40355
40366
40380
40382
40382
40391
40399
40400
40415
40435
40450
40482
40484
40492
40502
40505
40518
40528
40531
40534
40534
40539
40541
40548
40563
40564
40567
40571
40578
40601
40605
40609
40618
40618
40627
40645
40648
40655
40662
40682
40696
40726
40736
40739
40748
40765
40768
40776
40783
40791
40800
40801
40815
40818
40820
40824
40824
40832
40841
40842
40842
40843
40843
40847
40862
40875
40877
40899
40922
40937
40961
40964
40971
40971
40972
40972
40975
41002
41016
41020
41021
41028
41032
41062
41063
41065
41070
41078
41104
41107
41113
41119
41164
41207
41212
41231
41240
41251
41254
41268
41271
41284
41295
41327
41330
41334
41339
41343
41357
41366
41367
41390
41393
41393
41406
41407
41434
41439
41442
41448
41457
41468
41479
41489
41506
41508
41512
41517
41518
41527
41531
41543
41547
41548
41552
41554
41573
41575
41581
41598
41601
41607
41608
41622
41625
41625
41628
41647
41660
41676
41705
41723
41737
41739
41741
41753
41754
41767
41770
41777
41777
41783
41797
41824
41825
41836
41852
41870
41874
41883
41891
41933
41933
41936
41947
41977
41989
42001
42005
42019
42020
42032
42033
42069
42083
42097
42111
42118
42119
42122
42126
42128
42137
42142
42155
42179
42226
42237
42241
42254
42272
42278
42298
42306
42319
42341
42350
42358
42361
42362
42370
42371
42376
42386
42395
42402
42424
42428
42458
42465
42467
42471
42477
42479
42482
42489
42507
42517
42524
42526
42529
42534
42547
42562
42566
42575
42579
42581
42581
42597
42605
42606
42616
42636
42641
42676
42704
42704
42708
42716
42721
42728
42745
42751
42752
42757
42759
42779
42785
42785
42789
42794
42810
42813
42816
42841
42844
42868
42878
42883
42893
42896
42914
42916
42922
42940
42968
42981
42987
43001
43029
43032
43032
43034
43054
43081
43083
43085
43124
43130
43140
43161
43174
43174
43216
43218
43222
43227
43237
43254
43260
43283
43284
43285
43310
43315
43316
43333
43334
43370
43377
43378
43388
43393
43397
43409
43414
43427
43436
43437
43453
43468
43474
43513
43513
43520
43530
43532
43542
43566
43596
43611
43627
43629
43638
43666
43667
43674
43676
43716
43738
43768
43774
43775
43798
43801
43810
43813
43816
43827
43835
43852
43868
43886
43889
43903
43920
43927
43928
43929
43930
43942
43949
43954
43966
43967
43985
43994
43996
43998
44007
44024
44037
44074
44085
44130
44147
44147
44169
44222
44226
44227
44229
44262
44272
44322
44323
44333
44334
44354
44357
44362
44378
44389
44392
44462
44463
44466
44481
44488
44495
44510
44523
44523
44533
44542
44547
44569
44589
44617
44618
44628
44649
44655
44655
44677
44678
44679
44690
44707
44708
44708
44736
44746
44747
44749
44762
44792
44792
44792
44806
44811
44820
44841
44849
44851
44859
44862
44868
44872
44874
44883
44891
44891
44893
44925
44926
44926
44930
44939
44948
44950
44955
44959
44971
44982
44987
44999
45008
45032
45042
45042
45049
45068
45110
45112
45121
45125
45126
45128
45131
45132
45164
45177
45180
45180
45186
45228
45230
45234
45242
45251
45253
45256
45258
45259
45260
45263
45268
45269
45279
45283
45301
45311
45341
45350
45363
45364
45370
45380
45401
45408
45410
45414
45414
45438
45489
45496
45532
45538
45540
45574
45579
45601
45607
45622
45627
45637
45673
45680
45682
45687
45696
45711
45713
45728
45740
45752
45767
45768
45771
45781
45786
45800
45801
45803
45805
45816
45832
45833
45834
45834
45844
45845
45846
45859
45866
45874
45885
45888
45894
45899
45910
45920
45928
45938
45951
45953
45963
45967
45977
45984
45995
46023
46026
46031
46035
46037
46038
46041
46052
46055
46055
46065
46070
46075
46100
46103
46119
46139
46160
46163
46171
46171
46180
46184
46185
46201
46202
46206
46220
46262
46267
46278
46294
46295
46299
46303
46306
46307
46315
46316
46318
46354
46369
46372
46387
46393
46395
46407
46432
46442
46444
46451
46460
46502
46508
46514
46516
46540
46552
46573
46578
46578
46593
46606
46632
46655
46656
46664
46672
46673
46675
46677
46685
46688
46699
46714
46716
46720
46722
46729
46731
46734
46736
46746
46780
46786
46788
46791
46796
46798
46806
46811
46816
46818
46838
46839
46841
46844
46851
46861
46866
46875
46894
46903
46904
46940
46951
46958
46984
46990
47008
47053
47070
47074
47093
47115
47119
47123
47124
47137
47163
47166
47176
47183
47204
47205
47229
47235
47239
47242
47251
47277
47282
47297
47300
47311
47312
47319
47364
47374
47378
47390
47393
47396
47396
47400
47412
47414
47414
47435
47441
47462
47469
47481
47506
47509
47512
47524
47527
47533
47534
47542
47544
47545
47575
47575
47613
47628
47635
47648
47671
47684
47722
47723
47731
47746
47756
47762
47783
47795
47803
47816
47825
47826
47835
47838
47841
47843
47855
47876
47876
47877
47882
47886
47891
47891
47905
47906
47918
47920
47921
47926
47926
47926
47927
47927
47932
47942
47945
47960
47975
48021
48044
48054
48087
48089
48097
48105
48110
48120
48126
48130
48131
48152
48169
48171
48173
48185
48202
48221
48227
48232
48235
48260
48261
48272
48281
48288
48291
48294
48334
48336
48353
48355
48361
48388
48395
48399
48399
48409
48411
48415
48418
48420
48440
48459
48463
48470
48533
48537
48548
48559
48578
48583
48590
48612
48652
48654
48659
48659
48665
48668
48692
48695
48708
48728
48732
48735
48745
48754
48755
48759
48761
48762
48769
48775
48780
48782
48800
48826
48829
48862
48876
48910
48919
48923
48926
48930
48934
48944
48958
48990
49015
49033
49034
49054
49054
49059
49061
49064
49069
49075
49085
49087
49093
49102
49112
49118
49124
49125
49163
49164
49167
49169
49172
49182
49224
49225
49225
49233
49240
49246
49249
49267
49290
49300
49315
49322
49337
49341
49352
49364
49369
49375
49379
49397
49408
49419
49425
49435
49439
49446
49463
49464
49466
49479
49501
49540
49540
49543
49552
49569
49576
49586
49610
49625
49634
49637
49644
49649
49649
49670
49698
49702
49719
49730
49742
49765
49782
49805
49827
49829
49830
49838
49853
49854
49872
49873
49877
49880
49881
49881
49883
49892
49902
49957
49959
49959
49970
49974
49981
49989
49997
49999
50009
50019
50023
50024
50033
50039
50045
50045
50051
50068
50090
50096
50097
50099
50108
50133
50157
50173
50174
50185
50188
50212
50216
50227
50242
50248
50256
50281
50306
50316
50319
50319
50323
50333
50365
50369
50371
50372
50374
50398
50412
50425
50426
50432
50439
50447
50447
50454
50457
50458
50467
50473
50476
50485
50486
50489
50494
50503
50521
50542
50555
50595
50603
50615
50635
50649
50653
50665
50668
50676
50692
50694
50717
50721
50733
50735
50754
50765
50776
50780
50795
50797
50803
50812
50818
50818
50830
50840
50850
50853
50862
50909
50923
50933
50935
50945
50997
51007
51034
51038
51040
51045
51079
51081
51084
51089
51109
51123
51126
51139
51141
51157
51165
51202
51212
51213
51229
51229
51237
51238
51254
51272
51281
51292
51301
51302
51303
51316
51329
51338
51341
51344
51365
51367
51386
51391
51393
51407
51413
51418
51427
51432
51460
51463
51466
51477
51477
51480
51498
51500
51512
51520
51539
51539
51551
51591
51592
51614
51617
51618
51630
51631
51632
51645
51655
51669
51672
51676
51698
51701
51704
51717
51725
51736
51743
51756
51762
51772
51774
51786
51796
51808
51860
51864
51878
51924
51927
51943
51953
51956
51967
51984
51992
51999
52000
52006
52040
52049
52057
52061
52067
52072
52104
52110
52127
52133
52136
52151
52165
52175
52189
52195
52215
52227
52228
52239
52255
52263
52272
52272
52294
52299
52303
52317
52344
52370
52374
52400
52443
52446
52452
52457
52469
52473
52487
52490
52509
52516
52573
52583
52592
52610
52648
52665
52677
52679
52701
52712
52716
52721
52725
52729
52744
52746
52750
52753
52780
52806
52811
52829
52829
52854
52864
52867
52892
52899
52914
52914
52922
52927
52946
52962
52972
52977
53007
53009
53014
53015
53016
53024
53027
53052
53052
53066
53073
53075
53077
53078
53079
53085
53098
53102
53107
53120
53122
53123
53140
53145
53155
53156
53167
53168
53179
53180
53211
53218
53224
53228
53239
53264
53270
53272
53277
53282
53287
53296
53300
53317
53319
53319
53323
53324
53327
53359
53360
53368
53369
53370
53379
53389
53393
53416
53423
53423
53427
53450
53452
53458
53461
53477
53478
53485
53492
53493
53494
53501
53524
53527
53530
53560
53582
53601
53630
53631
53636
53648
53656
53656
53664
53689
53693
53715
53721
53742
53760
53765
53769
53771
53771
53776
53805
53807
53807
53825
53828
53837
53838
53849
53853
53858
53862
53866
53886
53902
53905
53908
53910
53911
53921
53935
53941
53942
53946
53981
53983
53992
54006
54012
54013
54014
54046
54073
54073
54074
54083
54100
54110
54111
54139
54152
54174
54190
54203
54219
54230
54234
54234
54252
54252
54258
54260
54265
54269
54285
54295
54314
54337
54346
54349
54353
54359
54359
54378
54381
54397
54401
54402
54404
54409
54411
54415
54416
54418
54426
54442
54449
54451
54459
54471
54476
54480
54487
54491
54492
54500
54515
54528
54537
54540
54541
54553
54565
54580
54585
54600
54619
54624
54625
54626
54637
54678
54684
54693
54710
54726
54727
54736
54741
54742
54745
54749
54753
54759
54787
54797
54798
54811
54812
54820
54854
54858
54860
54861
54895
54913
54914
54915
54920
54943
54969
54974
54988
55015
55027
55038
55057
55093
55094
55101
55103
55115
55116
55117
55127
55130
55140
55141
55144
55151
55162
55163
55177
55186
55202
55204
55209
55209
55212
55219
55219
55219
55228
55260
55280
55296
55300
55303
55306
55319
55320
55329
55330
55351
55365
55374
55391
55409
55410
55426
55430
55445
55454
55480
55484
55494
55498
55499
55512
55513
55545
55549
55549
55550
55555
55561
55566
55574
55586
55600
55613
55618
55638
55653
55662
55664
55671
55693
55719
55724
55741
55768
55779
55793
55813
55823
55827
55838
55843
55844
55846
55852
55870
55870
55878
55893
55908
55916
55921
55922
55928
55929
55931
55934
55939
55940
55942
55954
55989
55990
56012
56030
56043
56056
56059
56061
56065
56067
56069
56080
56084
56089
56106
56121
56122
56132
56133
56167
56173
56175
56192
56199
56221
56228
56235
56243
56262
56279
56294
56316
56317
56320
56330
56341
56342
56348
56349
56356
56365
56392
56400
56402
56417
56426
56437
56437
56438
56448
56464
56469
56500
56504
56509
56509
56515
56527
56570
56576
56587
56592
56596
56620
56621
56638
56640
56644
56659
56667
56668
56679
56706
56717
56741
56741
56748
56752
56758
56761
56768
56797
56801
56821
56839
56840
56856
56876
56882
56920
56936
56957
56958
56999
57002
57003
57014
57019
57027
57039
57058
57081
57085
57093
57105
57116
57119
57132
57132
57136
57138
57149
57159
57161
57161
57169
57170
57182
57206
57213
57221
57226
57247
57253
57258
57282
57284
57289
57291
57299
57310
57333
57334
57351
57371
57377
57380
57382
57439
57460
57496
57498
57498
57498
57501
57502
57524
57527
57533
57533
57538
57545
57550
57556
57559
57577
57594
57645
57647
57658
57674
57674
57686
57701
57704
57713
57716
57717
57724
57732
57737
57740
57752
57760
57771
57772
57780
57782
57792
57797
57799
57806
57809
57813
57835
57841
57844
57855
57860
57864
57885
57922
57943
57946
57947
57952
57963
57985
58011
58019
58025
58042
58096
58103
58122
58131
58133
58136
58144
58155
58162
58164
58164
58173
58178
58186
58218
58221
58235
58239
58259
58260
58271
58272
58284
58303
58309
58318
58321
58333
58337
58345
58350
58356
58367
58396
58461
58465
58474
58475
58479
58486
58494
58499
58500
58537
58539
58549
58556
58565
58589
58591
58602
58619
58622
58627
58642
58684
58692
58695
58706
58709
58713
58715
58732
58746
58751
58759
58763
58778
58779
58822
58833
58842
58873
58882
58896
58897
58899
58911
58928
58930
58931
58934
58939
58952
58952
58962
58983
58992
59000
59003
59021
59032
59034
59043
59088
59089
59091
59102
59113
59115
59122
59128
59138
59145
59158
59160
59161
59175
59176
59186
59196
59202
59205
59215
59268
59271
59274
59277
59322
59333
59336
59360
59381
59382
59386
59399
59411
59412
59419
59425
59429
59441
59519
59529
59543
59546
59549
59549
59549
59557
59560
59569
59573
59574
59577
59578
59579
59597
59601
59634
59642
59647
59668
59677
59684
59693
59702
59720
59741
59744
59756
59767
59775
59789
59816
59835
59839
59853
59854
59859
59867
59870
59870
59876
59885
59895
59902
59906
59920
59927
59928
59933
59936
59937
59952
59957
59959
59981
59984
59988
59989
60005
60037
60042
60045
60045
60046
60051
60056
60078
60111
60112
60113
60116
60136
60149
60159
60186
60187
60188
60190
60193
60206
60229
60236
60242
60247
60253
60258
60286
60296
60333
60356
60376
60380
60396
60397
60401
60428
60432
60468
60473
60480
60492
60496
60521
60536
60540
60541
60542
60550
60552
60561
60564
60565
60573
60577
60580
60581
60584
60586
60591
60597
60602
60602
60609
60609
60613
60619
60621
60621
60629
60650
60683
60688
60690
60694
60696
60707
60717
60722
60730
60732
60745
60765
60794
60801
60802
60804
60805
60818
60838
60838
60859
60861
60873
60875
60901
60903
60906
60913
60914
60915
60915
60921
60921
60929
60929
60963
60967
60969
60969
60984
61026
61032
61059
61065
61084
61087
61093
61105
61111
61122
61133
61141
61157
61160
61165
61168
61185
61185
61197
61200
61203
61208
61238
61266
61276
61296
61305
61310
61311
61322
61332
61336
61350
61385
61390
61397
61402
61402
61413
61415
61443
61455
61457
61459
61472
61484
61517
61542
61547
61577
61595
61596
61601
61609
61610
61611
61623
61627
61630
61635
61642
61656
61665
61699
61708
61722
61736
61752
61753
61765
61786
61789
61791
61794
61808
61810
61819
61833
61844
61846
61857
61857
61866
61869
61878
61879
61880
61880
61884
61888
61899
61907
61908
61919
61934
61945
61956
61968
62003
62004
62005
62007
62009
62022
62025
62026
62031
62035
62043
62044
62073
62084
62085
62089
62106
62118
62121
62121
62126
62131
62132
62134
62137
62156
62169
62178
62183
62194
62197
62224
62225
62239
62244
62248
62257
62258
62263
62277
62279
62283
62306
62317
62321
62327
62328
62330
62331
62335
62347
62348
62360
62360
62385
62436
62438
62461
62486
62500
62504
62510
62529
62533
62535
62560
62562
62577
62580
62589
62600
62601
62665
62674
62687
62694
62696
62705
62709
62735
62751
62754
62757
62789
62793
62794
62813
62816
62832
62845
62846
62861
62877
62885
62888
62918
62919
62921
62930
62932
62943
62957
62959
62966
62972
62993
63000
63008
63028
63033
63045
63056
63057
63093
63097
63128
63150
63155
63168
63168
63199
63201
63201
63229
63235
63237
63306
63311
63314
63320
63323
63346
63357
63359
63369
63370
63377
63384
63401
63409
63411
63417
63433
63452
63460
63465
63472
63473
63475
63482
63492
63497
63499
63499
63511
63513
63518
63519
63555
63560
63561
63564
63568
63579
63586
63590
63600
63600
63605
63623
63632
63632
63633
63645
63648
63663
63666
63666
63671
63691
63695
63722
63723
63743
63773
63775
63776
63780
63805
63812
63817
63817
63820
63834
63858
63859
63888
63911
63911
63915
63922
63944
63976
63992
64002
64028
64030
64039
64041
64047
64047
64048
64129
64133
64152
64154
64163
64166
64221
64224
64228
64228
64236
64245
64257
64257
64274
64280
64295
64320
64323
64338
64339
64341
64341
64348
64372
64391
64393
64395
64401
64408
64418
64438
64458
64459
64484
64499
64520
64526
64532
64550
64557
64560
64562
64579
64603
64625
64630
64631
64631
64632
64636
64639
64640
64660
64670
64687
64689
64717
64725
64725
64730
64742
64756
64768
64769
64807
64825
64838
64850
64859
64876
64879
64887
64890
64913
64921
64947
64973
64984
64991
65009
65012
65027
65029
65047
65055
65072
65075
65076
65084
65085
65086
65092
65096
65097
65099
65112
65114
65115
65128
65132
65135
65137
65138
65140
65145
65153
65164
65171
65178
65181
65181
65184
65186
65220
65228
65229
65236
65245
65252
65258
65281
65322
65327
65338
65339
65352
65375
65380
65385
65395
65400
65403
65411
65412
65440
65446
65455
65487
65490
65494
65505
65525
65532
65535
65542
65555
65568
65581
65586
65610
65613
65648
65661
65662
65666
65676
65677
65689
65727
65751
65757
65759
65786
65824
65842
65860
65873
65899
65911
65920
65921
65949
65956
65969
65969
65975
65986
65992
65999
66092
66101
66105
66109
66111
66123
66127
66148
66155
66156
66160
66170
66187
66187
66190
66194
66205
66210
66216
66217
66220
66234
66247
66248
66252
66270
66296
66335
66343
66359
66363
66380
66406
66409
66413
66417
66435
66443
66446
66451
66472
66475
66499
66503
66515
66520
66528
66534
66569
66577
66593
66654
66663
66669
66709
66715
66715
66729
66746
66753
66759
66762
66788
66793
66793
66807
66820
66826
66837
66848
66852
66853
66854
66858
66896
66901
66904
66911
66917
66945
66951
66955
66958
66966
66987
66990
66994
66996
67022
67025
67030
67037
67043
67048
67051
67060
67074
67077
67084
67101
67125
67135
67145
67158
67210
67218
67236
67247
67249
67253
67258
67272
67279
67284
67285
67286
67294
67296
67315
67320
67321
67322
67335
67354
67368
67383
67393
67406
67413
67413
67414
67432
67439
67445
67459
67467
67476
67518
67530
67530
67548
67549
67559
67576
67649
67651
67661
67666
67672
67684
67690
67714
67714
67718
67744
67746
67750
67765
67767
67767
67775
67804
67811
67815
67817
67837
67838
67845
67852
67857
67857
67866
67901
67915
67923
67938
67961
67967
67972
67984
67984
67996
67998
68006
68009
68023
68024
68029
68032
68034
68047
68059
68064
68075
68083
68084
68086
68089
68127
68138
68140
68145
68147
68167
68182
68184
68187
68188
68199
68204
68213
68214
68216
68218
68221
68224
68229
68233
68246
68248
68250
68252
68254
68261
68266
68270
68280
68287
68292
68295
68297
68303
68307
68308
68309
68316
68325
68335
68361
68372
68385
68411
68411
68442
68453
68468
68474
68477
68481
68492
68495
68505
68537
68553
68565
68565
68590
68625
68626
68639
68648
68648
68653
68654
68678
68690
68708
68710
68716
68723
68742
68743
68747
68759
68772
68783
68811
68825
68829
68846
68855
68866
68867
68877
68881
68891
68899
68901
68901
68909
68911
68916
68926
68965
68965
68968
68972
68974
68989
68991
68992
69000
69008
69013
69022
69046
69055
69056
69057
69066
69067
69076
69076
69086
69087
69092
69100
69109
69111
69124
69137
69140
69141
69147
69162
69170
69198
69205
69206
69209
69217
69222
69241
69261
69264
69267
69289
69295
69296
69309
69309
69341
69342
69356
69370
69384
69388
69389
69411
69421
69425
69446
69452
69456
69456
69463
69472
69478
69490
69502
69506
69514
69517
69534
69536
69588
69592
69606
69615
69625
69633
69633
69637
69638
69652
69676
69690
69702
69702
69707
69718
69742
69747
69751
69751
69751
69761
69777
69803
69807
69846
69849
69857
69875
69888
69891
69896
69906
69916
69919
69920
69930
69937
69946
69947
69968
69970
69982
69998
70008
70009
70018
70023
70025
70029
70059
70064
70080
70112
70117
70125
70129
70138
70140
70142
70176
70199
70208
70215
70225
70228
70238
70239
70240
70260
70264
70268
70277
70291
70292
70312
70317
70320
70339
70348
70375
70402
70422
70424
70425
70431
70431
70436
70446
70449
70463
70474
70476
70482
70483
70490
70491
70508
70532
70533
70535
70538
70540
70543
70544
70572
70572
70581
70591
70594
70604
70616
70626
70631
70633
70648
70651
70656
70658
70660
70668
70687
70703
70703
70705
70715
70722
70722
70724
70733
70733
70737
70757
70765
70777
70778
70782
70797
70807
70813
70836
70853
70875
70884
70906
70907
70908
70912
70916
70923
70926
70945
70950
70978
70986
70987
70999
71027
71033
71035
71056
71067
71081
71081
71088
71099
71103
71110
71112
71118
71123
71144
71149
71160
71167
71171
71181
71206
71209
71212
71224
71226
71253
71286
71308
71314
71322
71328
71336
71338
71365
71378
71379
71398
71412
71417
71418
71425
71441
71446
71449
71470
71470
71491
71493
71496
71504
71514
71519
71553
71559
71563
71586
71596
71625
71629
71630
71671
71679
71723
71735
71744
71754
71763
71784
71794
71821
71832
71870
71910
71919
71950
71955
71955
71969
72004
72009
72022
72028
72042
72054
72056
72059
72064
72072
72077
72078
72084
72098
72111
72112
72121
72126
72128
72129
72132
72143
72150
72150
72160
72160
72160
72168
72169
72185
72186
72187
72194
72196
72204
72256
72275
72276
72283
72292
72294
72297
72300
72341
72366
72371
72373
72386
72392
72419
72432
72464
72468
72481
72483
72487
72491
72497
72510
72530
72542
72545
72554
72558
72559
72562
72563
72569
72572
72573
72582
72590
72603
72609
72617
72618
72643
72645
72659
72667
72679
72679
72680
72688
72716
72720
72741
72742
72749
72753
72754
72755
72757
72765
72774
72781
72800
72801
72811
72816
72830
72851
72869
72876
72877
72877
72887
72911
72921
72952
72954
72984
72986
72999
73007
73011
73012
73045
73047
73062
73083
73091
73094
73102
73103
73139
73146
73147
73173
73177
73209
73222
73224
73231
73243
73252
73260
73260
73261
73269
73273
73274
73280
73297
73311
73311
73315
73316
73322
73328
73362
73368
73369
73377
73387
73392
73397
73421
73427
73438
73449
73451
73467
73488
73495
73499
73516
73534
73538
73553
73566
73580
73587
73611
73615
73626
73669
73688
73696
73709
73712
73740
73761
73778
73794
73794
73814
73839
73848
73849
73853
73864
73873
73900
73901
73909
73950
73964
73978
73979
73980
73982
74008
74036
74055
74057
74059
74067
74072
74073
74079
74082
74094
74096
74101
74107
74111
74112
74120
74120
74141
74143
74145
74145
74179
74192
74198
74231
74241
74261
74266
74275
74278
74290
74304
74323
74344
74349
74362
74378
74384
74388
74391
74394
74397
74417
74418
74426
74445
74453
74454
74473
74492
74501
74502
74510
74530
74564
74575
74584
74586
74613
74632
74638
74651
74662
74679
74702
74720
74724
74732
74735
74749
74759
74784
74790
74796
74817
74828
74830
74833
74840
74845
74851
74851
74865
74878
74881
74897
74900
74901
74908
74914
74927
74929
74944
74949
74951
74958
74963
74990
75004
75021
75036
75040
75040
75048
75050
75077
75082
75095
75116
75133
75139
75148
75186
75205
75215
75222
75225
75231
75241
75262
75283
75294
75304
75304
75318
75326
75335
75346
75355
75362
75368
75372
75398
75399
75406
75417
75425
75425
75441
75473
75473
75485
75498
75501
75504
75529
75532
75534
75538
75543
75561
75572
75584
75585
75606
75611
75627
75629
75641
75649
75649
75655
75669
75672
75684
75692
75696
75698
75705
75719
75723
75726
75760
75765
75775
75786
75800
75825
75829
75831
75847
75851
75863
75871
75876
75881
75885
75896
75901
75903
75912
75934
75942
75942
75946
75954
75958
75963
75974
75977
75979
75982
75986
76000
76001
76011
76012
76015
76034
76054
76057
76059
76060
76069
76100
76114
76127
76130
76131
76135
76156
76169
76177
76179
76221
76224
76228
76238
76253
76254
76262
76268
76310
76310
76318
76319
76319
76340
76340
76348
76349
76383
76395
76414
76419
76424
76469
76470
76488
76524
76540
76546
76557
76566
76571
76574
76576
76584
76610
76613
76614
76622
76638
76652
76656
76681
76697
76705
76715
76718
76730
76762
76781
76786
76792
76812
76865
76868
76871
76892
76892
76907
76914
76914
76934
76955
76975
76984
76999
77019
77032
77032
77055
77062
77095
77105
77106
77118
77122
77142
77149
77165
77183
77188
77190
77193
77211
77231
77234
77249
77268
77277
77277
77286
77288
77297
77315
77319
77324
77330
77330
77334
77335
77336
77336
77368
77369
77374
77378
77467
77469
77483
77493
77509
77510
77530
77560
77562
77568
77592
77600
77628
77641
77646
77659
77664
77686
77697
77700
77721
77726
77731
77739
77744
77747
77761
77765
77773
77774
77775
77781
77814
77821
77829
77832
77839
77903
77903
77906
77910
77911
77911
77925
77938
77941
77948
77953
77998
78004
78008
78018
78044
78048
78055
78058
78066
78075
78094
78095
78096
78101
78118
78124
78150
78174
78201
78203
78217
78242
78247
78262
78287
78288
78295
78378
78380
78384
78390
78400
78404
78423
78423
78456
78467
78477
78487
78502
78524
78564
78565
78579
78585
78587
78595
78609
78618
78622
78623
78644
78659
78667
78682
78689
78695
78705
78725
78726
78729
78732
78761
78767
78768
78783
78785
78800
78804
78820
78838
78843
78847
78849
78852
78859
78863
78866
78885
78885
78893
78896
78911
78927
78937
78939
78944
78949
78954
78982
78985
78990
79013
79013
79017
79018
79020
79026
79029
79053
79058
79074
79114
79128
79131
79131
79143
79151
79156
79158
79163
79163
79166
79169
79183
79192
79203
79206
79220
79221
79228
79231
79237
79247
79259
79261
79261
79269
79272
79274
79275
79275
79283
79303
79303
79307
79317
79326
79341
79359
79360
79372
79384
79406
79421
79421
79424
79428
79451
79451
79453
79473
79493
79504
79511
79525
79552
79567
79581
79582
79629
79642
79649
79650
79654
79667
79671
79677
79680
79710
79712
79719
79726
79729
79730
79737
79748
79762
79777
79780
79791
79793
79797
79823
79823
79824
79825
79844
79859
79864
79879
79881
79902
79908
79925
79938
79950
79966
79974
79976
79990
80008
80016
80028
80029
80097
80098
80099
80108
80109
80123
80130
80133
80148
80219
80224
80248
80255
80259
80287
80297
80316
80322
80324
80324
80327
80330
80333
80336
80341
80341
80345
80353
80353
80371
80377
80377
80380
80384
80398
80407
80427
80441
80448
80456
80483
80492
80493
80505
80508
80511
80514
80519
80525
80538
80544
80550
80551
80555
80568
80572
80586
80598
80604
80612
80624
80629
80631
80646
80655
80666
80667
80675
80680
80695
80722
80724
80726
80738
80749
80749
80755
80779
80790
80804
80825
80837
80848
80850
80854
80855
80861
80863
80897
80903
80918
80948
80952
80960
80970
80974
80995
80995
81030
81038
81038
81048
81076
81080
81080
81094
81094
81123
81144
81145
81156
81172
81173
81182
81182
81183
81188
81200
81201
81214
81219
81222
81243
81263
81289
81295
81312
81314
81330
81331
81334
81377
81397
81413
81420
81430
81440
81446
81450
81478
81492
81492
81493
81510
81512
81517
81525
81527
81533
81555
81562
81587
81589
81591
81599
81606
81609
81616
81631
81640
81647
81661
81678
81680
81717
81735
81743
81743
81759
81762
81777
81783
81794
81819
81833
81843
81845
81855
81856
81867
81876
81891
81900
81903
81912
81915
81924
81924
81925
81946
81966
81988
82001
82018
82021
82027
82031
82038
82042
82051
82069
82079
82083
82091
82105
82130
82139
82168
82172
82175
82186
82194
82197
82208
82209
82216
82225
82230
82230
82248
82256
82261
82270
82274
82279
82288
82314
82320
82325
82331
82332
82338
82350
82351
82361
82371
82390
82394
82406
82419
82423
82427
82431
82476
82480
82483
82497
82525
82529
82530
82533
82535
82539
82542
82559
82581
82588
82589
82590
82593
82609
82617
82622
82632
82640
82641
82678
82678
82696
82705
82731
82733
82735
82738
82743
82745
82749
82752
82760
82763
82766
82795
82796
82807
82830
82875
82879
82884
82897
82899
82905
82910
82910
82916
82945
82963
82978
82984
82992
82994
83035
83042
83068
83084
83094
83110
83117
83119
83122
83135
83137
83137
83139
83140
83144
83156
83169
83171
83174
83205
83209
83233
83242
83244
83256
83272
83279
83285
83294
83317
83319
83338
83347
83391
83402
83414
83426
83428
83432
83434
83434
83444
83450
83452
83454
83466
83473
83474
83486
83491
83492
83495
83497
83507
83519
83527
83527
83529
83544
83555
83590
83609
83613
83629
83642
83650
83660
83675
83679
83687
83698
83699
83699
83712
83718
83727
83734
83756
83792
83803
83803
83808
83814
83818
83837
83838
83845
83853
83871
83886
83907
83943
83963
83973
83985
83991
83998
84004
84005
84009
84010
84014
84017
84027
84035
84041
84058
84064
84102
84137
84154
84177
84212
84215
84226
84266
84287
84288
84297
84306
84324
84339
84363
84375
84380
84383
84386
84387
84389
84393
84415
84421
84432
84437
84449
84450
84459
84462
84478
84479
84495
84498
84507
84510
84532
84536
84551
84554
84555
84579
84607
84614
84628
84638
84642
84643
84652
84668
84676
84702
84714
84722
84733
84755
84764
84771
84781
84793
84796
84832
84832
84836
84837
84839
84843
84872
84876
84876
84896
84905
84916
84921
84929
84939
84940
84947
84960
84964
84965
84968
84969
84969
84985
84986
84987
85005
85007
85038
85049
85049
85057
85066
85067
85068
85078
85106
85108
85124
85132
85138
85138
85143
85143
85145
85160
85166
85179
85183
85193
85202
85204
85221
85223
85231
85252
85262
85266
85289
85291
85297
85303
85303
85333
85342
85348
85403
85407
85425
85440
85441
85456
85462
85487
85501
85502
85511
85513
85516
85527
85529
85551
85578
85583
85587
85593
85602
85624
85631
85658
85662
85683
85728
85732
85738
85775
85785
85833
85842
85846
85849
85851
85854
85861
85868
85870
85876
85889
85912
85916
85940
85947
85955
85976
85984
85985
85985
85991
86008
86015
86016
86031
86033
86037
86039
86041
86053
86067
86072
86083
86098
86107
86118
86126
86130
86136
86151
86156
86164
86188
86192
86195
86197
86227
86227
86229
86235
86240
86263
86278
86283
86289
86289
86299
86305
86324
86330
86331
86343
86371
86391
86400
86419
86432
86439
86444
86449
86455
86468
86481
86487
86502
86503
86506
86506
86510
86510
86512
86530
86532
86546
86560
86567
86587
86608
86616
86641
86642
86654
86655
86661
86661
86671
86672
86675
86714
86715
86718
86720
86722
86735
86753
86773
86775
86776
86788
86789
86814
86817
86825
86825
86849
86853
86854
86860
86871
86871
86874
86885
86890
86891
86895
86904
86909
86910
86930
86933
86951
86973
86974
86989
86989
87005
87005
87019
87029
87032
87037
87038
87046
87071
87081
87085
87098
87104
87121
87122
87130
87166
87175
87181
87192
87199
87201
87202
87226
87246
87261
87265
87266
87266
87269
87273
87278
87282
87284
87287
87292
87303
87305
87310
87319
87331
87335
87359
87365
87376
87376
87379
87390
87401
87406
87416
87425
87430
87432
87443
87467
87491
87493
87501
87506
87507
87508
87508
87530
87547
87574
87606
87610
87615
87618
87630
87671
87689
87720
87731
87738
87743
87746
87747
87753
87758
87767
87776
87780
87798
87799
87801
87811
87818
87837
87861
87879
87885
87889
87908
87911
87914
87918
87940
87954
88001
88005
88021
88037
88039
88047
88049
88088
88124
88135
88184
88194
88230
88240
88262
88266
88267
88279
88280
88282
88292
88293
88298
88324
88342
88362
88373
88375
88375
88391
88393
88397
88404
88416
88421
88441
88445
88446
88448
88449
88474
88474
88507
88514
88518
88540
88575
88601
88602
88630
88630
88633
88640
88642
88645
88672
88682
88684
88696
88697
88701
88703
88723
88724
88725
88727
88736
88738
88770
88773
88805
88806
88813
88832
88833
88838
88843
88859
88862
88874
88898
88899
88902
88905
88907
88944
88947
88947
88951
88973
88974
88986
88994
88995
89028
89037
89054
89058
89060
89076
89082
89085
89092
89093
89128
89138
89145
89153
89153
89158
89158
89165
89165
89167
89179
89183
89242
89252
89253
89267
89275
89294
89298
89302
89303
89319
89321
89324
89344
89349
89349
89355
89360
89364
89370
89370
89372
89381
89387
89401
89405
89436
89444
89454
89456
89469
89480
89484
89485
89488
89524
89526
89530
89541
89562
89567
89581
89583
89594
89600
89603
89616
89621
89631
89646
89662
89671
89675
89696
89701
89703
89724
89731
89736
89741
89752
89767
89774
89786
89793
89797
89800
89806
89813
89818
89818
89824
89830
89839
89843
89843
89862
89868
89875
89877
89889
89919
89927
89940
89943
89946
89953
89972
89980
89980
89981
89983
89986
89987
89987
89989
89994
89996
90007
90029
90031
90047
90047
90048
90063
90087
90088
90106
90107
90111
90138
90143
90149
90163
90176
90185
90186
90194
90197
90207
90218
90218
90227
90227
90239
90244
90250
90250
90317
90338
90353
90355
90360
90360
90367
90368
90411
90417
90432
90446
90480
90492
90524
90527
90529
90532
90538
90546
90556
90572
90583
90586
90609
90614
90620
90634
90639
90686
90694
90696
90718
90726
90733
90739
90748
90756
90761
90772
90788
90791
90828
90840
90853
90897
90903
90914
90917
90927
90941
90946
90950
90952
90953
90956
90958
90958
90964
91006
91012
91018
91024
91046
91057
91071
91073
91080
91092
91094
91095
91106
91110
91119
91127
91138
91139
91139
91147
91147
91149
91169
91170
91176
91181
91184
91184
91195
91231
91240
91240
91242
91252
91254
91257
91260
91264
91275
91291
91294
91299
91328
91360
91372
91383
91385
91391
91393
91395
91396
91413
91417
91431
91435
91441
91467
91467
91512
91516
91529
91544
91561
91563
91569
91575
91581
91582
91587
91592
91602
91605
91608
91611
91613
91629
91630
91639
91643
91659
91686
91688
91699
91700
91700
91700
91704
91707
91726
91738
91763
91767
91774
91785
91785
91787
91790
91805
91834
91849
91853
91861
91878
91889
91908
91910
91923
91952
91953
92000
92002
92010
92020
92022
92052
92054
92057
92057
92064
92074
92081
92095
92108
92112
92117
92117
92120
92130
92157
92162
92166
92181
92183
92193
92194
92199
92208
92218
92227
92227
92238
92245
92248
92264
92266
92291
92293
92298
92298
92302
92308
92310
92312
92314
92337
92346
92351
92375
92378
92407
92413
92422
92435
92451
92464
92480
92489
92491
92498
92511
92514
92527
92529
92535
92537
92543
92544
92544
92545
92557
92564
92567
92588
92616
92655
92658
92661
92667
92673
92685
92689
92701
92705
92725
92737
92741
92746
92756
92789
92794
92796
92799
92827
92832
92834
92841
92843
92852
92857
92858
92864
92879
92893
92895
92907
92918
92930
92934
92937
92947
92948
92949
92955
92976
92992
92995
92998
93017
93023
93040
93065
93065
93084
93086
93093
93096
93108
93114
93117
93123
93127
93138
93151
93158
93163
93172
93188
93190
93236
93249
93252
93255
93256
93257
93259
93268
93275
93277
93280
93305
93327
93329
93329
93333
93337
93350
93354
93363
93367
93374
93411
93415
93417
93444
93446
93450
93461
93461
93463
93467
93497
93502
93529
93535
93551
93560
93574
93575
93577
93611
93615
93645
93696
93699
93726
93728
93733
93735
93745
93757
93759
93774
93776
93784
93807
93809
93829
93857
93864
93878
93885
93899
93901
93904
93958
93967
93973
93998
94008
94019
94022
94037
94039
94048
94064
94074
94117
94124
94139
94139
94145
94154
94169
94179
94194
94211
94217
94226
94238
94247
94249
94258
94262
94300
94329
94329
94330
94342
94347
94351
94354
94366
94372
94378
94392
94397
94397
94404
94420
94425
94433
94444
94452
94458
94464
94470
94482
94498
94502
94507
94516
94521
94529
94532
94538
94548
94550
94550
94557
94565
94582
94589
94601
94622
94624
94649
94657
94680
94704
94722
94727
94732
94740
94744
94751
94751
94760
94803
94803
94812
94821
94840
94842
94846
94850
94856
94857
94862
94893
94895
94910
94911
94914
94915
94917
94919
94928
94944
94965
94974
94996
94998
95006
95021
95038
95049
95051
95065
95093
95095
95103
95135
95142
95244
95248
95259
95260
95265
95289
95297
95312
95318
95327
95344
95385
95387
95394
95403
95412
95413
95455
95497
95532
95534
95543
95581
95584
95601
95601
95611
95611
95615
95620
95641
95663
95681
95681
95711
95713
95727
95746
95748
95772
95797
95803
95807
95824
95834
95844
95857
95879
95880
95897
95946
95959
95961
95984
95994
95999
96002
96008
96014
96022
96028
96032
96039
96041
96053
96054
96058
96065
96083
96105
96115
96125
96158
96178
96182
96190
96212
96288
96292
96297
96301
96323
96372
96388
96392
96393
96393
96401
96420
96421
96430
96440
96461
96491
96504
96526
96533
96536
96543
96553
96597
96601
96607
96610
96628
96634
96634
96645
96648
96651
96660
96663
96670
96670
96672
96699
96704
96740
96768
96769
96786
96807
96811
96820
96822
96827
96829
96830
96841
96843
96867
96868
96885
96895
96896
96898
96903
96911
96923
96933
96939
96942
96947
96947
96958
96958
96960
96967
96971
96982
96990
96995
97000
97009
97020
97030
97032
97042
97047
97060
97077
97085
97086
97087
97091
97094
97100
97103
97104
97106
97114
97119
97120
97122
97136
97144
97173
97191
97200
97203
97205
97219
97229
97231
97236
97238
97269
97279
97287
97292
97300
97321
97326
97348
97348
97350
97363
97377
97387
97410
97415
97425
97449
97484
97501
97526
97527
97537
97538
97558
97571
97583
97593
97594
97596
97602
97608
97632
97641
97656
97668
97675
97695
97712
97714
97740
97743
97746
97752
97790
97810
97823
97824
97848
97850
97860
97863
97885
97897
97920
97921
97930
97933
97940
97967
97974
97994
98000
98002
98026
98030
98045
98069
98073
98078
98106
98111
98136
98140
98146
98153
98154
98166
98169
98196
98200
98204
98208
98212
98218
98239
98247
98293
98297
98302
98307
98324
98344
98346
98361
98373
98408
98416
98420
98422
98425
98428
98431
98433
98461
98466
98468
98476
98478
98481
98486
98497
98513
98515
98515
98519
98520
98530
98535
98536
98536
98545
98559
98559
98560
98562
98579
98585
98594
98625
98630
98634
98641
98644
98654
98660
98666
98678
98679
98681
98684
98693
98707
98707
98720
98722
98740
98745
98753
98756
98766
98767
98774
98782
98792
98800
98846
98854
98886
98891
98894
98904
98905
98908
98909
98912
98936
98937
98940
98946
98956
98981
99009
99017
99023
99025
99046
99047
99052
99061
99085
99095
99122
99123
99133
99134
99135
99148
99150
99176
99182
99185
99204
99212
99214
99214
99223
99232
99234
99245
99258
99261
99264
99273
99273
99275
99285
99308
99308
99311
99349
99355
99363
99363
99382
99385
99386
99387
99413
99417
99432
99432
99447
99448
99449
99451
99460
99477
99486
99486
99497
99498
99506
99508
99510
99524
99527
99538
99546
99551
99568
99575
99602
99602
99608
99610
99627
99632
99641
99641
99649
99654
99661
99683
99691
99695
99702
99708
99728
99742
99748
99768
99769
99777
99779
99800
99809
99810
99825
99828
99834
99849
99865
99871
99877
99889
99898
99898
99906
99921
99937
99937
99961
99998
